
{"StandardScaler": "type", "WANDB_AUTH_KEY": "NoneType", "XGBRegressor": "type", "X_test": "DataFrame", "X_test_scaled": "ndarray", "X_train": "DataFrame", "X_train_scaled": "ndarray", "ax": "Axes3DSubplot", "cross_val_score": "function", "data": "DataFrame", "determine_extrapolation_strength": "function", "extrapolation_1_df": "DataFrame", "extrapolation_2_df": "DataFrame", "fig": "Figure", "get_ipython": "function", "identify_extrapolating_variables": "function", "load_dotenv": "function", "mean_absolute_error": "function", "mean_squared_error": "function", "np": "module", "optuna": "module", "os": "module", "pd": "module", "plt": "module", "r2_score": "function", "scaler_X": "StandardScaler", "scaler_y": "StandardScaler", "test_df": "DataFrame", "train_df": "DataFrame", "train_range": "dict", "unique_extrapolating_vars_1": "Series", "unique_extrapolating_vars_2": "Series", "wandb": "module", "y_test": "Series", "y_test_scaled": "ndarray", "y_train": "Series", "y_train_scaled": "ndarray"}
{"StandardScaler": "type", "WANDB_AUTH_KEY": "NoneType", "XGBRegressor": "type", "X_test": "DataFrame", "X_test_scaled": "ndarray", "X_train": "DataFrame", "X_train_scaled": "ndarray", "ax": "Axes3DSubplot", "cross_val_score": "function", "data": "DataFrame", "determine_extrapolation_strength": "function", "extrapolation_1_df": "DataFrame", "extrapolation_2_df": "DataFrame", "fig": "Figure", "get_ipython": "function", "identify_extrapolating_variables": "function", "load_dotenv": "function", "mean_absolute_error": "function", "mean_squared_error": "function", "np": "module", "optuna": "module", "os": "module", "pd": "module", "plt": "module", "r2_score": "function", "scaler_X": "StandardScaler", "scaler_y": "StandardScaler", "test_df": "DataFrame", "train_df": "DataFrame", "train_range": "dict", "unique_extrapolating_vars_1": "Series", "unique_extrapolating_vars_2": "Series", "wandb": "module", "y_test": "Series", "y_test_scaled": "ndarray", "y_train": "Series", "y_train_scaled": "ndarray"}
{"StandardScaler": "type", "WANDB_AUTH_KEY": "NoneType", "XGBRegressor": "type", "X_test": "DataFrame", "X_test_scaled": "ndarray", "X_train": "DataFrame", "X_train_scaled": "ndarray", "ax": "Axes3DSubplot", "cross_val_score": "function", "data": "DataFrame", "determine_extrapolation_strength": "function", "extrapolation_1_df": "DataFrame", "extrapolation_2_df": "DataFrame", "fig": "Figure", "get_ipython": "function", "identify_extrapolating_variables": "function", "load_dotenv": "function", "mean_absolute_error": "function", "mean_squared_error": "function", "np": "module", "optuna": "module", "os": "module", "pd": "module", "plt": "module", "r2_score": "function", "scaler_X": "StandardScaler", "scaler_y": "StandardScaler", "test_df": "DataFrame", "train_df": "DataFrame", "train_range": "dict", "unique_extrapolating_vars_1": "Series", "unique_extrapolating_vars_2": "Series", "wandb": "module", "y_test": "Series", "y_test_scaled": "ndarray", "y_train": "Series", "y_train_scaled": "ndarray"}
[I 2024-01-25 13:39:41,840] A new study created in memory with name: no-name-0f4d8d82-529b-44e5-a242-1f60992e6c66
[I 2024-01-25 13:39:42,906] Trial 0 finished with value: -0.23052481383219484 and parameters: {'n_estimators': 346, 'max_depth': 46, 'min_child_weight': 5.13043703567173, 'gamma': 7.408142433603652, 'subsample': 0.727234495771322, 'colsample_bytree': 0.9633840030596106, 'learning_rate': 0.06405535322067216}. Best is trial 0 with value: -0.23052481383219484.
[I 2024-01-25 13:39:43,734] Trial 1 finished with value: -0.1756683939970501 and parameters: {'n_estimators': 762, 'max_depth': 9, 'min_child_weight': 7.143379191004933, 'gamma': 2.9818872770428193, 'subsample': 0.5749532973113565, 'colsample_bytree': 0.6942983752199867, 'learning_rate': 0.04409203994175454}. Best is trial 1 with value: -0.1756683939970501.
[I 2024-01-25 13:39:44,453] Trial 2 finished with value: -0.15064456042147084 and parameters: {'n_estimators': 829, 'max_depth': 32, 'min_child_weight': 8.56573549628661, 'gamma': 1.5326458428521073, 'subsample': 0.5801521012306505, 'colsample_bytree': 0.679152559206549, 'learning_rate': 0.06741101356401023}. Best is trial 2 with value: -0.15064456042147084.
[I 2024-01-25 13:39:44,679] Trial 3 finished with value: -0.20030340684866804 and parameters: {'n_estimators': 183, 'max_depth': 40, 'min_child_weight': 9.961128186298033, 'gamma': 4.198308056557226, 'subsample': 0.9797369844477937, 'colsample_bytree': 0.7990416291429628, 'learning_rate': 0.0644874513063991}. Best is trial 2 with value: -0.15064456042147084.
[I 2024-01-25 13:39:45,057] Trial 4 finished with value: -0.1673527893914318 and parameters: {'n_estimators': 447, 'max_depth': 12, 'min_child_weight': 1.6444178118164698, 'gamma': 3.595883983194418, 'subsample': 0.8978866675486468, 'colsample_bytree': 0.8129748752307343, 'learning_rate': 0.09461719783234661}. Best is trial 2 with value: -0.15064456042147084.
[I 2024-01-25 13:39:45,842] Trial 5 finished with value: -0.1871763278216711 and parameters: {'n_estimators': 968, 'max_depth': 39, 'min_child_weight': 4.167219533294549, 'gamma': 5.221519035748889, 'subsample': 0.7290773014739511, 'colsample_bytree': 0.9525715927036823, 'learning_rate': 0.08307637217031379}. Best is trial 2 with value: -0.15064456042147084.
[I 2024-01-25 13:39:46,494] Trial 6 finished with value: -0.13197348600774378 and parameters: {'n_estimators': 511, 'max_depth': 23, 'min_child_weight': 2.3906103298542485, 'gamma': 1.425205555899991, 'subsample': 0.7403070415416849, 'colsample_bytree': 0.7290780642395347, 'learning_rate': 0.045848361049742804}. Best is trial 6 with value: -0.13197348600774378.
[I 2024-01-25 13:39:46,898] Trial 7 finished with value: -0.18709417987615584 and parameters: {'n_estimators': 570, 'max_depth': 47, 'min_child_weight': 1.3711623572504064, 'gamma': 4.321597552585191, 'subsample': 0.9414972883290261, 'colsample_bytree': 0.9403325017041028, 'learning_rate': 0.07850660981665031}. Best is trial 6 with value: -0.13197348600774378.
[I 2024-01-25 13:39:46,958] Trial 8 finished with value: -0.920923185397101 and parameters: {'n_estimators': 17, 'max_depth': 25, 'min_child_weight': 8.415783932675, 'gamma': 9.609807916728148, 'subsample': 0.7343308137557398, 'colsample_bytree': 0.8087964190607548, 'learning_rate': 0.014179252065392023}. Best is trial 6 with value: -0.13197348600774378.
[I 2024-01-25 13:39:47,547] Trial 9 finished with value: -0.2854910660779952 and parameters: {'n_estimators': 685, 'max_depth': 36, 'min_child_weight': 8.931816284385398, 'gamma': 9.866165962291747, 'subsample': 0.5349121051234924, 'colsample_bytree': 0.8322580359392522, 'learning_rate': 0.09335566972964629}. Best is trial 6 with value: -0.13197348600774378.
[I 2024-01-25 13:39:47,995] Trial 10 finished with value: -0.08774514281728522 and parameters: {'n_estimators': 304, 'max_depth': 22, 'min_child_weight': 3.3638759906930917, 'gamma': 0.10951158414945183, 'subsample': 0.8392645118566711, 'colsample_bytree': 0.502002129397375, 'learning_rate': 0.031149018721218048}. Best is trial 10 with value: -0.08774514281728522.
[I 2024-01-25 13:39:48,435] Trial 11 finished with value: -0.08772419347036556 and parameters: {'n_estimators': 323, 'max_depth': 19, 'min_child_weight': 3.0277536972891426, 'gamma': 0.2085308863754609, 'subsample': 0.8390972148685735, 'colsample_bytree': 0.5341740766838985, 'learning_rate': 0.03234693746717904}. Best is trial 11 with value: -0.08772419347036556.
[I 2024-01-25 13:39:49,076] Trial 12 finished with value: -0.10592976943978816 and parameters: {'n_estimators': 302, 'max_depth': 17, 'min_child_weight': 3.239253124761886, 'gamma': 0.0332743471138813, 'subsample': 0.8493865280288317, 'colsample_bytree': 0.5005348120224098, 'learning_rate': 0.02289943027680174}. Best is trial 11 with value: -0.08772419347036556.
[I 2024-01-25 13:39:49,385] Trial 13 finished with value: -0.20012857573510043 and parameters: {'n_estimators': 156, 'max_depth': 2, 'min_child_weight': 3.7625935039797582, 'gamma': 0.313999854022712, 'subsample': 0.832456810804399, 'colsample_bytree': 0.5117842016378165, 'learning_rate': 0.030817816069201857}. Best is trial 11 with value: -0.08772419347036556.
[I 2024-01-25 13:39:49,846] Trial 14 finished with value: -0.37356485474313333 and parameters: {'n_estimators': 301, 'max_depth': 20, 'min_child_weight': 5.820863006113357, 'gamma': 2.107736585377789, 'subsample': 0.8149318527204402, 'colsample_bytree': 0.606201840324843, 'learning_rate': 0.007364761840240732}. Best is trial 11 with value: -0.08772419347036556.
[I 2024-01-25 13:39:50,051] Trial 15 finished with value: -0.2467162280148733 and parameters: {'n_estimators': 148, 'max_depth': 29, 'min_child_weight': 5.102936549026805, 'gamma': 5.747917925627686, 'subsample': 0.6662081890527592, 'colsample_bytree': 0.5878554155752058, 'learning_rate': 0.0327947116776553}. Best is trial 11 with value: -0.08772419347036556.
[I 2024-01-25 13:39:50,594] Trial 16 finished with value: -0.5750899682094088 and parameters: {'n_estimators': 420, 'max_depth': 13, 'min_child_weight': 2.710920541820276, 'gamma': 0.9642200911598967, 'subsample': 0.8888203476825186, 'colsample_bytree': 0.5806076278047492, 'learning_rate': 0.002894264097766403}. Best is trial 11 with value: -0.08772419347036556.
[I 2024-01-25 13:39:50,683] Trial 17 finished with value: -0.8659945836436987 and parameters: {'n_estimators': 15, 'max_depth': 5, 'min_child_weight': 4.416317037849645, 'gamma': 2.532823308657492, 'subsample': 0.8191537629285046, 'colsample_bytree': 0.6327155906088056, 'learning_rate': 0.03470518374903266}. Best is trial 11 with value: -0.08772419347036556.
[I 2024-01-25 13:39:51,229] Trial 18 finished with value: -0.2128087506777999 and parameters: {'n_estimators': 586, 'max_depth': 18, 'min_child_weight': 5.921596860566032, 'gamma': 6.498190265679574, 'subsample': 0.6460843165957337, 'colsample_bytree': 0.5483299274118125, 'learning_rate': 0.01935877971326224}. Best is trial 11 with value: -0.08772419347036556.
[I 2024-01-25 13:39:51,521] Trial 19 finished with value: -0.22645083483273504 and parameters: {'n_estimators': 252, 'max_depth': 31, 'min_child_weight': 2.4391170220962515, 'gamma': 8.33713321157244, 'subsample': 0.8988529751040184, 'colsample_bytree': 0.6522337612972221, 'learning_rate': 0.05192184354884995}. Best is trial 11 with value: -0.08772419347036556.
[I 2024-01-25 13:39:51,901] Trial 20 finished with value: -0.09721987912011407 and parameters: {'n_estimators': 386, 'max_depth': 26, 'min_child_weight': 6.721191183247596, 'gamma': 0.7796179317362276, 'subsample': 0.7860212156732713, 'colsample_bytree': 0.5309872218875196, 'learning_rate': 0.05416429835134028}. Best is trial 11 with value: -0.08772419347036556.
[I 2024-01-25 13:39:52,333] Trial 21 finished with value: -0.09649115913037827 and parameters: {'n_estimators': 386, 'max_depth': 26, 'min_child_weight': 7.024061756084567, 'gamma': 0.7129303614538346, 'subsample': 0.7917947912448796, 'colsample_bytree': 0.5514913734074304, 'learning_rate': 0.05211644183727549}. Best is trial 11 with value: -0.08772419347036556.
[I 2024-01-25 13:39:52,990] Trial 22 finished with value: -0.0790229007832314 and parameters: {'n_estimators': 474, 'max_depth': 21, 'min_child_weight': 7.31678767284086, 'gamma': 0.021636605049545315, 'subsample': 0.7692994645469993, 'colsample_bytree': 0.5626163789113361, 'learning_rate': 0.039364808218592576}. Best is trial 22 with value: -0.0790229007832314.
[I 2024-01-25 13:39:53,533] Trial 23 finished with value: -0.1210329508787427 and parameters: {'n_estimators': 502, 'max_depth': 14, 'min_child_weight': 3.4305184662384547, 'gamma': 1.951471355543564, 'subsample': 0.6657342921310084, 'colsample_bytree': 0.5647649153317564, 'learning_rate': 0.03813978959952462}. Best is trial 22 with value: -0.0790229007832314.
[I 2024-01-25 13:39:54,024] Trial 24 finished with value: -0.1199105776852774 and parameters: {'n_estimators': 240, 'max_depth': 21, 'min_child_weight': 7.926917048853848, 'gamma': 0.18896965459382492, 'subsample': 0.8670185269961653, 'colsample_bytree': 0.6064240268281952, 'learning_rate': 0.024953077252014316}. Best is trial 22 with value: -0.0790229007832314.
[I 2024-01-25 13:39:54,654] Trial 25 finished with value: -0.14379680903584038 and parameters: {'n_estimators': 664, 'max_depth': 18, 'min_child_weight': 4.642485093645559, 'gamma': 3.2207204565506755, 'subsample': 0.9428865146798242, 'colsample_bytree': 0.5030844517595887, 'learning_rate': 0.013123452753786936}. Best is trial 22 with value: -0.0790229007832314.
[I 2024-01-25 13:39:55,155] Trial 26 finished with value: -0.13281858533205976 and parameters: {'n_estimators': 459, 'max_depth': 10, 'min_child_weight': 1.9359392215206064, 'gamma': 1.2402213324188238, 'subsample': 0.7775106266487911, 'colsample_bytree': 0.8870789626993946, 'learning_rate': 0.027114938854250266}. Best is trial 22 with value: -0.0790229007832314.
[I 2024-01-25 13:39:55,743] Trial 27 finished with value: -0.1327711435247323 and parameters: {'n_estimators': 567, 'max_depth': 16, 'min_child_weight': 6.438608597679831, 'gamma': 2.442285812467936, 'subsample': 0.693761820193002, 'colsample_bytree': 0.641810473951762, 'learning_rate': 0.04105826566288875}. Best is trial 22 with value: -0.0790229007832314.
[I 2024-01-25 13:39:55,960] Trial 28 finished with value: -0.2913513021797255 and parameters: {'n_estimators': 104, 'max_depth': 22, 'min_child_weight': 7.728406887185887, 'gamma': 1.731656809718651, 'subsample': 0.7687494000839957, 'colsample_bytree': 0.7345024942268281, 'learning_rate': 0.019035425438279706}. Best is trial 22 with value: -0.0790229007832314.
[I 2024-01-25 13:39:56,265] Trial 29 finished with value: -0.21168758993230483 and parameters: {'n_estimators': 341, 'max_depth': 50, 'min_child_weight': 5.209759301707102, 'gamma': 7.373458620635408, 'subsample': 0.8609592053909243, 'colsample_bytree': 0.5435052036240873, 'learning_rate': 0.05833476155986617}. Best is trial 22 with value: -0.0790229007832314.
[I 2024-01-25 13:39:56,684] Trial 30 finished with value: -0.08585797701685809 and parameters: {'n_estimators': 262, 'max_depth': 28, 'min_child_weight': 2.942108303410553, 'gamma': 0.03121995904906119, 'subsample': 0.9387391295978527, 'colsample_bytree': 0.6073668273811665, 'learning_rate': 0.037695444758816046}. Best is trial 22 with value: -0.0790229007832314.
[I 2024-01-25 13:39:56,976] Trial 31 finished with value: -0.1000330985553736 and parameters: {'n_estimators': 236, 'max_depth': 28, 'min_child_weight': 2.9173976405558872, 'gamma': 0.6533483306581527, 'subsample': 0.9909355841530089, 'colsample_bytree': 0.5943044383803346, 'learning_rate': 0.03866527993032895}. Best is trial 22 with value: -0.0790229007832314.
[I 2024-01-25 13:39:57,483] Trial 32 finished with value: -0.10486814120998571 and parameters: {'n_estimators': 321, 'max_depth': 34, 'min_child_weight': 3.6919354143842775, 'gamma': 0.17637788333076004, 'subsample': 0.9322365303879326, 'colsample_bytree': 0.6823196759952901, 'learning_rate': 0.04636573182343935}. Best is trial 22 with value: -0.0790229007832314.
[I 2024-01-25 13:39:57,667] Trial 33 finished with value: -0.24953296240876313 and parameters: {'n_estimators': 90, 'max_depth': 24, 'min_child_weight': 2.207909818449785, 'gamma': 1.1725667701356326, 'subsample': 0.9264494928363559, 'colsample_bytree': 0.5395689459771564, 'learning_rate': 0.03312330631921319}. Best is trial 22 with value: -0.0790229007832314.
[I 2024-01-25 13:39:58,067] Trial 34 finished with value: -0.09047267386311483 and parameters: {'n_estimators': 213, 'max_depth': 29, 'min_child_weight': 1.2315622505947958, 'gamma': 0.006389831120464259, 'subsample': 0.8137137641163672, 'colsample_bytree': 0.617858195703998, 'learning_rate': 0.04207030179307196}. Best is trial 22 with value: -0.0790229007832314.
[I 2024-01-25 13:39:58,450] Trial 35 finished with value: -0.13786982254528354 and parameters: {'n_estimators': 376, 'max_depth': 20, 'min_child_weight': 3.026173769758359, 'gamma': 2.782971886605611, 'subsample': 0.9622183637260217, 'colsample_bytree': 0.5769839198883274, 'learning_rate': 0.028671239561055672}. Best is trial 22 with value: -0.0790229007832314.
[I 2024-01-25 13:39:58,779] Trial 36 finished with value: -0.11148356315854105 and parameters: {'n_estimators': 268, 'max_depth': 6, 'min_child_weight': 4.175999759812995, 'gamma': 1.529665101824522, 'subsample': 0.8844332485646459, 'colsample_bytree': 0.6616185316261876, 'learning_rate': 0.06060082831930909}. Best is trial 22 with value: -0.0790229007832314.
[I 2024-01-25 13:39:59,286] Trial 37 finished with value: -0.19648874819160062 and parameters: {'n_estimators': 469, 'max_depth': 41, 'min_child_weight': 9.844501113583982, 'gamma': 3.7311802355761445, 'subsample': 0.6964067799862659, 'colsample_bytree': 0.7093122535978325, 'learning_rate': 0.06843328475350553}. Best is trial 22 with value: -0.0790229007832314.
[I 2024-01-25 13:40:00,262] Trial 38 finished with value: -0.1140459149090863 and parameters: {'n_estimators': 807, 'max_depth': 32, 'min_child_weight': 4.758908555390436, 'gamma': 0.667935619278933, 'subsample': 0.7550822130877268, 'colsample_bytree': 0.99552807776859, 'learning_rate': 0.04652576721618441}. Best is trial 22 with value: -0.0790229007832314.
[I 2024-01-25 13:40:01,289] Trial 39 finished with value: -0.1481448349419322 and parameters: {'n_estimators': 991, 'max_depth': 37, 'min_child_weight': 2.1153470811342894, 'gamma': 2.1074795086085674, 'subsample': 0.8457348057909302, 'colsample_bytree': 0.7721216527399486, 'learning_rate': 0.03750480100891078}. Best is trial 22 with value: -0.0790229007832314.
[I 2024-01-25 13:40:01,725] Trial 40 finished with value: -0.3249629966984008 and parameters: {'n_estimators': 188, 'max_depth': 10, 'min_child_weight': 1.655340908595618, 'gamma': 4.40260650054558, 'subsample': 0.904397343426583, 'colsample_bytree': 0.5241051062471346, 'learning_rate': 0.014454633611722875}. Best is trial 22 with value: -0.0790229007832314.
[I 2024-01-25 13:40:02,180] Trial 41 finished with value: -0.09894528635807692 and parameters: {'n_estimators': 183, 'max_depth': 28, 'min_child_weight': 1.4457220047953072, 'gamma': 0.027318000235348014, 'subsample': 0.8047319889992649, 'colsample_bytree': 0.6225207685135699, 'learning_rate': 0.04269086038482792}. Best is trial 22 with value: -0.0790229007832314.
[I 2024-01-25 13:40:02,364] Trial 42 finished with value: -0.1867076550992243 and parameters: {'n_estimators': 89, 'max_depth': 23, 'min_child_weight': 1.2624404296176486, 'gamma': 0.5308681942119466, 'subsample': 0.830041875700829, 'colsample_bytree': 0.56887088337939, 'learning_rate': 0.043741103106339246}. Best is trial 22 with value: -0.0790229007832314.
[I 2024-01-25 13:40:02,824] Trial 43 finished with value: -0.15368598070099418 and parameters: {'n_estimators': 210, 'max_depth': 30, 'min_child_weight': 3.7901103260898443, 'gamma': 1.182529711688122, 'subsample': 0.7222655157400529, 'colsample_bytree': 0.6168304167648361, 'learning_rate': 0.02308428070321555}. Best is trial 22 with value: -0.0790229007832314.
[I 2024-01-25 13:40:03,410] Trial 44 finished with value: -0.11210902698207086 and parameters: {'n_estimators': 297, 'max_depth': 26, 'min_child_weight': 1.131579706769, 'gamma': 1.4609527659081358, 'subsample': 0.8678145633815789, 'colsample_bytree': 0.5224217457190427, 'learning_rate': 0.04759065607257964}. Best is trial 22 with value: -0.0790229007832314.
[I 2024-01-25 13:40:04,017] Trial 45 finished with value: -0.09345506055056418 and parameters: {'n_estimators': 344, 'max_depth': 15, 'min_child_weight': 2.547996983258961, 'gamma': 0.48254072724326175, 'subsample': 0.7579182608604955, 'colsample_bytree': 0.561684757242742, 'learning_rate': 0.03596548783413425}. Best is trial 22 with value: -0.0790229007832314.
[I 2024-01-25 13:40:05,709] Trial 46 finished with value: -0.07979426592303467 and parameters: {'n_estimators': 928, 'max_depth': 34, 'min_child_weight': 1.9723242287065461, 'gamma': 0.021491081672413127, 'subsample': 0.6169198491709241, 'colsample_bytree': 0.502639884719435, 'learning_rate': 0.03054251593818439}. Best is trial 22 with value: -0.0790229007832314.
[I 2024-01-25 13:40:06,805] Trial 47 finished with value: -0.09917787084308287 and parameters: {'n_estimators': 687, 'max_depth': 42, 'min_child_weight': 3.4269083105903944, 'gamma': 0.952478914103688, 'subsample': 0.5505751356516806, 'colsample_bytree': 0.5020169469917285, 'learning_rate': 0.028168519187781363}. Best is trial 22 with value: -0.0790229007832314.
[I 2024-01-25 13:40:08,220] Trial 48 finished with value: -0.11578726771887908 and parameters: {'n_estimators': 921, 'max_depth': 33, 'min_child_weight': 2.978093321998961, 'gamma': 1.699228011411382, 'subsample': 0.6027547761590194, 'colsample_bytree': 0.5270059321748617, 'learning_rate': 0.018546300779931725}. Best is trial 22 with value: -0.0790229007832314.
[I 2024-01-25 13:40:09,123] Trial 49 finished with value: -0.09077163071660228 and parameters: {'n_estimators': 908, 'max_depth': 37, 'min_child_weight': 1.78501905008084, 'gamma': 0.5285332944439354, 'subsample': 0.6297452023939418, 'colsample_bytree': 0.5871444714376434, 'learning_rate': 0.03238784849164057}. Best is trial 22 with value: -0.0790229007832314.
[I 2024-01-25 13:40:09,876] Trial 50 finished with value: -0.21265910471895744 and parameters: {'n_estimators': 517, 'max_depth': 19, 'min_child_weight': 9.347607591602856, 'gamma': 5.2323432435459765, 'subsample': 0.707532037175156, 'colsample_bytree': 0.5432694014344647, 'learning_rate': 0.022161562874215085}. Best is trial 22 with value: -0.0790229007832314.
