[I 2024-01-25 13:40:10,217] Trial 51 finished with value: -0.1261795375482496 and parameters: {'n_estimators': 135, 'max_depth': 35, 'min_child_weight': 2.6856347448917735, 'gamma': 0.1543011932811516, 'subsample': 0.8002620010964339, 'colsample_bytree': 0.5150472786053146, 'learning_rate': 0.04212164012722333}. Best is trial 22 with value: -0.0790229007832314.
[I 2024-01-25 13:40:10,613] Trial 52 finished with value: -0.11486489489104632 and parameters: {'n_estimators': 278, 'max_depth': 23, 'min_child_weight': 2.0526959765925037, 'gamma': 1.0012630848011363, 'subsample': 0.5063618234209846, 'colsample_bytree': 0.59722396191264, 'learning_rate': 0.032990554761501666}. Best is trial 22 with value: -0.0790229007832314.
[I 2024-01-25 13:40:11,678] Trial 53 finished with value: -0.08170046541034072 and parameters: {'n_estimators': 435, 'max_depth': 28, 'min_child_weight': 2.390953175032187, 'gamma': 0.043686684719237714, 'subsample': 0.8362955369450662, 'colsample_bytree': 0.6629512123801415, 'learning_rate': 0.029630753134702495}. Best is trial 22 with value: -0.0790229007832314.
[I 2024-01-25 13:40:12,405] Trial 54 finished with value: -0.09557049525688298 and parameters: {'n_estimators': 417, 'max_depth': 27, 'min_child_weight': 3.230893812541715, 'gamma': 0.5807637440597253, 'subsample': 0.9163492102267529, 'colsample_bytree': 0.5534218968896061, 'learning_rate': 0.0291872900452302}. Best is trial 22 with value: -0.0790229007832314.
[I 2024-01-25 13:40:13,225] Trial 55 finished with value: -0.10470172849961704 and parameters: {'n_estimators': 629, 'max_depth': 25, 'min_child_weight': 2.3924279189759856, 'gamma': 1.0585161711608244, 'subsample': 0.9581976167273627, 'colsample_bytree': 0.6605532806742973, 'learning_rate': 0.025290152672376845}. Best is trial 22 with value: -0.0790229007832314.
[I 2024-01-25 13:40:13,938] Trial 56 finished with value: -0.10964289668428898 and parameters: {'n_estimators': 428, 'max_depth': 31, 'min_child_weight': 4.008549466207703, 'gamma': 0.3374171018670965, 'subsample': 0.8395146233695374, 'colsample_bytree': 0.7094784909360998, 'learning_rate': 0.0369508907588527}. Best is trial 22 with value: -0.0790229007832314.
[I 2024-01-25 13:40:14,622] Trial 57 finished with value: -0.25014961184520346 and parameters: {'n_estimators': 503, 'max_depth': 21, 'min_child_weight': 5.810998911301475, 'gamma': 8.596506876794184, 'subsample': 0.8875026212202098, 'colsample_bytree': 0.5746559044105759, 'learning_rate': 0.012483195102242446}. Best is trial 22 with value: -0.0790229007832314.
[I 2024-01-25 13:40:15,049] Trial 58 finished with value: -0.113727670266571 and parameters: {'n_estimators': 370, 'max_depth': 17, 'min_child_weight': 7.901744257705081, 'gamma': 1.4255775852125196, 'subsample': 0.741133137086369, 'colsample_bytree': 0.6425479403464448, 'learning_rate': 0.04994384212703176}. Best is trial 22 with value: -0.0790229007832314.
[I 2024-01-25 13:40:15,691] Trial 59 finished with value: -0.11884816031563847 and parameters: {'n_estimators': 459, 'max_depth': 24, 'min_child_weight': 2.745219091967405, 'gamma': 1.9706513264892662, 'subsample': 0.7780945080518207, 'colsample_bytree': 0.5155365774048214, 'learning_rate': 0.030572429915919703}. Best is trial 22 with value: -0.0790229007832314.
[I 2024-01-25 13:40:16,535] Trial 60 finished with value: -0.17178213850122973 and parameters: {'n_estimators': 556, 'max_depth': 19, 'min_child_weight': 7.39852878092331, 'gamma': 0.8807926792749319, 'subsample': 0.8728262617156743, 'colsample_bytree': 0.5318213961892029, 'learning_rate': 0.007712943639835726}. Best is trial 22 with value: -0.0790229007832314.
[I 2024-01-25 13:40:17,559] Trial 61 finished with value: -0.08240614153546419 and parameters: {'n_estimators': 316, 'max_depth': 28, 'min_child_weight': 1.30521147373998, 'gamma': 0.0016872419620299166, 'subsample': 0.8251312933728387, 'colsample_bytree': 0.6183921529878535, 'learning_rate': 0.04104800112534835}. Best is trial 22 with value: -0.0790229007832314.
[I 2024-01-25 13:40:18,106] Trial 62 finished with value: -0.09029021006277049 and parameters: {'n_estimators': 314, 'max_depth': 29, 'min_child_weight': 1.5775078699762388, 'gamma': 0.31243072687004775, 'subsample': 0.8209199861010589, 'colsample_bytree': 0.6024102403755682, 'learning_rate': 0.040139123431660116}. Best is trial 22 with value: -0.0790229007832314.
[I 2024-01-25 13:40:18,839] Trial 63 finished with value: -0.08165202827883068 and parameters: {'n_estimators': 408, 'max_depth': 22, 'min_child_weight': 1.0087159242901027, 'gamma': 0.013948947077496936, 'subsample': 0.8550894185840079, 'colsample_bytree': 0.5581979613363022, 'learning_rate': 0.03520980351995135}. Best is trial 22 with value: -0.0790229007832314.
[I 2024-01-25 13:40:19,611] Trial 64 finished with value: -0.08290565665954025 and parameters: {'n_estimators': 410, 'max_depth': 39, 'min_child_weight': 1.8186389949420816, 'gamma': 0.07802535812041957, 'subsample': 0.7912993999313529, 'colsample_bytree': 0.5588123091269153, 'learning_rate': 0.03569963014126554}. Best is trial 22 with value: -0.0790229007832314.
[I 2024-01-25 13:40:20,405] Trial 65 finished with value: -0.1035032742086216 and parameters: {'n_estimators': 397, 'max_depth': 43, 'min_child_weight': 1.7597039160900183, 'gamma': 0.02482478861990608, 'subsample': 0.7930041475072541, 'colsample_bytree': 0.6760996745465219, 'learning_rate': 0.03476316974393344}. Best is trial 22 with value: -0.0790229007832314.
[I 2024-01-25 13:40:21,003] Trial 66 finished with value: -0.09825099754170934 and parameters: {'n_estimators': 539, 'max_depth': 39, 'min_child_weight': 1.0438323389533695, 'gamma': 0.7676189467038304, 'subsample': 0.7625652396346038, 'colsample_bytree': 0.6281908159557034, 'learning_rate': 0.05045650392992453}. Best is trial 22 with value: -0.0790229007832314.
[I 2024-01-25 13:40:21,628] Trial 67 finished with value: -0.09274650076594378 and parameters: {'n_estimators': 479, 'max_depth': 33, 'min_child_weight': 8.373599431082638, 'gamma': 0.4408762924498827, 'subsample': 0.8514680381110962, 'colsample_bytree': 0.5611206588850772, 'learning_rate': 0.05428750137900825}. Best is trial 22 with value: -0.0790229007832314.
[I 2024-01-25 13:40:23,036] Trial 68 finished with value: -0.07790018257815978 and parameters: {'n_estimators': 600, 'max_depth': 37, 'min_child_weight': 2.175185016664552, 'gamma': 0.0002474290214720691, 'subsample': 0.8240258140899229, 'colsample_bytree': 0.5750232242709225, 'learning_rate': 0.038288962443634104}. Best is trial 68 with value: -0.07790018257815978.
[I 2024-01-25 13:40:23,865] Trial 69 finished with value: -0.10599288844802945 and parameters: {'n_estimators': 725, 'max_depth': 37, 'min_child_weight': 1.4304500065489536, 'gamma': 1.2556765205377898, 'subsample': 0.828325349140509, 'colsample_bytree': 0.5819487624770789, 'learning_rate': 0.04596864054321789}. Best is trial 68 with value: -0.07790018257815978.
[I 2024-01-25 13:40:24,727] Trial 70 finished with value: -0.10409040223201686 and parameters: {'n_estimators': 587, 'max_depth': 46, 'min_child_weight': 2.2559971147745417, 'gamma': 0.3982989563451553, 'subsample': 0.7236547513311092, 'colsample_bytree': 0.7645921160463993, 'learning_rate': 0.025734353131467623}. Best is trial 68 with value: -0.07790018257815978.
[I 2024-01-25 13:40:25,165] Trial 71 finished with value: -0.09996851669873653 and parameters: {'n_estimators': 352, 'max_depth': 35, 'min_child_weight': 1.922596703282051, 'gamma': 0.7351886617575605, 'subsample': 0.7770446493681556, 'colsample_bytree': 0.6387701125320244, 'learning_rate': 0.037539278870032784}. Best is trial 68 with value: -0.07790018257815978.
[I 2024-01-25 13:40:26,045] Trial 72 finished with value: -0.08071741703710193 and parameters: {'n_estimators': 417, 'max_depth': 39, 'min_child_weight': 1.4558578739696117, 'gamma': 0.011768529767631139, 'subsample': 0.8063944034588266, 'colsample_bytree': 0.6097437359262677, 'learning_rate': 0.03943746767051132}. Best is trial 68 with value: -0.07790018257815978.
[I 2024-01-25 13:40:26,564] Trial 73 finished with value: -0.08701567345493541 and parameters: {'n_estimators': 423, 'max_depth': 40, 'min_child_weight': 1.0265990793616666, 'gamma': 0.3484124644235234, 'subsample': 0.807067012860822, 'colsample_bytree': 0.5914249625889816, 'learning_rate': 0.09956648631987278}. Best is trial 68 with value: -0.07790018257815978.
[I 2024-01-25 13:40:28,031] Trial 74 finished with value: -0.10371975569788808 and parameters: {'n_estimators': 410, 'max_depth': 39, 'min_child_weight': 1.4721665728181497, 'gamma': 0.002295902099532548, 'subsample': 0.8545296450631632, 'colsample_bytree': 0.8361357330924788, 'learning_rate': 0.035330164411436674}. Best is trial 68 with value: -0.07790018257815978.
[I 2024-01-25 13:40:28,635] Trial 75 finished with value: -0.10257719595657792 and parameters: {'n_estimators': 442, 'max_depth': 46, 'min_child_weight': 1.8516001504729567, 'gamma': 0.8841733275328494, 'subsample': 0.7420945262784324, 'colsample_bytree': 0.6115757692974663, 'learning_rate': 0.04058336895246959}. Best is trial 68 with value: -0.07790018257815978.
[I 2024-01-25 13:40:29,486] Trial 76 finished with value: -0.08734281689201337 and parameters: {'n_estimators': 615, 'max_depth': 38, 'min_child_weight': 2.229773452544904, 'gamma': 0.3548007329207881, 'subsample': 0.7893905112851768, 'colsample_bytree': 0.5535205676424783, 'learning_rate': 0.03065382332991359}. Best is trial 68 with value: -0.07790018257815978.
[I 2024-01-25 13:40:30,459] Trial 77 finished with value: -0.11361717384140371 and parameters: {'n_estimators': 875, 'max_depth': 35, 'min_child_weight': 6.506034853397304, 'gamma': 1.6954046183397984, 'subsample': 0.8209393885675016, 'colsample_bytree': 0.5752452786701245, 'learning_rate': 0.043851854422689907}. Best is trial 68 with value: -0.07790018257815978.
[I 2024-01-25 13:40:30,996] Trial 78 finished with value: -0.10578669434880497 and parameters: {'n_estimators': 494, 'max_depth': 43, 'min_child_weight': 1.286653503536843, 'gamma': 1.208834432213712, 'subsample': 0.8738756483197134, 'colsample_bytree': 0.6529768108951176, 'learning_rate': 0.04901505212716303}. Best is trial 68 with value: -0.07790018257815978.
[I 2024-01-25 13:40:32,112] Trial 79 finished with value: -0.126202437538224 and parameters: {'n_estimators': 782, 'max_depth': 31, 'min_child_weight': 1.5623622865555225, 'gamma': 2.4371733155098734, 'subsample': 0.833617290344291, 'colsample_bytree': 0.5412403436027062, 'learning_rate': 0.03963314686311405}. Best is trial 68 with value: -0.07790018257815978.
[I 2024-01-25 13:40:32,938] Trial 80 finished with value: -0.10801657352590592 and parameters: {'n_estimators': 380, 'max_depth': 33, 'min_child_weight': 1.9915222759802764, 'gamma': 0.247238529951826, 'subsample': 0.7716943902302776, 'colsample_bytree': 0.67507109588543, 'learning_rate': 0.021039265279259}. Best is trial 68 with value: -0.07790018257815978.
[I 2024-01-25 13:40:33,505] Trial 81 finished with value: -0.20197769437650245 and parameters: {'n_estimators': 351, 'max_depth': 27, 'min_child_weight': 2.3755119377661185, 'gamma': 6.239234853570819, 'subsample': 0.8020626169095885, 'colsample_bytree': 0.6029851368959159, 'learning_rate': 0.033645408247903213}. Best is trial 68 with value: -0.07790018257815978.
[I 2024-01-25 13:40:34,347] Trial 82 finished with value: -0.09579192010742675 and parameters: {'n_estimators': 521, 'max_depth': 44, 'min_child_weight': 2.682661283235615, 'gamma': 0.6527107678240065, 'subsample': 0.9040046937226883, 'colsample_bytree': 0.6272022397102438, 'learning_rate': 0.03897539392072941}. Best is trial 68 with value: -0.07790018257815978.
[I 2024-01-25 13:40:34,936] Trial 83 finished with value: -0.08170696483498673 and parameters: {'n_estimators': 287, 'max_depth': 41, 'min_child_weight': 1.8318092532740726, 'gamma': 0.05753213839582627, 'subsample': 0.9981382554403834, 'colsample_bytree': 0.5707786382712102, 'learning_rate': 0.04433592490040955}. Best is trial 68 with value: -0.07790018257815978.
[I 2024-01-25 13:40:35,586] Trial 84 finished with value: -0.08699863267835208 and parameters: {'n_estimators': 436, 'max_depth': 40, 'min_child_weight': 1.7214211821212109, 'gamma': 0.21480904948864504, 'subsample': 0.9761245178198269, 'colsample_bytree': 0.5633942147586875, 'learning_rate': 0.05392569533455058}. Best is trial 68 with value: -0.07790018257815978.
[I 2024-01-25 13:40:36,083] Trial 85 finished with value: -0.09722346513898907 and parameters: {'n_estimators': 280, 'max_depth': 38, 'min_child_weight': 1.279736929543479, 'gamma': 0.595453679953831, 'subsample': 0.7495833884717601, 'colsample_bytree': 0.5905326771496808, 'learning_rate': 0.04548015773089497}. Best is trial 68 with value: -0.07790018257815978.
[I 2024-01-25 13:40:36,713] Trial 86 finished with value: -0.09953374722522641 and parameters: {'n_estimators': 484, 'max_depth': 42, 'min_child_weight': 1.9514451214546351, 'gamma': 0.8080886554756473, 'subsample': 0.6824560056412321, 'colsample_bytree': 0.5528455373547662, 'learning_rate': 0.027754372578516442}. Best is trial 68 with value: -0.07790018257815978.
[I 2024-01-25 13:40:37,418] Trial 87 finished with value: -0.08876316934134601 and parameters: {'n_estimators': 328, 'max_depth': 36, 'min_child_weight': 1.4875882943767464, 'gamma': 0.02389125565595088, 'subsample': 0.5969867297266571, 'colsample_bytree': 0.5739730300313638, 'learning_rate': 0.030465961467430684}. Best is trial 68 with value: -0.07790018257815978.
[I 2024-01-25 13:40:37,956] Trial 88 finished with value: -0.10294261345983566 and parameters: {'n_estimators': 397, 'max_depth': 44, 'min_child_weight': 2.502322152838095, 'gamma': 1.022915341018697, 'subsample': 0.8129802230168782, 'colsample_bytree': 0.5341825177710019, 'learning_rate': 0.03551547043857513}. Best is trial 68 with value: -0.07790018257815978.
[I 2024-01-25 13:40:38,420] Trial 89 finished with value: -0.09401773993484482 and parameters: {'n_estimators': 361, 'max_depth': 41, 'min_child_weight': 2.0852944780823104, 'gamma': 0.4834541507573451, 'subsample': 0.7875641207006994, 'colsample_bytree': 0.6178700668001997, 'learning_rate': 0.0438665633547977}. Best is trial 68 with value: -0.07790018257815978.
[I 2024-01-25 13:40:39,447] Trial 90 finished with value: -0.08489800809814135 and parameters: {'n_estimators': 835, 'max_depth': 49, 'min_child_weight': 1.0068711838365707, 'gamma': 0.28696477852746516, 'subsample': 0.842261087792951, 'colsample_bytree': 0.5834211807966148, 'learning_rate': 0.08612184094299757}. Best is trial 68 with value: -0.07790018257815978.
[I 2024-01-25 13:40:40,409] Trial 91 finished with value: -0.08386350768511283 and parameters: {'n_estimators': 960, 'max_depth': 49, 'min_child_weight': 1.0223542815769904, 'gamma': 0.24751304803780055, 'subsample': 0.8434892411814018, 'colsample_bytree': 0.5877196162201761, 'learning_rate': 0.06508048567901134}. Best is trial 68 with value: -0.07790018257815978.
[I 2024-01-25 13:40:41,319] Trial 92 finished with value: -0.08378279594019408 and parameters: {'n_estimators': 916, 'max_depth': 24, 'min_child_weight': 1.2568106078800643, 'gamma': 0.23611784532718433, 'subsample': 0.8539369601247258, 'colsample_bytree': 0.5644755595349225, 'learning_rate': 0.06367677301091626}. Best is trial 68 with value: -0.07790018257815978.
[I 2024-01-25 13:40:43,996] Trial 93 finished with value: -0.07920977937800204 and parameters: {'n_estimators': 958, 'max_depth': 30, 'min_child_weight': 1.2748002734211432, 'gamma': 0.00018605806766792748, 'subsample': 0.859636728382437, 'colsample_bytree': 0.5565333117474073, 'learning_rate': 0.056871662450285264}. Best is trial 68 with value: -0.07790018257815978.
[I 2024-01-25 13:40:45,322] Trial 94 finished with value: -0.09442697379015201 and parameters: {'n_estimators': 942, 'max_depth': 34, 'min_child_weight': 1.7160344325777581, 'gamma': 0.6078522036946781, 'subsample': 0.8246251211401937, 'colsample_bytree': 0.5201279856710983, 'learning_rate': 0.05881386148285223}. Best is trial 68 with value: -0.07790018257815978.
[I 2024-01-25 13:40:46,734] Trial 95 finished with value: -0.07994997241274292 and parameters: {'n_estimators': 879, 'max_depth': 27, 'min_child_weight': 1.607596697517433, 'gamma': 0.0138825804232477, 'subsample': 0.8817852742147452, 'colsample_bytree': 0.5098347125022201, 'learning_rate': 0.04802171779772043}. Best is trial 68 with value: -0.07790018257815978.
[I 2024-01-25 13:40:47,786] Trial 96 finished with value: -0.10564637770269095 and parameters: {'n_estimators': 1000, 'max_depth': 30, 'min_child_weight': 1.5881158916419769, 'gamma': 1.2863982502802203, 'subsample': 0.882395795884048, 'colsample_bytree': 0.5074268056061204, 'learning_rate': 0.05293213498790515}. Best is trial 68 with value: -0.07790018257815978.
[I 2024-01-25 13:40:48,974] Trial 97 finished with value: -0.09841308425676572 and parameters: {'n_estimators': 883, 'max_depth': 26, 'min_child_weight': 1.358432396547538, 'gamma': 0.8202935644873849, 'subsample': 0.8636891427003445, 'colsample_bytree': 0.5000034606878712, 'learning_rate': 0.05539071780673668}. Best is trial 68 with value: -0.07790018257815978.
[I 2024-01-25 13:40:49,910] Trial 98 finished with value: -0.09205702169521844 and parameters: {'n_estimators': 850, 'max_depth': 22, 'min_child_weight': 2.1639670275681384, 'gamma': 0.4855382650677051, 'subsample': 0.9164446673685804, 'colsample_bytree': 0.5449678293267308, 'learning_rate': 0.048840160708232855}. Best is trial 68 with value: -0.07790018257815978.
[I 2024-01-25 13:40:52,017] Trial 99 finished with value: -0.07841876271415618 and parameters: {'n_estimators': 969, 'max_depth': 27, 'min_child_weight': 6.091915928168909, 'gamma': 0.0022198143617154116, 'subsample': 0.9549973957640098, 'colsample_bytree': 0.5282995446898868, 'learning_rate': 0.057389299686219725}. Best is trial 68 with value: -0.07790018257815978.
[I 2024-01-25 13:40:53,039] Trial 100 finished with value: -0.15285405958081516 and parameters: {'n_estimators': 969, 'max_depth': 25, 'min_child_weight': 5.682272097930787, 'gamma': 3.3034978195246056, 'subsample': 0.9972823474045461, 'colsample_bytree': 0.524065691487845, 'learning_rate': 0.0701878300696638}. Best is trial 68 with value: -0.07790018257815978.
[I 2024-01-25 13:40:54,570] Trial 101 finished with value: -0.07803849903190231 and parameters: {'n_estimators': 977, 'max_depth': 27, 'min_child_weight': 7.147100306462034, 'gamma': 0.004452641549619404, 'subsample': 0.9729905506221227, 'colsample_bytree': 0.5330666321098657, 'learning_rate': 0.04204211700356859}. Best is trial 68 with value: -0.07790018257815978.
[I 2024-01-25 13:40:55,708] Trial 102 finished with value: -0.08393381506274794 and parameters: {'n_estimators': 944, 'max_depth': 27, 'min_child_weight': 7.053047816885733, 'gamma': 0.23273209016437313, 'subsample': 0.972527446883932, 'colsample_bytree': 0.512915113249292, 'learning_rate': 0.05829433013826518}. Best is trial 68 with value: -0.07790018257815978.
[I 2024-01-25 13:40:56,946] Trial 103 finished with value: -0.0928292915742029 and parameters: {'n_estimators': 894, 'max_depth': 30, 'min_child_weight': 7.246108250835828, 'gamma': 0.5074122228272065, 'subsample': 0.9874693597152508, 'colsample_bytree': 0.5412421885056599, 'learning_rate': 0.051045235230964575}. Best is trial 68 with value: -0.07790018257815978.
[I 2024-01-25 13:40:58,018] Trial 104 finished with value: -0.10334424122733668 and parameters: {'n_estimators': 974, 'max_depth': 32, 'min_child_weight': 6.802020274640986, 'gamma': 1.0034545630927303, 'subsample': 0.9998335777606008, 'colsample_bytree': 0.525781525156045, 'learning_rate': 0.07302414701063921}. Best is trial 68 with value: -0.07790018257815978.
[I 2024-01-25 13:40:59,254] Trial 105 finished with value: -0.07816403208425204 and parameters: {'n_estimators': 869, 'max_depth': 29, 'min_child_weight': 6.356692003549496, 'gamma': 0.007763645149930812, 'subsample': 0.958299411254722, 'colsample_bytree': 0.5306639000901973, 'learning_rate': 0.047662961005676054}. Best is trial 68 with value: -0.07790018257815978.
[I 2024-01-25 13:41:00,154] Trial 106 finished with value: -0.09675968174598097 and parameters: {'n_estimators': 861, 'max_depth': 29, 'min_child_weight': 6.303463057847662, 'gamma': 0.7084112487327459, 'subsample': 0.9448135641800304, 'colsample_bytree': 0.5319968373306677, 'learning_rate': 0.05626815583608494}. Best is trial 68 with value: -0.07790018257815978.
[I 2024-01-25 13:41:01,158] Trial 107 finished with value: -0.08843336149810133 and parameters: {'n_estimators': 923, 'max_depth': 24, 'min_child_weight': 7.513426502688161, 'gamma': 0.38722297703869396, 'subsample': 0.9682279700218617, 'colsample_bytree': 0.5151986126495292, 'learning_rate': 0.0471954727466081}. Best is trial 68 with value: -0.07790018257815978.
[I 2024-01-25 13:41:02,161] Trial 108 finished with value: -0.08093992394527603 and parameters: {'n_estimators': 957, 'max_depth': 27, 'min_child_weight': 6.098203527191112, 'gamma': 0.18553768475658056, 'subsample': 0.9503346878469583, 'colsample_bytree': 0.5498307844427273, 'learning_rate': 0.06151168556441969}. Best is trial 68 with value: -0.07790018257815978.
[I 2024-01-25 13:41:03,226] Trial 109 finished with value: -0.1655328989904555 and parameters: {'n_estimators': 941, 'max_depth': 27, 'min_child_weight': 6.0686499172943105, 'gamma': 4.801498212783725, 'subsample': 0.9547761059340724, 'colsample_bytree': 0.550868563379205, 'learning_rate': 0.06146703024727068}. Best is trial 68 with value: -0.07790018257815978.
[I 2024-01-25 13:41:03,613] A new study created in memory with name: no-name-270206fe-0162-4f06-b1a9-064d4ae410a3
