[I 2024-01-25 13:41:04,326] Trial 0 finished with value: -0.14468671086889562 and parameters: {'n_estimators': 787, 'max_depth': 44, 'min_child_weight': 6.531023533086525, 'gamma': 2.1191841610914897, 'subsample': 0.675581759687362, 'colsample_bytree': 0.8583377203119507, 'learning_rate': 0.0669364559489784}. Best is trial 0 with value: -0.14468671086889562.
[I 2024-01-25 13:41:05,379] Trial 1 finished with value: -0.17421653207998977 and parameters: {'n_estimators': 566, 'max_depth': 29, 'min_child_weight': 9.052807032074714, 'gamma': 1.9921633592561383, 'subsample': 0.7167063772606668, 'colsample_bytree': 0.7971306957045401, 'learning_rate': 0.015748308751358714}. Best is trial 0 with value: -0.14468671086889562.
[I 2024-01-25 13:41:05,710] Trial 2 finished with value: -0.12681903651870757 and parameters: {'n_estimators': 258, 'max_depth': 25, 'min_child_weight': 8.261119901948417, 'gamma': 1.5206544913070696, 'subsample': 0.9955255837345531, 'colsample_bytree': 0.5267027204141432, 'learning_rate': 0.0769200329400522}. Best is trial 2 with value: -0.12681903651870757.
[I 2024-01-25 13:41:05,802] Trial 3 finished with value: -0.31379989333827557 and parameters: {'n_estimators': 31, 'max_depth': 31, 'min_child_weight': 1.8356047088623795, 'gamma': 7.87826447370242, 'subsample': 0.9899009647309363, 'colsample_bytree': 0.861033515806245, 'learning_rate': 0.060864585752832774}. Best is trial 2 with value: -0.12681903651870757.
[I 2024-01-25 13:41:06,408] Trial 4 finished with value: -0.2759337876144131 and parameters: {'n_estimators': 662, 'max_depth': 9, 'min_child_weight': 9.238490825235402, 'gamma': 8.642828689062112, 'subsample': 0.6939160074640531, 'colsample_bytree': 0.9022742485395574, 'learning_rate': 0.023050685489541638}. Best is trial 2 with value: -0.12681903651870757.
[I 2024-01-25 13:41:06,687] Trial 5 finished with value: -0.23904995870613827 and parameters: {'n_estimators': 240, 'max_depth': 17, 'min_child_weight': 9.020565192946176, 'gamma': 8.210641021711744, 'subsample': 0.6873628911669399, 'colsample_bytree': 0.6388229139423456, 'learning_rate': 0.09196174486878626}. Best is trial 2 with value: -0.12681903651870757.
[I 2024-01-25 13:41:07,677] Trial 6 finished with value: -0.1675978754963187 and parameters: {'n_estimators': 883, 'max_depth': 46, 'min_child_weight': 4.43731625550382, 'gamma': 3.924671462492466, 'subsample': 0.7645632838117207, 'colsample_bytree': 0.9627100120933786, 'learning_rate': 0.08820568246144965}. Best is trial 2 with value: -0.12681903651870757.
[I 2024-01-25 13:41:08,046] Trial 7 finished with value: -0.27960434699181186 and parameters: {'n_estimators': 252, 'max_depth': 4, 'min_child_weight': 7.73595727153362, 'gamma': 8.950910519006891, 'subsample': 0.8464668805460744, 'colsample_bytree': 0.6725671753581142, 'learning_rate': 0.037085943254198846}. Best is trial 2 with value: -0.12681903651870757.
[I 2024-01-25 13:41:08,556] Trial 8 finished with value: -0.1791205853807608 and parameters: {'n_estimators': 491, 'max_depth': 40, 'min_child_weight': 9.705122424851854, 'gamma': 1.942842730235137, 'subsample': 0.7487917798343837, 'colsample_bytree': 0.8753965810215827, 'learning_rate': 0.046523759636396135}. Best is trial 2 with value: -0.12681903651870757.
[I 2024-01-25 13:41:08,640] Trial 9 finished with value: -0.4171085396401451 and parameters: {'n_estimators': 18, 'max_depth': 49, 'min_child_weight': 3.3817075522042885, 'gamma': 1.7886812935824292, 'subsample': 0.7762251254689412, 'colsample_bytree': 0.7392302245402769, 'learning_rate': 0.06534689149432216}. Best is trial 2 with value: -0.12681903651870757.
[I 2024-01-25 13:41:09,592] Trial 10 finished with value: -0.839379228487649 and parameters: {'n_estimators': 350, 'max_depth': 17, 'min_child_weight': 6.558201639999721, 'gamma': 0.008171107210457107, 'subsample': 0.5010952671611768, 'colsample_bytree': 0.5738397876630941, 'learning_rate': 0.001652367621355899}. Best is trial 2 with value: -0.12681903651870757.
[I 2024-01-25 13:41:10,537] Trial 11 finished with value: -0.1687934659152761 and parameters: {'n_estimators': 992, 'max_depth': 38, 'min_child_weight': 6.342195553028551, 'gamma': 4.825601844990201, 'subsample': 0.5799768407605395, 'colsample_bytree': 0.5216076011895919, 'learning_rate': 0.07640383335203525}. Best is trial 2 with value: -0.12681903651870757.
[I 2024-01-25 13:41:11,271] Trial 12 finished with value: -0.18120189673346238 and parameters: {'n_estimators': 749, 'max_depth': 21, 'min_child_weight': 7.551636102376305, 'gamma': 3.767413073983297, 'subsample': 0.9278135641988864, 'colsample_bytree': 0.7825700053388805, 'learning_rate': 0.07314304237032242}. Best is trial 2 with value: -0.12681903651870757.
[I 2024-01-25 13:41:11,789] Trial 13 finished with value: -0.10773022495179718 and parameters: {'n_estimators': 396, 'max_depth': 35, 'min_child_weight': 4.945202417803529, 'gamma': 0.42371001713842604, 'subsample': 0.638254217076408, 'colsample_bytree': 0.9837209124800006, 'learning_rate': 0.09904917646163287}. Best is trial 13 with value: -0.10773022495179718.
[I 2024-01-25 13:41:12,288] Trial 14 finished with value: -0.10558164682551623 and parameters: {'n_estimators': 410, 'max_depth': 33, 'min_child_weight': 4.892695362469705, 'gamma': 0.3095861755834406, 'subsample': 0.6074267245229965, 'colsample_bytree': 0.9903623647989455, 'learning_rate': 0.0993216504663273}. Best is trial 14 with value: -0.10558164682551623.
[I 2024-01-25 13:41:12,788] Trial 15 finished with value: -0.10182468308879426 and parameters: {'n_estimators': 452, 'max_depth': 34, 'min_child_weight': 4.615557526509278, 'gamma': 0.19128726561315912, 'subsample': 0.6107508681963855, 'colsample_bytree': 0.9994952762739382, 'learning_rate': 0.09663439810650401}. Best is trial 15 with value: -0.10182468308879426.
[I 2024-01-25 13:41:13,429] Trial 16 finished with value: -0.2050693888395553 and parameters: {'n_estimators': 555, 'max_depth': 32, 'min_child_weight': 3.4795627880448494, 'gamma': 5.6651834231420715, 'subsample': 0.5778863984626617, 'colsample_bytree': 0.9375775963959163, 'learning_rate': 0.08640579487878502}. Best is trial 15 with value: -0.10182468308879426.
[I 2024-01-25 13:41:13,872] Trial 17 finished with value: -0.16414258417540045 and parameters: {'n_estimators': 422, 'max_depth': 25, 'min_child_weight': 1.8794972855849839, 'gamma': 3.236621139583138, 'subsample': 0.5373705910254164, 'colsample_bytree': 0.9782948521241183, 'learning_rate': 0.09899199832576028}. Best is trial 15 with value: -0.10182468308879426.
[I 2024-01-25 13:41:14,120] Trial 18 finished with value: -0.22808718937392838 and parameters: {'n_estimators': 185, 'max_depth': 41, 'min_child_weight': 3.7481341811275417, 'gamma': 6.332235196059235, 'subsample': 0.6153439794756934, 'colsample_bytree': 0.9122265638216354, 'learning_rate': 0.055761223682232824}. Best is trial 15 with value: -0.10182468308879426.
[I 2024-01-25 13:41:14,822] Trial 19 finished with value: -0.11900128364188137 and parameters: {'n_estimators': 644, 'max_depth': 35, 'min_child_weight': 5.6386928376851575, 'gamma': 0.8417323142666046, 'subsample': 0.8312320631538836, 'colsample_bytree': 0.9981332038660494, 'learning_rate': 0.04434640009326573}. Best is trial 15 with value: -0.10182468308879426.
[I 2024-01-25 13:41:15,358] Trial 20 finished with value: -0.15174483341840342 and parameters: {'n_estimators': 455, 'max_depth': 14, 'min_child_weight': 2.78669845271902, 'gamma': 3.0055042140188264, 'subsample': 0.614808196385301, 'colsample_bytree': 0.8210543457464856, 'learning_rate': 0.08077020865821646}. Best is trial 15 with value: -0.10182468308879426.
[I 2024-01-25 13:41:15,891] Trial 21 finished with value: -0.10004156664383053 and parameters: {'n_estimators': 364, 'max_depth': 35, 'min_child_weight': 4.9513159631435695, 'gamma': 0.05059083162485467, 'subsample': 0.6224032812975835, 'colsample_bytree': 0.9995378506944798, 'learning_rate': 0.09989090133090633}. Best is trial 21 with value: -0.10004156664383053.
[I 2024-01-25 13:41:16,270] Trial 22 finished with value: -0.126471504153762 and parameters: {'n_estimators': 328, 'max_depth': 29, 'min_child_weight': 5.033832827977772, 'gamma': 0.8755518574844553, 'subsample': 0.5564966490023554, 'colsample_bytree': 0.9241865329890016, 'learning_rate': 0.0998649910293199}. Best is trial 21 with value: -0.10004156664383053.
[I 2024-01-25 13:41:16,865] Trial 23 finished with value: -0.1063045907008638 and parameters: {'n_estimators': 580, 'max_depth': 36, 'min_child_weight': 4.29683678704903, 'gamma': 0.16297185381926232, 'subsample': 0.6444588110465929, 'colsample_bytree': 0.9970410593795017, 'learning_rate': 0.09088283301358271}. Best is trial 21 with value: -0.10004156664383053.
[I 2024-01-25 13:41:17,080] Trial 24 finished with value: -0.2843480645655905 and parameters: {'n_estimators': 178, 'max_depth': 43, 'min_child_weight': 5.61743417499274, 'gamma': 9.84921703001646, 'subsample': 0.5125384280140743, 'colsample_bytree': 0.9455745669975678, 'learning_rate': 0.0832302541022044}. Best is trial 21 with value: -0.10004156664383053.
[I 2024-01-25 13:41:17,581] Trial 25 finished with value: -0.12442561243026531 and parameters: {'n_estimators': 345, 'max_depth': 23, 'min_child_weight': 2.5938342781865185, 'gamma': 1.199219203835187, 'subsample': 0.6118750412681081, 'colsample_bytree': 0.7191426106939762, 'learning_rate': 0.09313107773141231}. Best is trial 21 with value: -0.10004156664383053.
[I 2024-01-25 13:41:18,077] Trial 26 finished with value: -0.15838426501116368 and parameters: {'n_estimators': 498, 'max_depth': 32, 'min_child_weight': 4.349685798491025, 'gamma': 2.6696987680401048, 'subsample': 0.6559071067318595, 'colsample_bytree': 0.8860605535849937, 'learning_rate': 0.07036998239969341}. Best is trial 21 with value: -0.10004156664383053.
[I 2024-01-25 13:41:18,305] Trial 27 finished with value: -0.12076614454224024 and parameters: {'n_estimators': 129, 'max_depth': 28, 'min_child_weight': 5.99466254931761, 'gamma': 0.8064349132997999, 'subsample': 0.5790691736368948, 'colsample_bytree': 0.9582445110244053, 'learning_rate': 0.08334533976097802}. Best is trial 21 with value: -0.10004156664383053.
[I 2024-01-25 13:41:18,738] Trial 28 finished with value: -0.09816751940164073 and parameters: {'n_estimators': 397, 'max_depth': 38, 'min_child_weight': 7.092310661928545, 'gamma': 0.11498100726837984, 'subsample': 0.7219045814953965, 'colsample_bytree': 0.8271557671081284, 'learning_rate': 0.09504004616972962}. Best is trial 28 with value: -0.09816751940164073.
[I 2024-01-25 13:41:19,422] Trial 29 finished with value: -0.22227144536115412 and parameters: {'n_estimators': 658, 'max_depth': 47, 'min_child_weight': 6.575264394054372, 'gamma': 6.890915497072757, 'subsample': 0.8127441261476274, 'colsample_bytree': 0.8584254464098267, 'learning_rate': 0.06732356768542933}. Best is trial 28 with value: -0.09816751940164073.
[I 2024-01-25 13:41:19,835] Trial 30 finished with value: -0.15094308844429 and parameters: {'n_estimators': 304, 'max_depth': 43, 'min_child_weight': 1.0755987891491916, 'gamma': 2.516525167306545, 'subsample': 0.7254215289467153, 'colsample_bytree': 0.821592736081354, 'learning_rate': 0.09152423781803404}. Best is trial 28 with value: -0.09816751940164073.
[I 2024-01-25 13:41:20,376] Trial 31 finished with value: -0.10109272562562535 and parameters: {'n_estimators': 405, 'max_depth': 37, 'min_child_weight': 7.2011882486112375, 'gamma': 0.09062158525186707, 'subsample': 0.661982150643882, 'colsample_bytree': 0.9245509529097725, 'learning_rate': 0.09496825225826896}. Best is trial 28 with value: -0.09816751940164073.
[I 2024-01-25 13:41:20,876] Trial 32 finished with value: -0.12539642472156365 and parameters: {'n_estimators': 543, 'max_depth': 40, 'min_child_weight': 6.988776314543508, 'gamma': 1.3372728728385768, 'subsample': 0.7151495097006232, 'colsample_bytree': 0.9274778435792685, 'learning_rate': 0.09354609519092313}. Best is trial 28 with value: -0.09816751940164073.
[I 2024-01-25 13:41:21,346] Trial 33 finished with value: -0.12106494516642148 and parameters: {'n_estimators': 384, 'max_depth': 37, 'min_child_weight': 7.353705483522753, 'gamma': 0.6681316403863424, 'subsample': 0.663510738740288, 'colsample_bytree': 0.8249652323459754, 'learning_rate': 0.07932696645161103}. Best is trial 28 with value: -0.09816751940164073.
[I 2024-01-25 13:41:21,876] Trial 34 finished with value: -0.15194817570701302 and parameters: {'n_estimators': 479, 'max_depth': 30, 'min_child_weight': 8.453576864044356, 'gamma': 1.4933146572112053, 'subsample': 0.6820150321367552, 'colsample_bytree': 0.7833995324816966, 'learning_rate': 0.0835574384460499}. Best is trial 28 with value: -0.09816751940164073.
[I 2024-01-25 13:41:22,333] Trial 35 finished with value: -0.18447477490197975 and parameters: {'n_estimators': 279, 'max_depth': 39, 'min_child_weight': 8.07082536747442, 'gamma': 2.2465198324166056, 'subsample': 0.7169533497928777, 'colsample_bytree': 0.9059380953992131, 'learning_rate': 0.034580994690648396}. Best is trial 28 with value: -0.09816751940164073.
[I 2024-01-25 13:41:23,024] Trial 36 finished with value: -0.0978437835722686 and parameters: {'n_estimators': 612, 'max_depth': 27, 'min_child_weight': 7.018648439309803, 'gamma': 0.07549335982100958, 'subsample': 0.6862555762884186, 'colsample_bytree': 0.9581492930483957, 'learning_rate': 0.09445979946000169}. Best is trial 36 with value: -0.0978437835722686.
[I 2024-01-25 13:41:23,708] Trial 37 finished with value: -0.1315465215786142 and parameters: {'n_estimators': 608, 'max_depth': 27, 'min_child_weight': 7.083778953238617, 'gamma': 1.3179164358777111, 'subsample': 0.7907346954738824, 'colsample_bytree': 0.8390929781179645, 'learning_rate': 0.0881088134728192}. Best is trial 36 with value: -0.0978437835722686.
[I 2024-01-25 13:41:24,381] Trial 38 finished with value: -0.15983367613314764 and parameters: {'n_estimators': 717, 'max_depth': 45, 'min_child_weight': 8.68999913011904, 'gamma': 1.9311923625472085, 'subsample': 0.7496475088095321, 'colsample_bytree': 0.8830548018339479, 'learning_rate': 0.07553575474604227}. Best is trial 36 with value: -0.0978437835722686.
[I 2024-01-25 13:41:25,439] Trial 39 finished with value: -0.12058968580482954 and parameters: {'n_estimators': 802, 'max_depth': 22, 'min_child_weight': 6.0856582053020265, 'gamma': 0.7557764834621201, 'subsample': 0.8874251803268303, 'colsample_bytree': 0.9589058598975224, 'learning_rate': 0.021399253124473806}. Best is trial 36 with value: -0.0978437835722686.
[I 2024-01-25 13:41:26,275] Trial 40 finished with value: -0.1754957620449183 and parameters: {'n_estimators': 528, 'max_depth': 42, 'min_child_weight': 6.875757432896843, 'gamma': 4.264043594322345, 'subsample': 0.6872723164105826, 'colsample_bytree': 0.6902124885475539, 'learning_rate': 0.05957156665644176}. Best is trial 36 with value: -0.0978437835722686.
[I 2024-01-25 13:41:26,827] Trial 41 finished with value: -0.10973151556742664 and parameters: {'n_estimators': 460, 'max_depth': 34, 'min_child_weight': 7.850006478231991, 'gamma': 0.1683490815929728, 'subsample': 0.639553367231937, 'colsample_bytree': 0.9446450423773219, 'learning_rate': 0.0939064446471643}. Best is trial 36 with value: -0.0978437835722686.
[I 2024-01-25 13:41:27,856] Trial 42 finished with value: -0.09380445392860687 and parameters: {'n_estimators': 430, 'max_depth': 37, 'min_child_weight': 5.911683655033115, 'gamma': 0.009130032282070377, 'subsample': 0.7053347197137539, 'colsample_bytree': 0.9682910095754892, 'learning_rate': 0.09554574790498424}. Best is trial 42 with value: -0.09380445392860687.
[I 2024-01-25 13:41:28,279] Trial 43 finished with value: -0.1273493383182634 and parameters: {'n_estimators': 212, 'max_depth': 38, 'min_child_weight': 5.259948585139675, 'gamma': 1.20169491721449, 'subsample': 0.7336253776727856, 'colsample_bytree': 0.9000770748728366, 'learning_rate': 0.08685238503578116}. Best is trial 42 with value: -0.09380445392860687.
[I 2024-01-25 13:41:29,282] Trial 44 finished with value: -0.0974337851485402 and parameters: {'n_estimators': 383, 'max_depth': 49, 'min_child_weight': 6.219896611445191, 'gamma': 0.038349508157110135, 'subsample': 0.6971794830305287, 'colsample_bytree': 0.9617539054786283, 'learning_rate': 0.09460312962581965}. Best is trial 42 with value: -0.09380445392860687.
[I 2024-01-25 13:41:29,761] Trial 45 finished with value: -0.13749810843818525 and parameters: {'n_estimators': 359, 'max_depth': 47, 'min_child_weight': 5.843245261411751, 'gamma': 1.634687517777758, 'subsample': 0.6959290086211546, 'colsample_bytree': 0.9670723849911937, 'learning_rate': 0.08907783418540745}. Best is trial 42 with value: -0.09380445392860687.
[I 2024-01-25 13:41:30,061] Trial 46 finished with value: -0.09654980679993712 and parameters: {'n_estimators': 100, 'max_depth': 49, 'min_child_weight': 6.5031236698725285, 'gamma': 0.5288049558496399, 'subsample': 0.7686080280310807, 'colsample_bytree': 0.608578478347958, 'learning_rate': 0.08587613039145409}. Best is trial 42 with value: -0.09380445392860687.
[I 2024-01-25 13:41:30,351] Trial 47 finished with value: -0.7800347836943564 and parameters: {'n_estimators': 106, 'max_depth': 50, 'min_child_weight': 6.354141642507664, 'gamma': 0.5623585295537981, 'subsample': 0.7821645101500068, 'colsample_bytree': 0.5903689589180884, 'learning_rate': 0.006175570843458406}. Best is trial 42 with value: -0.09380445392860687.
[I 2024-01-25 13:41:30,680] Trial 48 finished with value: -0.11157289827932945 and parameters: {'n_estimators': 88, 'max_depth': 47, 'min_child_weight': 6.759717810473893, 'gamma': 0.983254905867502, 'subsample': 0.7609640880791826, 'colsample_bytree': 0.6271245991165985, 'learning_rate': 0.08049139289290776}. Best is trial 42 with value: -0.09380445392860687.
[I 2024-01-25 13:41:31,754] Trial 49 finished with value: -0.14766499937486235 and parameters: {'n_estimators': 835, 'max_depth': 45, 'min_child_weight': 7.684924892995484, 'gamma': 2.2818538289630244, 'subsample': 0.8067058777556427, 'colsample_bytree': 0.738844707584019, 'learning_rate': 0.08633645404074401}. Best is trial 42 with value: -0.09380445392860687.
[I 2024-01-25 13:41:32,332] Trial 50 finished with value: -0.2700955648393282 and parameters: {'n_estimators': 50, 'max_depth': 49, 'min_child_weight': 9.729360310038556, 'gamma': 0.5356263560584598, 'subsample': 0.701004071682073, 'colsample_bytree': 0.6595363967291663, 'learning_rate': 0.07246111663079709}. Best is trial 42 with value: -0.09380445392860687.
[I 2024-01-25 13:41:33,819] Trial 51 finished with value: -0.08668721859945241 and parameters: {'n_estimators': 266, 'max_depth': 18, 'min_child_weight': 5.293033151722112, 'gamma': 0.4636268187666106, 'subsample': 0.7389524728833665, 'colsample_bytree': 0.5962596621606304, 'learning_rate': 0.09644955937574214}. Best is trial 51 with value: -0.08668721859945241.
[I 2024-01-25 13:41:35,079] Trial 52 finished with value: -0.11337228725953381 and parameters: {'n_estimators': 256, 'max_depth': 14, 'min_child_weight': 6.25594424433658, 'gamma': 1.7720891053626293, 'subsample': 0.7415869606361573, 'colsample_bytree': 0.547754710447357, 'learning_rate': 0.09550815148869438}. Best is trial 51 with value: -0.08668721859945241.
[I 2024-01-25 13:41:36,565] Trial 53 finished with value: -0.08676514527145576 and parameters: {'n_estimators': 289, 'max_depth': 15, 'min_child_weight': 5.577346927613084, 'gamma': 0.4398390782752532, 'subsample': 0.7631321198561631, 'colsample_bytree': 0.6283998786455196, 'learning_rate': 0.0898025168611526}. Best is trial 51 with value: -0.08668721859945241.
[I 2024-01-25 13:41:38,169] Trial 54 finished with value: -0.08853031564853794 and parameters: {'n_estimators': 292, 'max_depth': 17, 'min_child_weight': 5.435402043700535, 'gamma': 0.5474925561191879, 'subsample': 0.7734068526988086, 'colsample_bytree': 0.6004443360550079, 'learning_rate': 0.09049789736799736}. Best is trial 51 with value: -0.08668721859945241.
[I 2024-01-25 13:41:39,705] Trial 55 finished with value: -0.09953635481403666 and parameters: {'n_estimators': 294, 'max_depth': 9, 'min_child_weight': 5.300752397556924, 'gamma': 1.0807202248072403, 'subsample': 0.8669703514341403, 'colsample_bytree': 0.5892120494306411, 'learning_rate': 0.09020098953450184}. Best is trial 51 with value: -0.08668721859945241.
[I 2024-01-25 13:41:40,897] Trial 56 finished with value: -0.0924789824255545 and parameters: {'n_estimators': 157, 'max_depth': 18, 'min_child_weight': 5.469125829822357, 'gamma': 0.5302228656473779, 'subsample': 0.7606611265130382, 'colsample_bytree': 0.6194476748355898, 'learning_rate': 0.08523499013102087}. Best is trial 51 with value: -0.08668721859945241.
[I 2024-01-25 13:41:42,119] Trial 57 finished with value: -0.09055747449476848 and parameters: {'n_estimators': 147, 'max_depth': 19, 'min_child_weight': 4.12367195935021, 'gamma': 0.44088398428311854, 'subsample': 0.7673036727216327, 'colsample_bytree': 0.6213787495730213, 'learning_rate': 0.0856540833074324}. Best is trial 51 with value: -0.08668721859945241.
[I 2024-01-25 13:41:43,110] Trial 58 finished with value: -0.14038309724376843 and parameters: {'n_estimators': 152, 'max_depth': 19, 'min_child_weight': 3.8866871764713893, 'gamma': 3.271572162518253, 'subsample': 0.7987950454632998, 'colsample_bytree': 0.556769647620232, 'learning_rate': 0.07504919023306884}. Best is trial 51 with value: -0.08668721859945241.
[I 2024-01-25 13:41:44,441] Trial 59 finished with value: -0.11011637289938872 and parameters: {'n_estimators': 229, 'max_depth': 15, 'min_child_weight': 4.622803712406805, 'gamma': 1.6034475734267488, 'subsample': 0.8263263644304678, 'colsample_bytree': 0.5099417229909311, 'learning_rate': 0.07895928813548554}. Best is trial 51 with value: -0.08668721859945241.
