[32m[I 2024-01-25 13:54:51,601][39m Trial 63 finished with value: -0.08909868873405694 and parameters: {'n_estimators': 550, 'max_depth': 31, 'min_child_weight': 2.3566403666893088, 'gamma': 0.030110445374417715, 'subsample': 0.5419132050110321, 'colsample_bytree': 0.777774667782865, 'learning_rate': 0.04105920225957691}. Best is trial 24 with value: -0.07778823080724441.
[32m[I 2024-01-25 13:54:52,192][39m Trial 64 finished with value: -0.10695683326555457 and parameters: {'n_estimators': 324, 'max_depth': 24, 'min_child_weight': 2.629275293054764, 'gamma': 0.8393007846981296, 'subsample': 0.5598400493765519, 'colsample_bytree': 0.6638556714660422, 'learning_rate': 0.029978473697798973}. Best is trial 24 with value: -0.07778823080724441.
[32m[I 2024-01-25 13:54:52,736][39m Trial 65 finished with value: -0.27798692323345825 and parameters: {'n_estimators': 355, 'max_depth': 27, 'min_child_weight': 4.0345709284665165, 'gamma': 8.430376005244199, 'subsample': 0.5181802320809971, 'colsample_bytree': 0.621431610893378, 'learning_rate': 0.0374789152753823}. Best is trial 24 with value: -0.07778823080724441.
[32m[I 2024-01-25 13:54:53,296][39m Trial 66 finished with value: -0.13987356690960023 and parameters: {'n_estimators': 465, 'max_depth': 18, 'min_child_weight': 9.366621522542397, 'gamma': 0.4058195558820814, 'subsample': 0.5345126104134036, 'colsample_bytree': 0.5943198197658557, 'learning_rate': 0.06738505605548038}. Best is trial 24 with value: -0.07778823080724441.
[32m[I 2024-01-25 13:54:53,824][39m Trial 67 finished with value: -0.1317667356572791 and parameters: {'n_estimators': 418, 'max_depth': 33, 'min_child_weight': 3.1655187157822864, 'gamma': 1.06096693250823, 'subsample': 0.9981958091803559, 'colsample_bytree': 0.7233551306985004, 'learning_rate': 0.04527534503248036}. Best is trial 24 with value: -0.07778823080724441.
[32m[I 2024-01-25 13:54:54,515][39m Trial 68 finished with value: -0.1341258178073812 and parameters: {'n_estimators': 514, 'max_depth': 29, 'min_child_weight': 3.7505062270862175, 'gamma': 1.7757780430646084, 'subsample': 0.6039610884190989, 'colsample_bytree': 0.6915334368997695, 'learning_rate': 0.054330696313273925}. Best is trial 24 with value: -0.07778823080724441.
[32m[I 2024-01-25 13:54:54,984][39m Trial 69 finished with value: -0.0915503401831545 and parameters: {'n_estimators': 387, 'max_depth': 5, 'min_child_weight': 4.677751903431937, 'gamma': 0.6128024090327725, 'subsample': 0.5637065086575762, 'colsample_bytree': 0.5756521569984777, 'learning_rate': 0.07081819887984579}. Best is trial 24 with value: -0.07778823080724441.
[32m[I 2024-01-25 13:54:55,615][39m Trial 70 finished with value: -0.2029632310323281 and parameters: {'n_estimators': 587, 'max_depth': 35, 'min_child_weight': 5.80850409277762, 'gamma': 5.118039292233947, 'subsample': 0.5715653215234107, 'colsample_bytree': 0.9395222567667981, 'learning_rate': 0.05835286244662342}. Best is trial 24 with value: -0.07778823080724441.
[32m[I 2024-01-25 13:54:56,549][39m Trial 71 finished with value: -0.0782709206725696 and parameters: {'n_estimators': 277, 'max_depth': 31, 'min_child_weight': 3.3665281759397088, 'gamma': 0.014920637462444195, 'subsample': 0.6287655742157273, 'colsample_bytree': 0.5559719868693334, 'learning_rate': 0.048998380724594774}. Best is trial 24 with value: -0.07778823080724441.
[32m[I 2024-01-25 13:54:57,338][39m Trial 72 finished with value: -0.08011576247173799 and parameters: {'n_estimators': 445, 'max_depth': 31, 'min_child_weight': 2.893422998947519, 'gamma': 0.06160494715916527, 'subsample': 0.5500887497745712, 'colsample_bytree': 0.5638298932698989, 'learning_rate': 0.035840319200282314}. Best is trial 24 with value: -0.07778823080724441.
[32m[I 2024-01-25 13:54:57,707][39m Trial 73 finished with value: -0.08749620411863815 and parameters: {'n_estimators': 276, 'max_depth': 28, 'min_child_weight': 3.4022749936390335, 'gamma': 0.35369401270818845, 'subsample': 0.6340956986280584, 'colsample_bytree': 0.515894614925886, 'learning_rate': 0.049627033172508384}. Best is trial 24 with value: -0.07778823080724441.
[32m[I 2024-01-25 13:54:58,361][39m Trial 74 finished with value: -0.09738201143544603 and parameters: {'n_estimators': 372, 'max_depth': 26, 'min_child_weight': 2.645045820543663, 'gamma': 0.7140152454467733, 'subsample': 0.6239822945034027, 'colsample_bytree': 0.6110177772831282, 'learning_rate': 0.06299314517446301}. Best is trial 24 with value: -0.07778823080724441.
[32m[I 2024-01-25 13:54:58,920][39m Trial 75 finished with value: -0.10787111764752 and parameters: {'n_estimators': 480, 'max_depth': 23, 'min_child_weight': 2.202595347099169, 'gamma': 1.253904032771497, 'subsample': 0.5913354545324894, 'colsample_bytree': 0.5460952526314503, 'learning_rate': 0.04640350050992626}. Best is trial 24 with value: -0.07778823080724441.
[32m[I 2024-01-25 13:54:59,753][39m Trial 76 finished with value: -0.08156276492793174 and parameters: {'n_estimators': 529, 'max_depth': 30, 'min_child_weight': 1.9320012048006827, 'gamma': 0.0833484679909478, 'subsample': 0.5157072736308352, 'colsample_bytree': 0.6364820764624085, 'learning_rate': 0.041386579950900365}. Best is trial 24 with value: -0.07778823080724441.
[32m[I 2024-01-25 13:55:00,372][39m Trial 77 finished with value: -0.10223632361136281 and parameters: {'n_estimators': 412, 'max_depth': 37, 'min_child_weight': 3.049810812160296, 'gamma': 0.9976702632506137, 'subsample': 0.5375188383951871, 'colsample_bytree': 0.5947962680548367, 'learning_rate': 0.0541292859225644}. Best is trial 24 with value: -0.07778823080724441.
[32m[I 2024-01-25 13:55:00,641][39m Trial 78 finished with value: -0.21637374932484135 and parameters: {'n_estimators': 140, 'max_depth': 33, 'min_child_weight': 1.332941355157351, 'gamma': 7.372985522927491, 'subsample': 0.5999281249108263, 'colsample_bytree': 0.578285684429721, 'learning_rate': 0.09533103224185266}. Best is trial 24 with value: -0.07778823080724441.
[32m[I 2024-01-25 13:55:00,938][39m Trial 79 finished with value: -0.08624308889591345 and parameters: {'n_estimators': 205, 'max_depth': 10, 'min_child_weight': 3.7755594602331097, 'gamma': 0.30726239569704217, 'subsample': 0.7350798980997078, 'colsample_bytree': 0.6491408492223396, 'learning_rate': 0.08190945940859223}. Best is trial 24 with value: -0.07778823080724441.
[32m[I 2024-01-25 13:55:01,725][39m Trial 80 finished with value: -0.0896005719691008 and parameters: {'n_estimators': 898, 'max_depth': 28, 'min_child_weight': 4.175755070431331, 'gamma': 0.6233780835907929, 'subsample': 0.5285971242039078, 'colsample_bytree': 0.5356484946252127, 'learning_rate': 0.08705762664669431}. Best is trial 24 with value: -0.07778823080724441.
[32m[I 2024-01-25 13:55:02,326][39m Trial 81 finished with value: -0.08090690391487082 and parameters: {'n_estimators': 244, 'max_depth': 50, 'min_child_weight': 3.4372492273235546, 'gamma': 0.09094349953332029, 'subsample': 0.6519509195507358, 'colsample_bytree': 0.5550160642440024, 'learning_rate': 0.05076649713953415}. Best is trial 24 with value: -0.07778823080724441.
[32m[I 2024-01-25 13:55:02,985][39m Trial 82 finished with value: -0.07877527249218279 and parameters: {'n_estimators': 327, 'max_depth': 24, 'min_child_weight': 3.282593591863732, 'gamma': 0.025557653565302506, 'subsample': 0.6773431117247282, 'colsample_bytree': 0.5646823009698856, 'learning_rate': 0.0471040242452703}. Best is trial 24 with value: -0.07778823080724441.
[32m[I 2024-01-25 13:55:03,510][39m Trial 83 finished with value: -0.08154015938382199 and parameters: {'n_estimators': 272, 'max_depth': 25, 'min_child_weight': 2.718886595504513, 'gamma': 0.010738840582572039, 'subsample': 0.7091235845420314, 'colsample_bytree': 0.61766771067218, 'learning_rate': 0.04097313598976927}. Best is trial 24 with value: -0.07778823080724441.
[32m[I 2024-01-25 13:55:03,975][39m Trial 84 finished with value: -0.09494399392903277 and parameters: {'n_estimators': 330, 'max_depth': 20, 'min_child_weight': 2.4528500710141325, 'gamma': 0.4615047281952166, 'subsample': 0.6692154581384618, 'colsample_bytree': 0.5674133121009848, 'learning_rate': 0.030643554070525568}. Best is trial 24 with value: -0.07778823080724441.
[32m[I 2024-01-25 13:55:04,481][39m Trial 85 finished with value: -0.09961384829699663 and parameters: {'n_estimators': 366, 'max_depth': 23, 'min_child_weight': 3.6491105356749904, 'gamma': 0.8374410279382726, 'subsample': 0.5849480157183446, 'colsample_bytree': 0.5981123905630192, 'learning_rate': 0.044150362845137875}. Best is trial 24 with value: -0.07778823080724441.
[32m[I 2024-01-25 13:55:04,953][39m Trial 86 finished with value: -0.10847871985071311 and parameters: {'n_estimators': 430, 'max_depth': 30, 'min_child_weight': 3.1935643071667803, 'gamma': 1.4962908526225946, 'subsample': 0.6843162903913954, 'colsample_bytree': 0.5275361652563015, 'learning_rate': 0.059624670751304704}. Best is trial 24 with value: -0.07778823080724441.
[32m[I 2024-01-25 13:55:05,378][39m Trial 87 finished with value: -0.10136731356294464 and parameters: {'n_estimators': 309, 'max_depth': 32, 'min_child_weight': 2.8011446044645627, 'gamma': 0.27796899060421315, 'subsample': 0.5557140752088815, 'colsample_bytree': 0.866390367699641, 'learning_rate': 0.06732154530579361}. Best is trial 24 with value: -0.07778823080724441.
[32m[I 2024-01-25 13:55:06,023][39m Trial 88 finished with value: -0.11810338494540114 and parameters: {'n_estimators': 482, 'max_depth': 15, 'min_child_weight': 1.8081354429847782, 'gamma': 0.6440883107758072, 'subsample': 0.7632563892467393, 'colsample_bytree': 0.6688660123132195, 'learning_rate': 0.027550639495506186}. Best is trial 24 with value: -0.07778823080724441.
[32m[I 2024-01-25 13:55:06,466][39m Trial 89 finished with value: -0.10263003415750913 and parameters: {'n_estimators': 279, 'max_depth': 28, 'min_child_weight': 4.509815233474646, 'gamma': 1.0910937307664785, 'subsample': 0.5070284024298501, 'colsample_bytree': 0.6253520313072256, 'learning_rate': 0.07593856163227915}. Best is trial 24 with value: -0.07778823080724441.
[32m[I 2024-01-25 13:55:07,426][39m Trial 90 finished with value: -0.0995353296320327 and parameters: {'n_estimators': 396, 'max_depth': 24, 'min_child_weight': 4.878272989634693, 'gamma': 0.28828928788228936, 'subsample': 0.617328346006341, 'colsample_bytree': 0.5521814085590416, 'learning_rate': 0.020170728376358346}. Best is trial 24 with value: -0.07778823080724441.
[32m[I 2024-01-25 13:55:08,680][39m Trial 91 finished with value: -0.07962825182954282 and parameters: {'n_estimators': 254, 'max_depth': 26, 'min_child_weight': 3.4123784178492795, 'gamma': 0.012249937377128442, 'subsample': 0.6296263311439935, 'colsample_bytree': 0.5800709319075144, 'learning_rate': 0.04754830857517293}. Best is trial 24 with value: -0.07778823080724441.
[32m[I 2024-01-25 13:55:09,982][39m Trial 92 finished with value: -0.07728860880585386 and parameters: {'n_estimators': 351, 'max_depth': 27, 'min_child_weight': 3.325348134441297, 'gamma': 0.002227314138291709, 'subsample': 0.5723773719955866, 'colsample_bytree': 0.582844483980571, 'learning_rate': 0.0485847892187077}. Best is trial 92 with value: -0.07728860880585386.
[32m[I 2024-01-25 13:55:10,648][39m Trial 93 finished with value: -0.09005559879942622 and parameters: {'n_estimators': 449, 'max_depth': 22, 'min_child_weight': 3.0119334802859083, 'gamma': 0.5010131576027306, 'subsample': 0.5706264569566554, 'colsample_bytree': 0.5665858502308266, 'learning_rate': 0.03951856886176301}. Best is trial 92 with value: -0.07728860880585386.
[32m[I 2024-01-25 13:55:11,136][39m Trial 94 finished with value: -0.16170562910896152 and parameters: {'n_estimators': 351, 'max_depth': 29, 'min_child_weight': 4.140950242623557, 'gamma': 4.171157935606746, 'subsample': 0.6461858970496648, 'colsample_bytree': 0.5872843096263415, 'learning_rate': 0.05395507990724894}. Best is trial 92 with value: -0.07728860880585386.
[32m[I 2024-01-25 13:55:11,601][39m Trial 95 finished with value: -0.08516016322583993 and parameters: {'n_estimators': 336, 'max_depth': 27, 'min_child_weight': 2.309204760570897, 'gamma': 0.28198226468782417, 'subsample': 0.6098756277761959, 'colsample_bytree': 0.6039640388553364, 'learning_rate': 0.0505888217852522}. Best is trial 92 with value: -0.07728860880585386.
[32m[I 2024-01-25 13:55:13,698][39m Trial 96 finished with value: -0.09575366895977895 and parameters: {'n_estimators': 560, 'max_depth': 25, 'min_child_weight': 3.2876837030993546, 'gamma': 0.7543734973053755, 'subsample': 0.5461543905668791, 'colsample_bytree': 0.6414191340470954, 'learning_rate': 0.03380077014922261}. Best is trial 92 with value: -0.07728860880585386.
[32m[I 2024-01-25 13:55:16,146][39m Trial 97 finished with value: -0.08799003595750692 and parameters: {'n_estimators': 499, 'max_depth': 35, 'min_child_weight': 3.8921547623536794, 'gamma': 0.5213828041680587, 'subsample': 0.5772890601341367, 'colsample_bytree': 0.5110928502125034, 'learning_rate': 0.05667423418356596}. Best is trial 92 with value: -0.07728860880585386.
[32m[I 2024-01-25 13:55:17,905][39m Trial 98 finished with value: -0.09024898899169218 and parameters: {'n_estimators': 209, 'max_depth': 32, 'min_child_weight': 2.47264407882871, 'gamma': 0.19387139792461058, 'subsample': 0.5948449868757945, 'colsample_bytree': 0.6558160175561533, 'learning_rate': 0.04461346863276507}. Best is trial 92 with value: -0.07728860880585386.
[32m[I 2024-01-25 13:55:20,123][39m Trial 99 finished with value: -0.10365984272081093 and parameters: {'n_estimators': 402, 'max_depth': 30, 'min_child_weight': 2.188241497118127, 'gamma': 0.9659615709837129, 'subsample': 0.5264049405713858, 'colsample_bytree': 0.6123798936959854, 'learning_rate': 0.048965435501954216}. Best is trial 92 with value: -0.07728860880585386.
[32m[I 2024-01-25 13:55:22,513][39m Trial 100 finished with value: -0.10949247758048153 and parameters: {'n_estimators': 437, 'max_depth': 21, 'min_child_weight': 3.58433963304702, 'gamma': 1.2236313032675703, 'subsample': 0.5134199852134691, 'colsample_bytree': 0.5361824044013699, 'learning_rate': 0.03589789328382584}. Best is trial 92 with value: -0.07728860880585386.
[32m[I 2024-01-25 13:55:24,091][39m Trial 101 finished with value: -0.08548368018920603 and parameters: {'n_estimators': 260, 'max_depth': 23, 'min_child_weight': 3.303170978340877, 'gamma': 0.20527119504360497, 'subsample': 0.6247543922562523, 'colsample_bytree': 0.579412307480478, 'learning_rate': 0.04635262107740794}. Best is trial 92 with value: -0.07728860880585386.
[32m[I 2024-01-25 13:55:27,461][39m Trial 102 finished with value: -0.07906404132382641 and parameters: {'n_estimators': 296, 'max_depth': 26, 'min_child_weight': 3.0936276259981064, 'gamma': 0.011161833547952823, 'subsample': 0.629971302655079, 'colsample_bytree': 0.5863921478433937, 'learning_rate': 0.042576130131168156}. Best is trial 92 with value: -0.07728860880585386.
[32m[I 2024-01-25 13:55:29,690][39m Trial 103 finished with value: -0.0928776401863993 and parameters: {'n_estimators': 304, 'max_depth': 28, 'min_child_weight': 3.007024926647147, 'gamma': 0.47633921185303313, 'subsample': 0.5672468948032544, 'colsample_bytree': 0.5877441696224983, 'learning_rate': 0.042267647338213706}. Best is trial 92 with value: -0.07728860880585386.
[32m[I 2024-01-25 13:55:34,837][39m Trial 104 finished with value: -0.07821042669745719 and parameters: {'n_estimators': 467, 'max_depth': 26, 'min_child_weight': 2.7072706718616026, 'gamma': 0.018935266149629808, 'subsample': 0.5537505161892762, 'colsample_bytree': 0.6277290438170671, 'learning_rate': 0.03902287708750306}. Best is trial 92 with value: -0.07728860880585386.
[32m[I 2024-01-25 13:55:37,681][39m Trial 105 finished with value: -0.09676004444568631 and parameters: {'n_estimators': 515, 'max_depth': 26, 'min_child_weight': 2.806130374494561, 'gamma': 0.7354700571857089, 'subsample': 0.5540563009421307, 'colsample_bytree': 0.6267277346281819, 'learning_rate': 0.03728518181821342}. Best is trial 92 with value: -0.07728860880585386.
[32m[I 2024-01-25 13:55:39,934][39m Trial 106 finished with value: -0.16081182606100067 and parameters: {'n_estimators': 465, 'max_depth': 34, 'min_child_weight': 2.5731868557030135, 'gamma': 3.6029739539884287, 'subsample': 0.5424599563203589, 'colsample_bytree': 0.5608307015081764, 'learning_rate': 0.03990638278577772}. Best is trial 92 with value: -0.07728860880585386.
[32m[I 2024-01-25 13:55:41,831][39m Trial 107 finished with value: -0.09409956832712287 and parameters: {'n_estimators': 224, 'max_depth': 24, 'min_child_weight': 3.800471890104306, 'gamma': 0.284395790265329, 'subsample': 0.5352001408894151, 'colsample_bytree': 0.546781509336605, 'learning_rate': 0.043526389675326294}. Best is trial 92 with value: -0.07728860880585386.
[32m[I 2024-01-25 13:55:44,302][39m Trial 108 finished with value: -0.11882269163109868 and parameters: {'n_estimators': 322, 'max_depth': 29, 'min_child_weight': 3.1019696029447745, 'gamma': 0.53103128666845, 'subsample': 0.5827247612488966, 'colsample_bytree': 0.6853387184289922, 'learning_rate': 0.03530586299181873}. Best is trial 92 with value: -0.07728860880585386.
[32m[I 2024-01-25 13:55:45,616][39m Trial 109 finished with value: -0.07767176178049115 and parameters: {'n_estimators': 366, 'max_depth': 31, 'min_child_weight': 2.0662672098236072, 'gamma': 0.0006608540958367437, 'subsample': 0.523574168858207, 'colsample_bytree': 0.5977194003634856, 'learning_rate': 0.04548376772652489}. Best is trial 92 with value: -0.07728860880585386.
[32m[I 2024-01-25 13:55:45,795][39m A new study created in memory with name: no-name-c8a519fc-9cea-4ac9-ad91-0a34f1006fe8
[32m[I 2024-01-25 13:55:45,949][39m Trial 0 finished with value: -0.4458558292558202 and parameters: {'n_estimators': 117, 'max_depth': 44, 'min_child_weight': 5.941752449436698, 'gamma': 6.7163296988508, 'subsample': 0.9793356702795049, 'colsample_bytree': 0.5774042387685787, 'learning_rate': 0.01731823000402929}. Best is trial 0 with value: -0.4458558292558202.
[32m[I 2024-01-25 13:55:46,914][39m Trial 1 finished with value: -0.0854741410482143 and parameters: {'n_estimators': 736, 'max_depth': 36, 'min_child_weight': 6.8580692156074194, 'gamma': 0.2798346166588639, 'subsample': 0.9471238026070725, 'colsample_bytree': 0.6591056225899676, 'learning_rate': 0.034249017345911535}. Best is trial 1 with value: -0.0854741410482143.
[32m[I 2024-01-25 13:55:47,174][39m Trial 2 finished with value: -0.20575098245840895 and parameters: {'n_estimators': 167, 'max_depth': 18, 'min_child_weight': 3.4924106431678474, 'gamma': 4.736721537774223, 'subsample': 0.7660458456578098, 'colsample_bytree': 0.7490709519498533, 'learning_rate': 0.048614338995158844}. Best is trial 1 with value: -0.0854741410482143.
[32m[I 2024-01-25 13:55:47,907][39m Trial 3 finished with value: -0.2652670540840495 and parameters: {'n_estimators': 615, 'max_depth': 33, 'min_child_weight': 5.305435246831392, 'gamma': 2.235743427130148, 'subsample': 0.5235869398648672, 'colsample_bytree': 0.5108165654473031, 'learning_rate': 0.005873623733729391}. Best is trial 1 with value: -0.0854741410482143.
[32m[I 2024-01-25 13:55:48,210][39m Trial 4 finished with value: -0.2727538160227907 and parameters: {'n_estimators': 374, 'max_depth': 35, 'min_child_weight': 7.9905287233800095, 'gamma': 9.637246525513856, 'subsample': 0.7195285326823508, 'colsample_bytree': 0.9211926896094619, 'learning_rate': 0.07561919677231226}. Best is trial 1 with value: -0.0854741410482143.
[32m[I 2024-01-25 13:55:49,099][39m Trial 5 finished with value: -0.09291049318906786 and parameters: {'n_estimators': 996, 'max_depth': 1, 'min_child_weight': 7.809110828471467, 'gamma': 0.8425133824532649, 'subsample': 0.8171954879278875, 'colsample_bytree': 0.705354861290368, 'learning_rate': 0.0783764808633025}. Best is trial 1 with value: -0.0854741410482143.
[32m[I 2024-01-25 13:55:49,664][39m Trial 6 finished with value: -0.22436871930300023 and parameters: {'n_estimators': 785, 'max_depth': 3, 'min_child_weight': 7.686276181675159, 'gamma': 4.279779383512299, 'subsample': 0.6296861230820617, 'colsample_bytree': 0.7485220098507264, 'learning_rate': 0.0340583998625125}. Best is trial 1 with value: -0.0854741410482143.
[32m[I 2024-01-25 13:55:50,084][39m Trial 7 finished with value: -0.17197578842484398 and parameters: {'n_estimators': 509, 'max_depth': 8, 'min_child_weight': 4.345525494179461, 'gamma': 5.511810288472816, 'subsample': 0.881659492363682, 'colsample_bytree': 0.5066671394767561, 'learning_rate': 0.06866130206323093}. Best is trial 1 with value: -0.0854741410482143.
[32m[I 2024-01-25 13:55:50,656][39m Trial 8 finished with value: -0.2821549509767502 and parameters: {'n_estimators': 399, 'max_depth': 13, 'min_child_weight': 3.666067390406122, 'gamma': 6.062075035522904, 'subsample': 0.6246106704803858, 'colsample_bytree': 0.7537336133508605, 'learning_rate': 0.007093087651741107}. Best is trial 1 with value: -0.0854741410482143.
[32m[I 2024-01-25 13:55:51,098][39m Trial 9 finished with value: -0.1577614730625188 and parameters: {'n_estimators': 416, 'max_depth': 12, 'min_child_weight': 8.803555584234179, 'gamma': 3.7395201666511113, 'subsample': 0.884487287524043, 'colsample_bytree': 0.6180297781379079, 'learning_rate': 0.09818340219593383}. Best is trial 1 with value: -0.0854741410482143.
[32m[I 2024-01-25 13:55:52,067][39m Trial 10 finished with value: -0.10812745443220477 and parameters: {'n_estimators': 801, 'max_depth': 46, 'min_child_weight': 1.3644252589191952, 'gamma': 0.10584011025102313, 'subsample': 0.9953529536954377, 'colsample_bytree': 0.8953336291768565, 'learning_rate': 0.03232399853076282}. Best is trial 1 with value: -0.0854741410482143.
