[32m[I 2024-01-25 13:55:53,002][39m Trial 11 finished with value: -0.13709086610747756 and parameters: {'n_estimators': 974, 'max_depth': 27, 'min_child_weight': 9.903917715338693, 'gamma': 0.23774271086948212, 'subsample': 0.8554316860572323, 'colsample_bytree': 0.669311939598013, 'learning_rate': 0.0675548812678686}. Best is trial 1 with value: -0.0854741410482143.
[32m[I 2024-01-25 13:55:53,807][39m Trial 12 finished with value: -0.14507683453067668 and parameters: {'n_estimators': 970, 'max_depth': 24, 'min_child_weight': 6.699264124505594, 'gamma': 2.02240685825526, 'subsample': 0.8108307551863618, 'colsample_bytree': 0.8403401594586712, 'learning_rate': 0.09979430589942917}. Best is trial 1 with value: -0.0854741410482143.
[32m[I 2024-01-25 13:55:54,435][39m Trial 13 finished with value: -0.14082598983733277 and parameters: {'n_estimators': 765, 'max_depth': 40, 'min_child_weight': 6.83960087624734, 'gamma': 1.7371575907357983, 'subsample': 0.9342565540720825, 'colsample_bytree': 0.6843804601122754, 'learning_rate': 0.05038240873105966}. Best is trial 1 with value: -0.0854741410482143.
[32m[I 2024-01-25 13:55:55,449][39m Trial 14 finished with value: -0.16015921552058057 and parameters: {'n_estimators': 867, 'max_depth': 50, 'min_child_weight': 9.240334452735693, 'gamma': 1.173328116877781, 'subsample': 0.706830899020655, 'colsample_bytree': 0.812415666746994, 'learning_rate': 0.07832055137586226}. Best is trial 1 with value: -0.0854741410482143.
[32m[I 2024-01-25 13:55:56,480][39m Trial 15 finished with value: -0.14843007989549722 and parameters: {'n_estimators': 627, 'max_depth': 25, 'min_child_weight': 8.049893023289588, 'gamma': 3.1547502535318945, 'subsample': 0.9281000070265996, 'colsample_bytree': 0.6614428369646786, 'learning_rate': 0.05147316568228999}. Best is trial 1 with value: -0.0854741410482143.
[32m[I 2024-01-25 13:55:57,835][39m Trial 16 finished with value: -0.24726468961801856 and parameters: {'n_estimators': 655, 'max_depth': 33, 'min_child_weight': 5.4342163788550675, 'gamma': 7.503046558911638, 'subsample': 0.7841753428964936, 'colsample_bytree': 0.9951388680887431, 'learning_rate': 0.029877036748228936}. Best is trial 1 with value: -0.0854741410482143.
[32m[I 2024-01-25 13:55:58,989][39m Trial 17 finished with value: -0.13520675767146698 and parameters: {'n_estimators': 888, 'max_depth': 3, 'min_child_weight': 6.875948096786793, 'gamma': 2.8122214068593587, 'subsample': 0.8175528210242395, 'colsample_bytree': 0.5828653521772235, 'learning_rate': 0.05879487313473436}. Best is trial 1 with value: -0.0854741410482143.
[32m[I 2024-01-25 13:55:59,925][39m Trial 18 finished with value: -0.11892023960891077 and parameters: {'n_estimators': 691, 'max_depth': 19, 'min_child_weight': 1.9050434008484878, 'gamma': 0.9067320211189355, 'subsample': 0.940874556905429, 'colsample_bytree': 0.7174607625778232, 'learning_rate': 0.08927562108703824}. Best is trial 1 with value: -0.0854741410482143.
[32m[I 2024-01-25 13:56:01,266][39m Trial 19 finished with value: -0.27409857851195224 and parameters: {'n_estimators': 993, 'max_depth': 40, 'min_child_weight': 7.5900022244849135, 'gamma': 8.957681806927566, 'subsample': 0.8575725546841775, 'colsample_bytree': 0.8037480695607745, 'learning_rate': 0.04064083156051709}. Best is trial 1 with value: -0.0854741410482143.
[32m[I 2024-01-25 13:56:04,051][39m Trial 20 finished with value: -0.12902525782756158 and parameters: {'n_estimators': 531, 'max_depth': 30, 'min_child_weight': 8.838177484312057, 'gamma': 1.0181843751844522, 'subsample': 0.6716758329985784, 'colsample_bytree': 0.6200647507206325, 'learning_rate': 0.01901765506211947}. Best is trial 1 with value: -0.0854741410482143.
[32m[I 2024-01-25 13:56:09,250][39m Trial 21 finished with value: -0.11224090727326383 and parameters: {'n_estimators': 841, 'max_depth': 50, 'min_child_weight': 1.09610924326816, 'gamma': 0.2413259848600785, 'subsample': 0.9924406230077504, 'colsample_bytree': 0.8827054112230237, 'learning_rate': 0.023390779659098672}. Best is trial 1 with value: -0.0854741410482143.
[32m[I 2024-01-25 13:56:15,303][39m Trial 22 finished with value: -0.10491088298653459 and parameters: {'n_estimators': 742, 'max_depth': 44, 'min_child_weight': 2.5013565986409354, 'gamma': 0.0026978628594014342, 'subsample': 0.9945136957691147, 'colsample_bytree': 0.9523155945900403, 'learning_rate': 0.03912830729299617}. Best is trial 1 with value: -0.0854741410482143.
[32m[I 2024-01-25 13:56:16,721][39m Trial 23 finished with value: -0.13277594456165717 and parameters: {'n_estimators': 230, 'max_depth': 39, 'min_child_weight': 2.866833562610586, 'gamma': 1.3751293808833152, 'subsample': 0.925109114933703, 'colsample_bytree': 0.6971950952451622, 'learning_rate': 0.062046075229947165}. Best is trial 1 with value: -0.0854741410482143.
[32m[I 2024-01-25 13:56:19,808][39m Trial 24 finished with value: -0.13327010420850588 and parameters: {'n_estimators': 742, 'max_depth': 44, 'min_child_weight': 6.25086468519285, 'gamma': 2.705045685405115, 'subsample': 0.9555098706381007, 'colsample_bytree': 0.6367761040600081, 'learning_rate': 0.0462292700102766}. Best is trial 1 with value: -0.0854741410482143.
[32m[I 2024-01-25 13:56:20,108][39m Trial 25 finished with value: -0.7247276663310995 and parameters: {'n_estimators': 11, 'max_depth': 37, 'min_child_weight': 5.177198247852925, 'gamma': 0.7083940000449312, 'subsample': 0.8950168771496283, 'colsample_bytree': 0.9544717443233766, 'learning_rate': 0.0407071263694447}. Best is trial 1 with value: -0.0854741410482143.
[32m[I 2024-01-25 13:56:23,800][39m Trial 26 finished with value: -0.09686349985784695 and parameters: {'n_estimators': 879, 'max_depth': 30, 'min_child_weight': 4.5247277512390305, 'gamma': 0.13196142418773227, 'subsample': 0.843965615999513, 'colsample_bytree': 0.7883578846534594, 'learning_rate': 0.08159149467378424}. Best is trial 1 with value: -0.0854741410482143.
[32m[I 2024-01-25 13:56:27,041][39m Trial 27 finished with value: -0.17750597685872654 and parameters: {'n_estimators': 917, 'max_depth': 21, 'min_child_weight': 4.756886202656104, 'gamma': 3.5514930513895715, 'subsample': 0.8261344507952487, 'colsample_bytree': 0.7986045222961674, 'learning_rate': 0.08583348566404501}. Best is trial 1 with value: -0.0854741410482143.
[32m[I 2024-01-25 13:56:30,496][39m Trial 28 finished with value: -0.149756931504167 and parameters: {'n_estimators': 918, 'max_depth': 29, 'min_child_weight': 4.083795737836929, 'gamma': 2.331997898374497, 'subsample': 0.7385658769601138, 'colsample_bytree': 0.7244021778990211, 'learning_rate': 0.0822837113540269}. Best is trial 1 with value: -0.0854741410482143.
[32m[I 2024-01-25 13:56:33,460][39m Trial 29 finished with value: -0.21023345264761512 and parameters: {'n_estimators': 834, 'max_depth': 15, 'min_child_weight': 6.060459135508736, 'gamma': 7.519831488304401, 'subsample': 0.7893189478585454, 'colsample_bytree': 0.550175064328344, 'learning_rate': 0.09215582150444868}. Best is trial 1 with value: -0.0854741410482143.
