[32m[I 2024-01-25 13:53:01,464][39m Trial 58 finished with value: -0.09078271268532952 and parameters: {'n_estimators': 905, 'max_depth': 33, 'min_child_weight': 2.586888622516353, 'gamma': 0.5611830917192454, 'subsample': 0.5913457356564991, 'colsample_bytree': 0.5637211479504023, 'learning_rate': 0.07959041546513952}. Best is trial 53 with value: -0.08484827097212597.
[32m[I 2024-01-25 13:53:02,413][39m Trial 59 finished with value: -0.10399400944513311 and parameters: {'n_estimators': 896, 'max_depth': 29, 'min_child_weight': 2.075229484696639, 'gamma': 1.4210096887040977, 'subsample': 0.5774432083338144, 'colsample_bytree': 0.500589137569309, 'learning_rate': 0.07971817204932413}. Best is trial 53 with value: -0.08484827097212597.
[32m[I 2024-01-25 13:53:03,528][39m Trial 60 finished with value: -0.11212646130518289 and parameters: {'n_estimators': 951, 'max_depth': 34, 'min_child_weight': 4.99181222423956, 'gamma': 1.779849076037558, 'subsample': 0.6028789128401375, 'colsample_bytree': 0.5698058945432402, 'learning_rate': 0.07338316261937577}. Best is trial 53 with value: -0.08484827097212597.
[32m[I 2024-01-25 13:53:04,731][39m Trial 61 finished with value: -0.08441862240621498 and parameters: {'n_estimators': 866, 'max_depth': 40, 'min_child_weight': 4.41147223828078, 'gamma': 0.4558652499852961, 'subsample': 0.6132667900323441, 'colsample_bytree': 0.5104205256135703, 'learning_rate': 0.08274071265460733}. Best is trial 61 with value: -0.08441862240621498.
[32m[I 2024-01-25 13:53:05,895][39m Trial 62 finished with value: -0.08512925968453844 and parameters: {'n_estimators': 881, 'max_depth': 37, 'min_child_weight': 2.8345542418972167, 'gamma': 0.4261121919705805, 'subsample': 0.5378492542566603, 'colsample_bytree': 0.5066410461791386, 'learning_rate': 0.0819967912357458}. Best is trial 61 with value: -0.08441862240621498.
[32m[I 2024-01-25 13:53:06,680][39m Trial 63 finished with value: -0.08575924683661804 and parameters: {'n_estimators': 867, 'max_depth': 37, 'min_child_weight': 3.1904687388140713, 'gamma': 0.5410083998465911, 'subsample': 0.5377380035283946, 'colsample_bytree': 0.5033753768681075, 'learning_rate': 0.08275424661979988}. Best is trial 61 with value: -0.08441862240621498.
[32m[I 2024-01-25 13:53:07,660][39m Trial 64 finished with value: -0.09118332680798569 and parameters: {'n_estimators': 853, 'max_depth': 40, 'min_child_weight': 3.0921766654523575, 'gamma': 0.8805185197601639, 'subsample': 0.533703795591644, 'colsample_bytree': 0.5289629156603946, 'learning_rate': 0.08632919088403283}. Best is trial 61 with value: -0.08441862240621498.
[32m[I 2024-01-25 13:53:08,529][39m Trial 65 finished with value: -0.0903641755619055 and parameters: {'n_estimators': 850, 'max_depth': 38, 'min_child_weight': 3.178622531117953, 'gamma': 0.8562213672755085, 'subsample': 0.5278950787838939, 'colsample_bytree': 0.5253489098335169, 'learning_rate': 0.08753999383339536}. Best is trial 61 with value: -0.08441862240621498.
[32m[I 2024-01-25 13:53:09,509][39m Trial 66 finished with value: -0.10576700860558137 and parameters: {'n_estimators': 971, 'max_depth': 38, 'min_child_weight': 3.6978482751936483, 'gamma': 1.5429624750849682, 'subsample': 0.5450002459042839, 'colsample_bytree': 0.5231969296530208, 'learning_rate': 0.08098943291540685}. Best is trial 61 with value: -0.08441862240621498.
[32m[I 2024-01-25 13:53:10,401][39m Trial 67 finished with value: -0.089772474436099 and parameters: {'n_estimators': 857, 'max_depth': 36, 'min_child_weight': 2.225700999053003, 'gamma': 0.6663853549768308, 'subsample': 0.5043071533736602, 'colsample_bytree': 0.5600645212782515, 'learning_rate': 0.07206461952659313}. Best is trial 61 with value: -0.08441862240621498.
[32m[I 2024-01-25 13:53:11,361][39m Trial 68 finished with value: -0.11339151816905713 and parameters: {'n_estimators': 853, 'max_depth': 45, 'min_child_weight': 3.2053338002289262, 'gamma': 2.0681623638835807, 'subsample': 0.5189809612413099, 'colsample_bytree': 0.5427093156114393, 'learning_rate': 0.09013954785632335}. Best is trial 61 with value: -0.08441862240621498.
[32m[I 2024-01-25 13:53:12,080][39m Trial 69 finished with value: -0.10440304400199696 and parameters: {'n_estimators': 745, 'max_depth': 38, 'min_child_weight': 2.4894917005154085, 'gamma': 1.226271100255818, 'subsample': 0.5668045559098336, 'colsample_bytree': 0.5808779985935474, 'learning_rate': 0.07470128085105203}. Best is trial 61 with value: -0.08441862240621498.
[32m[I 2024-01-25 13:53:12,954][39m Trial 70 finished with value: -0.09334956650765625 and parameters: {'n_estimators': 819, 'max_depth': 36, 'min_child_weight': 4.600900962050916, 'gamma': 0.8178460895216633, 'subsample': 0.5110455554566536, 'colsample_bytree': 0.521755313994898, 'learning_rate': 0.07080076912385197}. Best is trial 61 with value: -0.08441862240621498.
[32m[I 2024-01-25 13:53:13,811][39m Trial 71 finished with value: -0.08937383791118525 and parameters: {'n_estimators': 877, 'max_depth': 30, 'min_child_weight': 2.7606325202311552, 'gamma': 0.5713309350305334, 'subsample': 0.5472221505357406, 'colsample_bytree': 0.5587595994622778, 'learning_rate': 0.08377539518281805}. Best is trial 61 with value: -0.08441862240621498.
[32m[I 2024-01-25 13:53:14,867][39m Trial 72 finished with value: -0.08398079989583146 and parameters: {'n_estimators': 879, 'max_depth': 32, 'min_child_weight': 2.194995222201833, 'gamma': 0.35306388074215994, 'subsample': 0.5500746952719234, 'colsample_bytree': 0.5464220709339964, 'learning_rate': 0.08371229146445172}. Best is trial 72 with value: -0.08398079989583146.
[32m[I 2024-01-25 13:53:15,873][39m Trial 73 finished with value: -0.082744060077551 and parameters: {'n_estimators': 882, 'max_depth': 31, 'min_child_weight': 1.7969668287227365, 'gamma': 0.31148764419105546, 'subsample': 0.5463200387934324, 'colsample_bytree': 0.5477373993482337, 'learning_rate': 0.08298736447403768}. Best is trial 73 with value: -0.082744060077551.
[32m[I 2024-01-25 13:53:16,742][39m Trial 74 finished with value: -0.1679394103893383 and parameters: {'n_estimators': 945, 'max_depth': 31, 'min_child_weight': 1.5809270356383371, 'gamma': 4.382841254376531, 'subsample': 0.5532491174668585, 'colsample_bytree': 0.6522760587281038, 'learning_rate': 0.08238876754348953}. Best is trial 73 with value: -0.082744060077551.
[32m[I 2024-01-25 13:53:17,648][39m Trial 75 finished with value: -0.08248377670367787 and parameters: {'n_estimators': 888, 'max_depth': 27, 'min_child_weight': 1.6228013249007995, 'gamma': 0.31070328870004066, 'subsample': 0.6212788577192092, 'colsample_bytree': 0.5460404334223637, 'learning_rate': 0.07702673770906021}. Best is trial 75 with value: -0.08248377670367787.
[32m[I 2024-01-25 13:53:18,610][39m Trial 76 finished with value: -0.0806806319415211 and parameters: {'n_estimators': 816, 'max_depth': 27, 'min_child_weight': 1.7222336447128792, 'gamma': 0.2306099081783526, 'subsample': 0.6206832586937281, 'colsample_bytree': 0.5990665887116795, 'learning_rate': 0.08432744961840032}. Best is trial 76 with value: -0.0806806319415211.
[32m[I 2024-01-25 13:53:19,388][39m Trial 77 finished with value: -0.25046249690023636 and parameters: {'n_estimators': 813, 'max_depth': 25, 'min_child_weight': 1.400582075942939, 'gamma': 9.949192610817505, 'subsample': 0.6180474039056139, 'colsample_bytree': 0.6020450556428705, 'learning_rate': 0.09103205833694933}. Best is trial 76 with value: -0.0806806319415211.
[32m[I 2024-01-25 13:53:20,417][39m Trial 78 finished with value: -0.08203019523213834 and parameters: {'n_estimators': 971, 'max_depth': 27, 'min_child_weight': 1.5226634136993624, 'gamma': 0.2975282451418122, 'subsample': 0.5772117652825837, 'colsample_bytree': 0.5386507650145419, 'learning_rate': 0.07666265391334894}. Best is trial 76 with value: -0.0806806319415211.
[32m[I 2024-01-25 13:53:21,414][39m Trial 79 finished with value: -0.20397663370520788 and parameters: {'n_estimators': 971, 'max_depth': 27, 'min_child_weight': 1.8106659620771044, 'gamma': 7.258274749602423, 'subsample': 0.5750987744794759, 'colsample_bytree': 0.5428319729648435, 'learning_rate': 0.07708185070612796}. Best is trial 76 with value: -0.0806806319415211.
[32m[I 2024-01-25 13:53:22,407][39m Trial 80 finished with value: -0.0832330297938116 and parameters: {'n_estimators': 988, 'max_depth': 22, 'min_child_weight': 1.2797200015115209, 'gamma': 0.27332721614568545, 'subsample': 0.6495122420679881, 'colsample_bytree': 0.5869179072499026, 'learning_rate': 0.08582924863467467}. Best is trial 76 with value: -0.0806806319415211.
[32m[I 2024-01-25 13:53:23,491][39m Trial 81 finished with value: -0.08150253534516295 and parameters: {'n_estimators': 996, 'max_depth': 23, 'min_child_weight': 1.1794546455785928, 'gamma': 0.2336794855790173, 'subsample': 0.6521282226209908, 'colsample_bytree': 0.5871265553045432, 'learning_rate': 0.08504061009028477}. Best is trial 76 with value: -0.0806806319415211.
[32m[I 2024-01-25 13:53:24,712][39m Trial 82 finished with value: -0.08189551418541163 and parameters: {'n_estimators': 965, 'max_depth': 28, 'min_child_weight': 1.080578833401722, 'gamma': 0.20914873118344612, 'subsample': 0.6534022778702052, 'colsample_bytree': 0.6342978430277567, 'learning_rate': 0.08684874024209997}. Best is trial 76 with value: -0.0806806319415211.
[32m[I 2024-01-25 13:53:25,739][39m Trial 83 finished with value: -0.08038776940502408 and parameters: {'n_estimators': 992, 'max_depth': 23, 'min_child_weight': 1.0176914419504388, 'gamma': 0.1975697592175702, 'subsample': 0.6501019289595963, 'colsample_bytree': 0.634653002891274, 'learning_rate': 0.08567822783728156}. Best is trial 83 with value: -0.08038776940502408.
[32m[I 2024-01-25 13:53:26,743][39m Trial 84 finished with value: -0.08184095459970402 and parameters: {'n_estimators': 990, 'max_depth': 23, 'min_child_weight': 1.04760385969823, 'gamma': 0.2613839479681162, 'subsample': 0.6434209757244276, 'colsample_bytree': 0.6349449268770542, 'learning_rate': 0.08550168720593629}. Best is trial 83 with value: -0.08038776940502408.
[32m[I 2024-01-25 13:53:27,889][39m Trial 85 finished with value: -0.10082076838318214 and parameters: {'n_estimators': 997, 'max_depth': 23, 'min_child_weight': 1.1371055465802067, 'gamma': 1.0841018563313358, 'subsample': 0.6537525754612061, 'colsample_bytree': 0.6297963315390163, 'learning_rate': 0.08580129983797204}. Best is trial 83 with value: -0.08038776940502408.
[32m[I 2024-01-25 13:53:28,801][39m Trial 86 finished with value: -0.08447935501322618 and parameters: {'n_estimators': 966, 'max_depth': 21, 'min_child_weight': 1.292461515109396, 'gamma': 0.2928558913163177, 'subsample': 0.6465438193998788, 'colsample_bytree': 0.6307911045259665, 'learning_rate': 0.09298720992271038}. Best is trial 83 with value: -0.08038776940502408.
[32m[I 2024-01-25 13:53:29,873][39m Trial 87 finished with value: -0.08130457313696812 and parameters: {'n_estimators': 996, 'max_depth': 23, 'min_child_weight': 1.7337816448078662, 'gamma': 0.2518534182952842, 'subsample': 0.6304358409241763, 'colsample_bytree': 0.6568896476723576, 'learning_rate': 0.07554583616157595}. Best is trial 83 with value: -0.08038776940502408.
[32m[I 2024-01-25 13:53:30,766][39m Trial 88 finished with value: -0.1265853364317298 and parameters: {'n_estimators': 951, 'max_depth': 28, 'min_child_weight': 1.680373078678346, 'gamma': 1.389248799393411, 'subsample': 0.6296222540383036, 'colsample_bytree': 0.6704460385664858, 'learning_rate': 0.07560698961311244}. Best is trial 83 with value: -0.08038776940502408.
[32m[I 2024-01-25 13:53:31,787][39m Trial 89 finished with value: -0.08053353331776006 and parameters: {'n_estimators': 927, 'max_depth': 19, 'min_child_weight': 1.8723016585688925, 'gamma': 0.18918443531531148, 'subsample': 0.6337040884950924, 'colsample_bytree': 0.6499601791313728, 'learning_rate': 0.0698755611082888}. Best is trial 83 with value: -0.08038776940502408.
[32m[I 2024-01-25 13:53:32,887][39m Trial 90 finished with value: -0.10067470718140366 and parameters: {'n_estimators': 931, 'max_depth': 19, 'min_child_weight': 1.5262383959473742, 'gamma': 0.9904608967974873, 'subsample': 0.6307157151335625, 'colsample_bytree': 0.6454712346699437, 'learning_rate': 0.07054005688884066}. Best is trial 83 with value: -0.08038776940502408.
[32m[I 2024-01-25 13:53:34,038][39m Trial 91 finished with value: -0.10042479976891334 and parameters: {'n_estimators': 966, 'max_depth': 26, 'min_child_weight': 1.9209325010253115, 'gamma': 0.23338633172417372, 'subsample': 0.5899643139696743, 'colsample_bytree': 0.6927617294436893, 'learning_rate': 0.07764793602045172}. Best is trial 83 with value: -0.08038776940502408.
[32m[I 2024-01-25 13:53:35,165][39m Trial 92 finished with value: -0.09615436580618697 and parameters: {'n_estimators': 994, 'max_depth': 24, 'min_child_weight': 1.131465390199751, 'gamma': 0.7881177354947494, 'subsample': 0.6652068761617749, 'colsample_bytree': 0.6141838228771944, 'learning_rate': 0.06464406669484114}. Best is trial 83 with value: -0.08038776940502408.
[32m[I 2024-01-25 13:53:36,300][39m Trial 93 finished with value: -0.07870837953625408 and parameters: {'n_estimators': 929, 'max_depth': 27, 'min_child_weight': 2.3539593135308134, 'gamma': 0.1116651375226386, 'subsample': 0.6217674316751801, 'colsample_bytree': 0.639009206021487, 'learning_rate': 0.07368520879352108}. Best is trial 93 with value: -0.07870837953625408.
[32m[I 2024-01-25 13:53:37,361][39m Trial 94 finished with value: -0.08045457660459943 and parameters: {'n_estimators': 923, 'max_depth': 27, 'min_child_weight': 1.0133551316032245, 'gamma': 0.09445248986588778, 'subsample': 0.6217840780056044, 'colsample_bytree': 0.6654934420634298, 'learning_rate': 0.06312801527514414}. Best is trial 93 with value: -0.07870837953625408.
[32m[I 2024-01-25 13:53:38,419][39m Trial 95 finished with value: -0.09798779793361638 and parameters: {'n_estimators': 926, 'max_depth': 24, 'min_child_weight': 2.3730490919316636, 'gamma': 0.13956615354934646, 'subsample': 0.6795656301927169, 'colsample_bytree': 0.6705192367615606, 'learning_rate': 0.06888703619067796}. Best is trial 93 with value: -0.07870837953625408.
[32m[I 2024-01-25 13:53:39,424][39m Trial 96 finished with value: -0.09367989638680277 and parameters: {'n_estimators': 953, 'max_depth': 20, 'min_child_weight': 1.0389731362542023, 'gamma': 0.6506084004824186, 'subsample': 0.6553389605066978, 'colsample_bytree': 0.6185308200170928, 'learning_rate': 0.06346238806268636}. Best is trial 93 with value: -0.07870837953625408.
[32m[I 2024-01-25 13:53:40,465][39m Trial 97 finished with value: -0.180354512866651 and parameters: {'n_estimators': 999, 'max_depth': 17, 'min_child_weight': 1.4111434409910368, 'gamma': 5.202495190442858, 'subsample': 0.6343481850192622, 'colsample_bytree': 0.6415362790347069, 'learning_rate': 0.0573342994373222}. Best is trial 93 with value: -0.07870837953625408.
[32m[I 2024-01-25 13:53:41,722][39m Trial 98 finished with value: -0.10560602590172985 and parameters: {'n_estimators': 977, 'max_depth': 26, 'min_child_weight': 1.936490266077076, 'gamma': 1.2348921743329342, 'subsample': 0.6402444928386127, 'colsample_bytree': 0.665176760951999, 'learning_rate': 0.07379364264329857}. Best is trial 93 with value: -0.07870837953625408.
[32m[I 2024-01-25 13:53:44,173][39m Trial 99 finished with value: -0.07967628750961553 and parameters: {'n_estimators': 941, 'max_depth': 22, 'min_child_weight': 1.2940153824099576, 'gamma': 0.00017306898594757203, 'subsample': 0.6215233940529972, 'colsample_bytree': 0.6002148929739012, 'learning_rate': 0.06195275531187979}. Best is trial 93 with value: -0.07870837953625408.
[32m[I 2024-01-25 13:53:45,332][39m Trial 100 finished with value: -0.09851771305950856 and parameters: {'n_estimators': 942, 'max_depth': 22, 'min_child_weight': 1.0160864379034904, 'gamma': 0.05360305045609293, 'subsample': 0.6909984882809104, 'colsample_bytree': 0.6889343709805811, 'learning_rate': 0.059833981904343025}. Best is trial 93 with value: -0.07870837953625408.
[32m[I 2024-01-25 13:53:46,984][39m Trial 101 finished with value: -0.0788840202882318 and parameters: {'n_estimators': 919, 'max_depth': 28, 'min_child_weight': 1.28711350476498, 'gamma': 0.029793822431866207, 'subsample': 0.6245816402482655, 'colsample_bytree': 0.6025634604840729, 'learning_rate': 0.06565379767158196}. Best is trial 93 with value: -0.07870837953625408.
[32m[I 2024-01-25 13:53:47,892][39m Trial 102 finished with value: -0.09476507834756293 and parameters: {'n_estimators': 916, 'max_depth': 24, 'min_child_weight': 1.2915060487286403, 'gamma': 0.7205299455450997, 'subsample': 0.6240089805119905, 'colsample_bytree': 0.5966253735563104, 'learning_rate': 0.053519975065320975}. Best is trial 93 with value: -0.07870837953625408.
[32m[I 2024-01-25 13:53:48,935][39m Trial 103 finished with value: -0.08062578755301411 and parameters: {'n_estimators': 838, 'max_depth': 29, 'min_child_weight': 1.2631932755064668, 'gamma': 0.0562768870275048, 'subsample': 0.6632894731568957, 'colsample_bytree': 0.6048479178476384, 'learning_rate': 0.06548572267086807}. Best is trial 93 with value: -0.07870837953625408.
[32m[I 2024-01-25 13:53:50,679][39m Trial 104 finished with value: -0.07929794541899174 and parameters: {'n_estimators': 830, 'max_depth': 19, 'min_child_weight': 2.109219545482702, 'gamma': 0.0026537151380731927, 'subsample': 0.6049356275033123, 'colsample_bytree': 0.578456865507044, 'learning_rate': 0.06312700863259604}. Best is trial 93 with value: -0.07870837953625408.
[32m[I 2024-01-25 13:53:51,720][39m Trial 105 finished with value: -0.07959139342914592 and parameters: {'n_estimators': 830, 'max_depth': 18, 'min_child_weight': 2.0604739388607003, 'gamma': 0.09901079906460714, 'subsample': 0.6090482282025683, 'colsample_bytree': 0.5788360822254299, 'learning_rate': 0.0625593271018428}. Best is trial 93 with value: -0.07870837953625408.
[32m[I 2024-01-25 13:53:54,146][39m Trial 106 finished with value: -0.07912720804665987 and parameters: {'n_estimators': 802, 'max_depth': 19, 'min_child_weight': 2.2347487899544967, 'gamma': 0.0033031759348974843, 'subsample': 0.6074175946737209, 'colsample_bytree': 0.5772773326501499, 'learning_rate': 0.0635921914767094}. Best is trial 93 with value: -0.07870837953625408.
[32m[I 2024-01-25 13:53:55,025][39m Trial 107 finished with value: -0.0994290792100095 and parameters: {'n_estimators': 837, 'max_depth': 18, 'min_child_weight': 2.1406605669834953, 'gamma': 0.9930324008362299, 'subsample': 0.6064462077352782, 'colsample_bytree': 0.5735992476069753, 'learning_rate': 0.06304029939249821}. Best is trial 93 with value: -0.07870837953625408.
[32m[I 2024-01-25 13:53:56,078][39m Trial 108 finished with value: -0.07806701636025527 and parameters: {'n_estimators': 795, 'max_depth': 20, 'min_child_weight': 2.0108211324764738, 'gamma': 0.02898860357756239, 'subsample': 0.5932267405477799, 'colsample_bytree': 0.6053893894814896, 'learning_rate': 0.05869309343001568}. Best is trial 108 with value: -0.07806701636025527.
[32m[I 2024-01-25 13:53:57,607][39m Trial 109 finished with value: -0.07781780060925617 and parameters: {'n_estimators': 792, 'max_depth': 20, 'min_child_weight': 2.271815284711604, 'gamma': 0.019933260807437618, 'subsample': 0.588025699113786, 'colsample_bytree': 0.6066991820652655, 'learning_rate': 0.0596822155066448}. Best is trial 109 with value: -0.07781780060925617.
c:\Users\jsjon\OneDrive\SKKU\연구자료\Catalyst AI_rev\New Code\Data_extrapolative copy.py:235: FutureWarning: The behavior of DataFrame concatenation with empty or all-NA entries is deprecated. In a future version, this will no longer exclude empty or all-NA columns when determining the result dtypes. To retain the old behavior, exclude the relevant entries before the concat operation.
  logs_df = pd.concat([logs_df, new_row], ignore_index=True)
[32m[I 2024-01-25 13:53:57,988][39m A new study created in memory with name: no-name-44e6dccd-3357-4ead-b230-814623067543
[32m[I 2024-01-25 13:53:58,686][39m Trial 0 finished with value: -0.21219252316007883 and parameters: {'n_estimators': 711, 'max_depth': 17, 'min_child_weight': 8.233907619617412, 'gamma': 4.339817581821361, 'subsample': 0.5337434690509293, 'colsample_bytree': 0.9240108941135822, 'learning_rate': 0.029385100765204494}. Best is trial 0 with value: -0.21219252316007883.
[32m[I 2024-01-25 13:53:59,361][39m Trial 1 finished with value: -0.18723525714280695 and parameters: {'n_estimators': 576, 'max_depth': 49, 'min_child_weight': 4.504930808817493, 'gamma': 4.548964797009793, 'subsample': 0.681554268164825, 'colsample_bytree': 0.717420726262924, 'learning_rate': 0.05260966762009788}. Best is trial 1 with value: -0.18723525714280695.
[32m[I 2024-01-25 13:53:59,698][39m Trial 2 finished with value: -0.12543079728243683 and parameters: {'n_estimators': 273, 'max_depth': 44, 'min_child_weight': 4.5433009062267296, 'gamma': 2.8332818707302456, 'subsample': 0.6966403216672339, 'colsample_bytree': 0.5880538635017563, 'learning_rate': 0.09330793826894056}. Best is trial 2 with value: -0.12543079728243683.
[32m[I 2024-01-25 13:53:59,951][39m Trial 3 finished with value: -0.22633411732559788 and parameters: {'n_estimators': 194, 'max_depth': 46, 'min_child_weight': 1.5435086901552688, 'gamma': 4.5432921143316065, 'subsample': 0.899945521576158, 'colsample_bytree': 0.6183994310498451, 'learning_rate': 0.019354942902556}. Best is trial 2 with value: -0.12543079728243683.
[32m[I 2024-01-25 13:54:00,096][39m Trial 4 finished with value: -0.17840914941712566 and parameters: {'n_estimators': 80, 'max_depth': 39, 'min_child_weight': 8.330690348924538, 'gamma': 4.342371189940181, 'subsample': 0.8130411948692755, 'colsample_bytree': 0.5295048479237436, 'learning_rate': 0.08907375029244577}. Best is trial 2 with value: -0.12543079728243683.
