[32m[I 2024-01-25 13:52:01,114][39m A new study created in memory with name: no-name-3421909d-91ea-4438-842b-10afb01c13d3
[32m[I 2024-01-25 13:52:01,492][39m Trial 0 finished with value: -0.6092933723455818 and parameters: {'n_estimators': 84, 'max_depth': 50, 'min_child_weight': 3.4678464075453035, 'gamma': 0.609479270711234, 'subsample': 0.9106227989800749, 'colsample_bytree': 0.6527264190713191, 'learning_rate': 0.0129403405987662}. Best is trial 0 with value: -0.6092933723455818.
[32m[I 2024-01-25 13:52:01,675][39m Trial 1 finished with value: -0.3402921832421076 and parameters: {'n_estimators': 149, 'max_depth': 8, 'min_child_weight': 9.002917497889944, 'gamma': 8.436898700198757, 'subsample': 0.55892103711108, 'colsample_bytree': 0.6130887799417424, 'learning_rate': 0.05469819122513654}. Best is trial 1 with value: -0.3402921832421076.
[32m[I 2024-01-25 13:52:01,863][39m Trial 2 finished with value: -0.16767396647262492 and parameters: {'n_estimators': 154, 'max_depth': 48, 'min_child_weight': 2.6991610765578082, 'gamma': 3.0523369386246255, 'subsample': 0.8437902947676945, 'colsample_bytree': 0.7455969928191925, 'learning_rate': 0.058781939241129295}. Best is trial 2 with value: -0.16767396647262492.
[32m[I 2024-01-25 13:52:02,639][39m Trial 3 finished with value: -0.1929938627079895 and parameters: {'n_estimators': 910, 'max_depth': 27, 'min_child_weight': 2.006239984874941, 'gamma': 5.765907982350253, 'subsample': 0.6354993040602008, 'colsample_bytree': 0.5912258789209786, 'learning_rate': 0.019102721663798665}. Best is trial 2 with value: -0.16767396647262492.
[32m[I 2024-01-25 13:52:03,545][39m Trial 4 finished with value: -0.33646128632795386 and parameters: {'n_estimators': 590, 'max_depth': 35, 'min_child_weight': 8.270952660177329, 'gamma': 7.349004978203524, 'subsample': 0.5889915877610983, 'colsample_bytree': 0.8274628919191084, 'learning_rate': 0.005302254421377751}. Best is trial 2 with value: -0.16767396647262492.
[32m[I 2024-01-25 13:52:03,879][39m Trial 5 finished with value: -0.23271572262685983 and parameters: {'n_estimators': 274, 'max_depth': 21, 'min_child_weight': 1.9049631600940997, 'gamma': 8.535461824996325, 'subsample': 0.644737336936474, 'colsample_bytree': 0.5930944094802395, 'learning_rate': 0.04366376693909335}. Best is trial 2 with value: -0.16767396647262492.
[32m[I 2024-01-25 13:52:04,899][39m Trial 6 finished with value: -0.12223326002887017 and parameters: {'n_estimators': 428, 'max_depth': 13, 'min_child_weight': 9.229381907058476, 'gamma': 0.2840812986365626, 'subsample': 0.9467012602357254, 'colsample_bytree': 0.867574060241009, 'learning_rate': 0.020146458925158022}. Best is trial 6 with value: -0.12223326002887017.
[32m[I 2024-01-25 13:52:05,181][39m Trial 7 finished with value: -0.22173959356720027 and parameters: {'n_estimators': 215, 'max_depth': 49, 'min_child_weight': 6.538102571757139, 'gamma': 7.444245732898482, 'subsample': 0.7793858767115516, 'colsample_bytree': 0.5511527844444093, 'learning_rate': 0.061251877743248216}. Best is trial 6 with value: -0.12223326002887017.
[32m[I 2024-01-25 13:52:05,970][39m Trial 8 finished with value: -0.1290436464578979 and parameters: {'n_estimators': 786, 'max_depth': 8, 'min_child_weight': 5.1858765936070546, 'gamma': 2.4859067855143557, 'subsample': 0.7022317552979453, 'colsample_bytree': 0.5450053123648244, 'learning_rate': 0.04203338760327237}. Best is trial 6 with value: -0.12223326002887017.
[32m[I 2024-01-25 13:52:06,955][39m Trial 9 finished with value: -0.2847320240979427 and parameters: {'n_estimators': 993, 'max_depth': 34, 'min_child_weight': 8.722423732415532, 'gamma': 9.670042314115076, 'subsample': 0.5996020154517023, 'colsample_bytree': 0.6274253931144034, 'learning_rate': 0.0663944813118972}. Best is trial 6 with value: -0.12223326002887017.
[32m[I 2024-01-25 13:52:07,496][39m Trial 10 finished with value: -0.1108363605070291 and parameters: {'n_estimators': 413, 'max_depth': 2, 'min_child_weight': 9.902703958306518, 'gamma': 0.34023993792038354, 'subsample': 0.9954398334854451, 'colsample_bytree': 0.9735094393950756, 'learning_rate': 0.09848422482116823}. Best is trial 10 with value: -0.1108363605070291.
[32m[I 2024-01-25 13:52:07,899][39m Trial 11 finished with value: -0.11305276184865018 and parameters: {'n_estimators': 431, 'max_depth': 2, 'min_child_weight': 9.728432096312893, 'gamma': 0.3246722205081593, 'subsample': 0.9999088617529454, 'colsample_bytree': 0.9987967937872382, 'learning_rate': 0.097582370693207}. Best is trial 10 with value: -0.1108363605070291.
[32m[I 2024-01-25 13:52:08,276][39m Trial 12 finished with value: -0.15768177844353923 and parameters: {'n_estimators': 477, 'max_depth': 2, 'min_child_weight': 7.033910803683556, 'gamma': 2.046127091271104, 'subsample': 0.9959626979268495, 'colsample_bytree': 0.9988628611569488, 'learning_rate': 0.09846499295489068}. Best is trial 10 with value: -0.1108363605070291.
[32m[I 2024-01-25 13:52:08,844][39m Trial 13 finished with value: -0.2289620188079434 and parameters: {'n_estimators': 659, 'max_depth': 3, 'min_child_weight': 9.734732524134644, 'gamma': 4.876255086234496, 'subsample': 0.8651113610082394, 'colsample_bytree': 0.9952320438647372, 'learning_rate': 0.09727716069679634}. Best is trial 10 with value: -0.1108363605070291.
[32m[I 2024-01-25 13:52:09,224][39m Trial 14 finished with value: -0.13620592635915293 and parameters: {'n_estimators': 322, 'max_depth': 17, 'min_child_weight': 7.697011135215128, 'gamma': 1.3408888968616688, 'subsample': 0.9886825267734145, 'colsample_bytree': 0.9180233468704788, 'learning_rate': 0.07921695208385619}. Best is trial 10 with value: -0.1108363605070291.
[32m[I 2024-01-25 13:52:09,545][39m Trial 15 finished with value: -0.16438239471555433 and parameters: {'n_estimators': 363, 'max_depth': 1, 'min_child_weight': 5.36701797349631, 'gamma': 3.509814793924593, 'subsample': 0.8051208135728293, 'colsample_bytree': 0.9199997481577133, 'learning_rate': 0.08241945714495094}. Best is trial 10 with value: -0.1108363605070291.
[32m[I 2024-01-25 13:52:10,003][39m Trial 16 finished with value: -0.20690734934193916 and parameters: {'n_estimators': 592, 'max_depth': 10, 'min_child_weight': 9.737900645637787, 'gamma': 4.0714071908096585, 'subsample': 0.5073169547878214, 'colsample_bytree': 0.756562731528124, 'learning_rate': 0.0839223137699492}. Best is trial 10 with value: -0.1108363605070291.
[32m[I 2024-01-25 13:52:10,619][39m Trial 17 finished with value: -0.12852589525850716 and parameters: {'n_estimators': 728, 'max_depth': 23, 'min_child_weight': 6.541260640053005, 'gamma': 1.369663496027617, 'subsample': 0.9109918716660649, 'colsample_bytree': 0.9372954348250985, 'learning_rate': 0.08882229060588652}. Best is trial 10 with value: -0.1108363605070291.
[32m[I 2024-01-25 13:52:10,777][39m Trial 18 finished with value: -0.3315614509327705 and parameters: {'n_estimators': 20, 'max_depth': 14, 'min_child_weight': 4.307062191787402, 'gamma': 0.06645584898361012, 'subsample': 0.7266870321183191, 'colsample_bytree': 0.8251741649074058, 'learning_rate': 0.07179375533382974}. Best is trial 10 with value: -0.1108363605070291.
[32m[I 2024-01-25 13:52:11,466][39m Trial 19 finished with value: -0.15053222650318135 and parameters: {'n_estimators': 531, 'max_depth': 30, 'min_child_weight': 7.745327848121246, 'gamma': 2.0030332450296786, 'subsample': 0.9447693655545003, 'colsample_bytree': 0.9588028920393002, 'learning_rate': 0.034025224860064034}. Best is trial 10 with value: -0.1108363605070291.
[32m[I 2024-01-25 13:52:11,799][39m Trial 20 finished with value: -0.22981652137864175 and parameters: {'n_estimators': 413, 'max_depth': 41, 'min_child_weight': 9.999217199643972, 'gamma': 4.747521952837739, 'subsample': 0.870120938860856, 'colsample_bytree': 0.8772122755753228, 'learning_rate': 0.09174289014790966}. Best is trial 10 with value: -0.1108363605070291.
[32m[I 2024-01-25 13:52:12,550][39m Trial 21 finished with value: -0.10923334048787722 and parameters: {'n_estimators': 499, 'max_depth': 13, 'min_child_weight': 9.117265216318012, 'gamma': 0.09289044973669275, 'subsample': 0.9707643182405978, 'colsample_bytree': 0.8704892981833878, 'learning_rate': 0.030162670387180516}. Best is trial 21 with value: -0.10923334048787722.
[32m[I 2024-01-25 13:52:13,090][39m Trial 22 finished with value: -0.14379496156549326 and parameters: {'n_estimators': 496, 'max_depth': 5, 'min_child_weight': 8.190376825276523, 'gamma': 1.086799430693956, 'subsample': 0.9978205754339778, 'colsample_bytree': 0.965781110595591, 'learning_rate': 0.030775780393628886}. Best is trial 21 with value: -0.10923334048787722.
[32m[I 2024-01-25 13:52:13,478][39m Trial 23 finished with value: -0.13683754539373572 and parameters: {'n_estimators': 289, 'max_depth': 18, 'min_child_weight': 9.226087307445983, 'gamma': 0.8285601527452569, 'subsample': 0.9432545386848825, 'colsample_bytree': 0.8840469915695397, 'learning_rate': 0.07623905115680688}. Best is trial 21 with value: -0.10923334048787722.
[32m[I 2024-01-25 13:52:14,300][39m Trial 24 finished with value: -0.09864125530482784 and parameters: {'n_estimators': 377, 'max_depth': 6, 'min_child_weight': 7.2766580774670455, 'gamma': 0.054301661731770756, 'subsample': 0.9101943995313371, 'colsample_bytree': 0.7994913820726616, 'learning_rate': 0.03097900219188568}. Best is trial 24 with value: -0.09864125530482784.
[32m[I 2024-01-25 13:52:15,196][39m Trial 25 finished with value: -0.15652370601306326 and parameters: {'n_estimators': 547, 'max_depth': 12, 'min_child_weight': 7.01755615681556, 'gamma': 2.308340650702998, 'subsample': 0.9089818389523842, 'colsample_bytree': 0.75821791144602, 'learning_rate': 0.0299833197176229}. Best is trial 24 with value: -0.09864125530482784.
[32m[I 2024-01-25 13:52:15,984][39m Trial 26 finished with value: -0.13320483506268985 and parameters: {'n_estimators': 680, 'max_depth': 7, 'min_child_weight': 6.093381324076166, 'gamma': 1.5238345381797425, 'subsample': 0.8148242327214275, 'colsample_bytree': 0.7998364775652153, 'learning_rate': 0.046797428393214005}. Best is trial 24 with value: -0.09864125530482784.
[32m[I 2024-01-25 13:52:16,723][39m Trial 27 finished with value: -0.1720226240752794 and parameters: {'n_estimators': 366, 'max_depth': 16, 'min_child_weight': 8.403643688237734, 'gamma': 2.855827683551783, 'subsample': 0.9576435690055423, 'colsample_bytree': 0.7136408789949779, 'learning_rate': 0.039551428856070076}. Best is trial 24 with value: -0.09864125530482784.
[32m[I 2024-01-25 13:52:17,540][39m Trial 28 finished with value: -0.22798617312938685 and parameters: {'n_estimators': 230, 'max_depth': 5, 'min_child_weight': 7.478325535383465, 'gamma': 5.978366966548113, 'subsample': 0.8919309442768455, 'colsample_bytree': 0.6869104804334105, 'learning_rate': 0.02530769648676215}. Best is trial 24 with value: -0.09864125530482784.
[32m[I 2024-01-25 13:52:20,424][39m Trial 29 finished with value: -0.12676003582871762 and parameters: {'n_estimators': 610, 'max_depth': 11, 'min_child_weight': 4.109293564782867, 'gamma': 0.0021632008171759143, 'subsample': 0.9200661802176756, 'colsample_bytree': 0.8018692169582565, 'learning_rate': 0.007232518977335942}. Best is trial 24 with value: -0.09864125530482784.
[32m[I 2024-01-25 13:52:21,368][39m Trial 30 finished with value: -0.1289253386556927 and parameters: {'n_estimators': 380, 'max_depth': 20, 'min_child_weight': 8.729226960327983, 'gamma': 0.6885646692286, 'subsample': 0.9645272597516977, 'colsample_bytree': 0.8469807273367423, 'learning_rate': 0.015738822537665162}. Best is trial 24 with value: -0.09864125530482784.
[32m[I 2024-01-25 13:52:21,890][39m Trial 31 finished with value: -0.15536755238910788 and parameters: {'n_estimators': 454, 'max_depth': 1, 'min_child_weight': 9.426153743118572, 'gamma': 0.7360620009535861, 'subsample': 0.9720118489053271, 'colsample_bytree': 0.9553565509297202, 'learning_rate': 0.03670679858843639}. Best is trial 24 with value: -0.09864125530482784.
[32m[I 2024-01-25 13:52:22,459][39m Trial 32 finished with value: -0.16039035968061044 and parameters: {'n_estimators': 457, 'max_depth': 5, 'min_child_weight': 9.998505638125197, 'gamma': 1.7952852656103737, 'subsample': 0.9325225942368072, 'colsample_bytree': 0.9047679473322909, 'learning_rate': 0.049820634472573753}. Best is trial 24 with value: -0.09864125530482784.
[32m[I 2024-01-25 13:52:23,113][39m Trial 33 finished with value: -0.1405435621162206 and parameters: {'n_estimators': 329, 'max_depth': 9, 'min_child_weight': 9.072890065388322, 'gamma': 0.6107005897717741, 'subsample': 0.8886959267909621, 'colsample_bytree': 0.7856699011479759, 'learning_rate': 0.09045319670895906}. Best is trial 24 with value: -0.09864125530482784.
[32m[I 2024-01-25 13:52:23,550][39m Trial 34 finished with value: -0.09861510760752602 and parameters: {'n_estimators': 182, 'max_depth': 6, 'min_child_weight': 8.05685014309358, 'gamma': 0.022772538782293385, 'subsample': 0.8397371598298637, 'colsample_bytree': 0.9786771833954132, 'learning_rate': 0.09998747659509948}. Best is trial 34 with value: -0.09861510760752602.
[32m[I 2024-01-25 13:52:24,148][39m Trial 35 finished with value: -0.13582489395894246 and parameters: {'n_estimators': 156, 'max_depth': 6, 'min_child_weight': 8.108459896281964, 'gamma': 1.1607923270293043, 'subsample': 0.8365670801775414, 'colsample_bytree': 0.8941898540712307, 'learning_rate': 0.05605991505380774}. Best is trial 34 with value: -0.09861510760752602.
[32m[I 2024-01-25 13:52:24,762][39m Trial 36 finished with value: -0.26999640483649834 and parameters: {'n_estimators': 103, 'max_depth': 14, 'min_child_weight': 7.306351568173843, 'gamma': 3.713921713059935, 'subsample': 0.8582800078668715, 'colsample_bytree': 0.8491760125620724, 'learning_rate': 0.023128946783285385}. Best is trial 34 with value: -0.09861510760752602.
[32m[I 2024-01-25 13:52:27,655][39m Trial 37 finished with value: -0.1910720339790025 and parameters: {'n_estimators': 212, 'max_depth': 9, 'min_child_weight': 8.726595121631474, 'gamma': 0.055784181180356364, 'subsample': 0.8306278238192331, 'colsample_bytree': 0.9414579917783394, 'learning_rate': 0.015223194144666448}. Best is trial 34 with value: -0.09861510760752602.
[32m[I 2024-01-25 13:52:28,484][39m Trial 38 finished with value: -0.6493957976451421 and parameters: {'n_estimators': 63, 'max_depth': 25, 'min_child_weight': 1.0421759792971343, 'gamma': 2.784885038609437, 'subsample': 0.7703213833088158, 'colsample_bytree': 0.7240347506118733, 'learning_rate': 0.009550495083060218}. Best is trial 34 with value: -0.09861510760752602.
[32m[I 2024-01-25 13:52:29,760][39m Trial 39 finished with value: -0.23742818687283046 and parameters: {'n_estimators': 175, 'max_depth': 7, 'min_child_weight': 7.972219283700661, 'gamma': 6.375699272235265, 'subsample': 0.8799452059878442, 'colsample_bytree': 0.9693506042404104, 'learning_rate': 0.027247750612126045}. Best is trial 34 with value: -0.09861510760752602.
[32m[I 2024-01-25 13:52:32,319][39m Trial 40 finished with value: -0.9264555960138985 and parameters: {'n_estimators': 266, 'max_depth': 4, 'min_child_weight': 6.047333933538755, 'gamma': 0.6350244818203247, 'subsample': 0.90719253254653, 'colsample_bytree': 0.8529357323551272, 'learning_rate': 0.0008100147049382514}. Best is trial 34 with value: -0.09861510760752602.
[32m[I 2024-01-25 13:52:34,116][39m Trial 41 finished with value: -0.12140023341396458 and parameters: {'n_estimators': 418, 'max_depth': 3, 'min_child_weight': 9.452898000563202, 'gamma': 0.39923002545688124, 'subsample': 0.963874559588357, 'colsample_bytree': 0.9999342204303615, 'learning_rate': 0.09964609054422603}. Best is trial 34 with value: -0.09861510760752602.
[32m[I 2024-01-25 13:52:36,087][39m Trial 42 finished with value: -0.10995659697966072 and parameters: {'n_estimators': 547, 'max_depth': 1, 'min_child_weight': 8.566281785697825, 'gamma': 1.094179089733234, 'subsample': 0.97800876330256, 'colsample_bytree': 0.9778120572174324, 'learning_rate': 0.09407330939462413}. Best is trial 34 with value: -0.09861510760752602.
[32m[I 2024-01-25 13:52:38,405][39m Trial 43 finished with value: -0.14135508766914046 and parameters: {'n_estimators': 554, 'max_depth': 11, 'min_child_weight': 8.440442865852015, 'gamma': 1.6328079124524804, 'subsample': 0.9301109323854504, 'colsample_bytree': 0.9374249801445309, 'learning_rate': 0.09415486842308196}. Best is trial 34 with value: -0.09861510760752602.
[32m[I 2024-01-25 13:52:41,035][39m Trial 44 finished with value: -0.13752471000131297 and parameters: {'n_estimators': 633, 'max_depth': 8, 'min_child_weight': 8.558220984148964, 'gamma': 1.2312752784388812, 'subsample': 0.9779567261602785, 'colsample_bytree': 0.9758220454288673, 'learning_rate': 0.08547549838962762}. Best is trial 34 with value: -0.09861510760752602.
[32m[I 2024-01-25 13:52:43,885][39m Trial 45 finished with value: -0.10571410830925987 and parameters: {'n_estimators': 787, 'max_depth': 1, 'min_child_weight': 8.988941469313868, 'gamma': 0.9491065999902286, 'subsample': 0.6944869529013645, 'colsample_bytree': 0.9045030836563503, 'learning_rate': 0.06855678291782122}. Best is trial 34 with value: -0.09861510760752602.
[32m[I 2024-01-25 13:52:46,965][39m Trial 46 finished with value: -0.13271479644338377 and parameters: {'n_estimators': 860, 'max_depth': 1, 'min_child_weight': 6.85832274402432, 'gamma': 2.451935819580543, 'subsample': 0.6806325128169675, 'colsample_bytree': 0.9100358836258707, 'learning_rate': 0.06108235915649613}. Best is trial 34 with value: -0.09861510760752602.
[32m[I 2024-01-25 13:52:50,226][39m Trial 47 finished with value: -0.1517163868403225 and parameters: {'n_estimators': 817, 'max_depth': 4, 'min_child_weight': 8.85911093264262, 'gamma': 0.9550602025313736, 'subsample': 0.6692210428157864, 'colsample_bytree': 0.8230443423205686, 'learning_rate': 0.067781026800662}. Best is trial 34 with value: -0.09861510760752602.
[32m[I 2024-01-25 13:52:53,397][39m Trial 48 finished with value: -0.2619234859840328 and parameters: {'n_estimators': 989, 'max_depth': 7, 'min_child_weight': 7.685033385017, 'gamma': 8.683281214662266, 'subsample': 0.7323758301041449, 'colsample_bytree': 0.8660816923946764, 'learning_rate': 0.07624780573978931}. Best is trial 34 with value: -0.09861510760752602.
[32m[I 2024-01-25 13:52:54,286][39m Trial 49 finished with value: -0.17870658847546195 and parameters: {'n_estimators': 772, 'max_depth': 15, 'min_child_weight': 9.081357350384351, 'gamma': 2.080427066559145, 'subsample': 0.7823045369115423, 'colsample_bytree': 0.9272325611637157, 'learning_rate': 0.05208364032056927}. Best is trial 34 with value: -0.09861510760752602.
[32m[I 2024-01-25 13:52:54,933][39m Trial 50 finished with value: -0.17340828682960177 and parameters: {'n_estimators': 704, 'max_depth': 44, 'min_child_weight': 7.973005188208602, 'gamma': 3.4493357688689095, 'subsample': 0.6355008609478655, 'colsample_bytree': 0.8923961642363933, 'learning_rate': 0.06607932621702402}. Best is trial 34 with value: -0.09861510760752602.
[32m[I 2024-01-25 13:52:55,455][39m Trial 51 finished with value: -0.0914707676124713 and parameters: {'n_estimators': 527, 'max_depth': 1, 'min_child_weight': 9.498394274308215, 'gamma': 0.2701928336824714, 'subsample': 0.9776241974100374, 'colsample_bytree': 0.9746905421340741, 'learning_rate': 0.09545710621544284}. Best is trial 51 with value: -0.0914707676124713.
[32m[I 2024-01-25 13:52:55,942][39m Trial 52 finished with value: -0.11174686193226102 and parameters: {'n_estimators': 509, 'max_depth': 3, 'min_child_weight': 9.36101835540195, 'gamma': 0.31449969053034577, 'subsample': 0.9547520084405063, 'colsample_bytree': 0.9817711243054791, 'learning_rate': 0.09384149170568327}. Best is trial 51 with value: -0.0914707676124713.
[32m[I 2024-01-25 13:52:56,743][39m Trial 53 finished with value: -0.08484827097212597 and parameters: {'n_estimators': 931, 'max_depth': 1, 'min_child_weight': 8.866524147588375, 'gamma': 0.005319509610198836, 'subsample': 0.7027408175199603, 'colsample_bytree': 0.9514781477098089, 'learning_rate': 0.08896383543445226}. Best is trial 53 with value: -0.08484827097212597.
[32m[I 2024-01-25 13:52:57,967][39m Trial 54 finished with value: -0.10948730934264954 and parameters: {'n_estimators': 931, 'max_depth': 5, 'min_child_weight': 9.55884314660225, 'gamma': 0.047373063443773386, 'subsample': 0.7058488155441934, 'colsample_bytree': 0.9440948016898316, 'learning_rate': 0.08766544765532586}. Best is trial 53 with value: -0.08484827097212597.
[32m[I 2024-01-25 13:52:59,054][39m Trial 55 finished with value: -0.09200472726508808 and parameters: {'n_estimators': 904, 'max_depth': 10, 'min_child_weight': 8.962564942570262, 'gamma': 0.4209060615497951, 'subsample': 0.6691903982117242, 'colsample_bytree': 0.5056546983847083, 'learning_rate': 0.08303178917476112}. Best is trial 53 with value: -0.08484827097212597.
[32m[I 2024-01-25 13:52:59,755][39m Trial 56 finished with value: -0.09849077807070852 and parameters: {'n_estimators': 915, 'max_depth': 3, 'min_child_weight': 8.910274997639048, 'gamma': 0.502699217663223, 'subsample': 0.6106398675007667, 'colsample_bytree': 0.611421141959434, 'learning_rate': 0.0784367054806958}. Best is trial 53 with value: -0.08484827097212597.
[32m[I 2024-01-25 13:53:00,493][39m Trial 57 finished with value: -0.08938094181251219 and parameters: {'n_estimators': 907, 'max_depth': 10, 'min_child_weight': 7.249958549309135, 'gamma': 0.46348919268335503, 'subsample': 0.6011861044123565, 'colsample_bytree': 0.510814681674685, 'learning_rate': 0.08097474680255304}. Best is trial 53 with value: -0.08484827097212597.
