[32m[I 2024-01-25 13:54:00,748][39m Trial 5 finished with value: -0.21066002026772832 and parameters: {'n_estimators': 664, 'max_depth': 24, 'min_child_weight': 3.7084437221380564, 'gamma': 6.5858617662441645, 'subsample': 0.7130113686111303, 'colsample_bytree': 0.5247081135852631, 'learning_rate': 0.01961612165294566}. Best is trial 2 with value: -0.12543079728243683.
[32m[I 2024-01-25 13:54:01,194][39m Trial 6 finished with value: -0.2883383548941942 and parameters: {'n_estimators': 273, 'max_depth': 18, 'min_child_weight': 1.2816559959730136, 'gamma': 9.311475056581486, 'subsample': 0.6052329289953565, 'colsample_bytree': 0.8036825666645612, 'learning_rate': 0.022996364499620316}. Best is trial 2 with value: -0.12543079728243683.
[32m[I 2024-01-25 13:54:01,853][39m Trial 7 finished with value: -0.1813274506121183 and parameters: {'n_estimators': 770, 'max_depth': 21, 'min_child_weight': 8.204149368346616, 'gamma': 4.785563627372857, 'subsample': 0.9807232078788317, 'colsample_bytree': 0.5188763599524213, 'learning_rate': 0.07030974536038487}. Best is trial 2 with value: -0.12543079728243683.
[32m[I 2024-01-25 13:54:02,344][39m Trial 8 finished with value: -0.19695648066779803 and parameters: {'n_estimators': 572, 'max_depth': 3, 'min_child_weight': 9.750533758296601, 'gamma': 3.0781269920794188, 'subsample': 0.7353406231537245, 'colsample_bytree': 0.8961360653436627, 'learning_rate': 0.05121762481720973}. Best is trial 2 with value: -0.12543079728243683.
[32m[I 2024-01-25 13:54:02,887][39m Trial 9 finished with value: -0.17338255547460096 and parameters: {'n_estimators': 542, 'max_depth': 7, 'min_child_weight': 1.1050396216938734, 'gamma': 3.967142848545755, 'subsample': 0.7258367544293056, 'colsample_bytree': 0.789471319242061, 'learning_rate': 0.09640845268016511}. Best is trial 2 with value: -0.12543079728243683.
[32m[I 2024-01-25 13:54:04,289][39m Trial 10 finished with value: -0.8869125913350843 and parameters: {'n_estimators': 337, 'max_depth': 34, 'min_child_weight': 5.3688415243161085, 'gamma': 0.15840500259253432, 'subsample': 0.8351533114637046, 'colsample_bytree': 0.6864115296764477, 'learning_rate': 0.0007301901974671593}. Best is trial 2 with value: -0.12543079728243683.
[32m[I 2024-01-25 13:54:05,856][39m Trial 11 finished with value: -0.12879091733230452 and parameters: {'n_estimators': 981, 'max_depth': 4, 'min_child_weight': 3.1609998746790247, 'gamma': 1.5898033979958193, 'subsample': 0.6234510942482712, 'colsample_bytree': 0.8307563108223655, 'learning_rate': 0.0954689136683601}. Best is trial 2 with value: -0.12543079728243683.
[32m[I 2024-01-25 13:54:07,415][39m Trial 12 finished with value: -0.12107583615355758 and parameters: {'n_estimators': 941, 'max_depth': 32, 'min_child_weight': 3.1509627753080354, 'gamma': 1.2269459972714292, 'subsample': 0.6165395765986469, 'colsample_bytree': 0.9885180367967634, 'learning_rate': 0.07985778496147701}. Best is trial 12 with value: -0.12107583615355758.
[32m[I 2024-01-25 13:54:08,738][39m Trial 13 finished with value: -0.13997643777125748 and parameters: {'n_estimators': 973, 'max_depth': 35, 'min_child_weight': 6.470954278517203, 'gamma': 1.6250807461290842, 'subsample': 0.5101369330718643, 'colsample_bytree': 0.9755461682838733, 'learning_rate': 0.07517611537782105}. Best is trial 12 with value: -0.12107583615355758.
[32m[I 2024-01-25 13:54:10,038][39m Trial 14 finished with value: -0.12065207445848836 and parameters: {'n_estimators': 393, 'max_depth': 42, 'min_child_weight': 2.8756702861270966, 'gamma': 2.0627273190958904, 'subsample': 0.6213026477968397, 'colsample_bytree': 0.6302414900670404, 'learning_rate': 0.07646605490823935}. Best is trial 14 with value: -0.12065207445848836.
[32m[I 2024-01-25 13:54:12,650][39m Trial 15 finished with value: -0.07971482273104433 and parameters: {'n_estimators': 402, 'max_depth': 28, 'min_child_weight': 2.70442299216699, 'gamma': 0.07854592950021866, 'subsample': 0.6007045545670585, 'colsample_bytree': 0.6551887006954842, 'learning_rate': 0.07334672246704559}. Best is trial 15 with value: -0.07971482273104433.
[32m[I 2024-01-25 13:54:15,238][39m Trial 16 finished with value: -0.08991603019265673 and parameters: {'n_estimators': 397, 'max_depth': 29, 'min_child_weight': 2.4268345295049967, 'gamma': 0.05870568539226614, 'subsample': 0.5602051718241666, 'colsample_bytree': 0.6711798629116817, 'learning_rate': 0.06454641137680264}. Best is trial 15 with value: -0.07971482273104433.
[32m[I 2024-01-25 13:54:18,005][39m Trial 17 finished with value: -0.08894606349247917 and parameters: {'n_estimators': 442, 'max_depth': 29, 'min_child_weight': 2.6690382967604696, 'gamma': 0.078726069882347, 'subsample': 0.5442546781969613, 'colsample_bytree': 0.6807519497511559, 'learning_rate': 0.06437052625164935}. Best is trial 15 with value: -0.07971482273104433.
[32m[I 2024-01-25 13:54:19,856][39m Trial 18 finished with value: -0.23656197937260875 and parameters: {'n_estimators': 459, 'max_depth': 13, 'min_child_weight': 6.120254388419063, 'gamma': 6.788124872041434, 'subsample': 0.5651079787798865, 'colsample_bytree': 0.7556624157948103, 'learning_rate': 0.060816001513654586}. Best is trial 15 with value: -0.07971482273104433.
[32m[I 2024-01-25 13:54:20,112][39m Trial 19 finished with value: -0.7158321208299697 and parameters: {'n_estimators': 18, 'max_depth': 27, 'min_child_weight': 1.9785997437605531, 'gamma': 9.839446017009928, 'subsample': 0.5024243619243999, 'colsample_bytree': 0.5888023177895897, 'learning_rate': 0.05922754203676793}. Best is trial 15 with value: -0.07971482273104433.
[32m[I 2024-01-25 13:54:24,344][39m Trial 20 finished with value: -0.11183351195550495 and parameters: {'n_estimators': 813, 'max_depth': 38, 'min_child_weight': 3.892356828680243, 'gamma': 0.5539127564467403, 'subsample': 0.7891838290950502, 'colsample_bytree': 0.6761718380904519, 'learning_rate': 0.03433903709972386}. Best is trial 15 with value: -0.07971482273104433.
[32m[I 2024-01-25 13:54:26,576][39m Trial 21 finished with value: -0.09232330660809454 and parameters: {'n_estimators': 441, 'max_depth': 29, 'min_child_weight': 2.250742133514632, 'gamma': 0.03774253996883026, 'subsample': 0.56275067100854, 'colsample_bytree': 0.6718015188394243, 'learning_rate': 0.06265350129585143}. Best is trial 15 with value: -0.07971482273104433.
[32m[I 2024-01-25 13:54:26,922][39m Trial 22 finished with value: -0.15511422494633872 and parameters: {'n_estimators': 366, 'max_depth': 29, 'min_child_weight': 2.6111938098998504, 'gamma': 2.473106990123092, 'subsample': 0.6612714205295118, 'colsample_bytree': 0.7340870235628554, 'learning_rate': 0.043948517950043516}. Best is trial 15 with value: -0.07971482273104433.
[32m[I 2024-01-25 13:54:27,287][39m Trial 23 finished with value: -0.10545404056484546 and parameters: {'n_estimators': 182, 'max_depth': 24, 'min_child_weight': 2.1196035945402185, 'gamma': 0.8632307270444667, 'subsample': 0.5675626122294317, 'colsample_bytree': 0.6443106321626317, 'learning_rate': 0.06769026122604443}. Best is trial 15 with value: -0.07971482273104433.
[32m[I 2024-01-25 13:54:27,932][39m Trial 24 finished with value: -0.07778823080724441 and parameters: {'n_estimators': 497, 'max_depth': 32, 'min_child_weight': 4.056434929122307, 'gamma': 0.04275800125419753, 'subsample': 0.5769313574595, 'colsample_bytree': 0.5780239592788885, 'learning_rate': 0.08538064422558662}. Best is trial 24 with value: -0.07778823080724441.
[32m[I 2024-01-25 13:54:28,392][39m Trial 25 finished with value: -0.17980059822528566 and parameters: {'n_estimators': 496, 'max_depth': 37, 'min_child_weight': 4.63098850339855, 'gamma': 6.145100301003438, 'subsample': 0.6375968696030763, 'colsample_bytree': 0.5724035647634684, 'learning_rate': 0.08444676267197668}. Best is trial 24 with value: -0.07778823080724441.
[32m[I 2024-01-25 13:54:29,064][39m Trial 26 finished with value: -0.09681858524999565 and parameters: {'n_estimators': 636, 'max_depth': 32, 'min_child_weight': 3.9355844450115423, 'gamma': 1.0159025844785554, 'subsample': 0.5982404463852757, 'colsample_bytree': 0.5662062410943464, 'learning_rate': 0.08427710575009587}. Best is trial 24 with value: -0.07778823080724441.
[32m[I 2024-01-25 13:54:29,392][39m Trial 27 finished with value: -0.16736493564333416 and parameters: {'n_estimators': 294, 'max_depth': 13, 'min_child_weight': 5.293983067724763, 'gamma': 3.3049587184289324, 'subsample': 0.664468219050887, 'colsample_bytree': 0.7069472043336398, 'learning_rate': 0.07212976144161094}. Best is trial 24 with value: -0.07778823080724441.
[32m[I 2024-01-25 13:54:29,616][39m Trial 28 finished with value: -0.27383080834782497 and parameters: {'n_estimators': 179, 'max_depth': 23, 'min_child_weight': 3.474131696343598, 'gamma': 8.03693559986067, 'subsample': 0.5209121686320124, 'colsample_bytree': 0.6162031071423602, 'learning_rate': 0.04246003437692153}. Best is trial 24 with value: -0.07778823080724441.
[32m[I 2024-01-25 13:54:30,196][39m Trial 29 finished with value: -0.1585378604882609 and parameters: {'n_estimators': 504, 'max_depth': 19, 'min_child_weight': 6.2931552823417505, 'gamma': 2.18420891376526, 'subsample': 0.5404919709707575, 'colsample_bytree': 0.8482535220207794, 'learning_rate': 0.08651173800155909}. Best is trial 24 with value: -0.07778823080724441.
[32m[I 2024-01-25 13:54:30,777][39m Trial 30 finished with value: -0.11655365171651533 and parameters: {'n_estimators': 626, 'max_depth': 13, 'min_child_weight': 4.237708615657897, 'gamma': 0.7760210241587684, 'subsample': 0.7681913723535334, 'colsample_bytree': 0.7545184415039856, 'learning_rate': 0.05601248212117819}. Best is trial 24 with value: -0.07778823080724441.
[32m[I 2024-01-25 13:54:31,448][39m Trial 31 finished with value: -0.07837110687592806 and parameters: {'n_estimators': 406, 'max_depth': 28, 'min_child_weight': 2.529959271985659, 'gamma': 0.003129029221299623, 'subsample': 0.5726632322822178, 'colsample_bytree': 0.6571019049112986, 'learning_rate': 0.06698952196112959}. Best is trial 24 with value: -0.07778823080724441.
[32m[I 2024-01-25 13:54:31,895][39m Trial 32 finished with value: -0.10893394241827267 and parameters: {'n_estimators': 434, 'max_depth': 27, 'min_child_weight': 1.7331695691356765, 'gamma': 1.4344405767441837, 'subsample': 0.5944931960193903, 'colsample_bytree': 0.6458593313496359, 'learning_rate': 0.06972225241869154}. Best is trial 24 with value: -0.07778823080724441.
[32m[I 2024-01-25 13:54:32,343][39m Trial 33 finished with value: -0.10782755644778516 and parameters: {'n_estimators': 338, 'max_depth': 33, 'min_child_weight': 4.8657657002009875, 'gamma': 0.5247982530473181, 'subsample': 0.540010119171149, 'colsample_bytree': 0.7083368941231537, 'learning_rate': 0.07930367929306048}. Best is trial 24 with value: -0.07778823080724441.
[32m[I 2024-01-25 13:54:33,006][39m Trial 34 finished with value: -0.17885809874467165 and parameters: {'n_estimators': 537, 'max_depth': 30, 'min_child_weight': 2.93863537163418, 'gamma': 5.555793153585956, 'subsample': 0.5796391548212844, 'colsample_bytree': 0.5964103448976513, 'learning_rate': 0.09137464263127014}. Best is trial 24 with value: -0.07778823080724441.
[32m[I 2024-01-25 13:54:33,458][39m Trial 35 finished with value: -0.07964746246840071 and parameters: {'n_estimators': 246, 'max_depth': 41, 'min_child_weight': 3.447369673464153, 'gamma': 0.0075941166610018415, 'subsample': 0.6557794551916105, 'colsample_bytree': 0.5558810622987735, 'learning_rate': 0.04775293142177875}. Best is trial 24 with value: -0.07778823080724441.
[32m[I 2024-01-25 13:54:33,730][39m Trial 36 finished with value: -0.15890528404173304 and parameters: {'n_estimators': 243, 'max_depth': 49, 'min_child_weight': 3.5521783391414905, 'gamma': 3.71328727145229, 'subsample': 0.6916509472615855, 'colsample_bytree': 0.5572070293027284, 'learning_rate': 0.04845525334344897}. Best is trial 24 with value: -0.07778823080724441.
[32m[I 2024-01-25 13:54:34,053][39m Trial 37 finished with value: -0.1562229164306884 and parameters: {'n_estimators': 158, 'max_depth': 42, 'min_child_weight': 4.302930809764619, 'gamma': 1.8016078932268011, 'subsample': 0.6440918202830203, 'colsample_bytree': 0.556621520554221, 'learning_rate': 0.03347798632087692}. Best is trial 24 with value: -0.07778823080724441.
[32m[I 2024-01-25 13:54:34,308][39m Trial 38 finished with value: -0.18275162189340804 and parameters: {'n_estimators': 88, 'max_depth': 47, 'min_child_weight': 1.6964556968007596, 'gamma': 2.5857288267902, 'subsample': 0.6673942533215739, 'colsample_bytree': 0.5434795365412542, 'learning_rate': 0.05590234524575301}. Best is trial 24 with value: -0.07778823080724441.
[32m[I 2024-01-25 13:54:34,752][39m Trial 39 finished with value: -0.09661521198060072 and parameters: {'n_estimators': 297, 'max_depth': 40, 'min_child_weight': 5.0616334390139555, 'gamma': 0.6326876066163606, 'subsample': 0.6997608423950358, 'colsample_bytree': 0.5100061824681397, 'learning_rate': 0.0474766356051711}. Best is trial 24 with value: -0.07778823080724441.
[32m[I 2024-01-25 13:54:35,090][39m Trial 40 finished with value: -0.10463392350388082 and parameters: {'n_estimators': 230, 'max_depth': 45, 'min_child_weight': 3.283728044339406, 'gamma': 1.1254008039638632, 'subsample': 0.9155747030403283, 'colsample_bytree': 0.6049773695913605, 'learning_rate': 0.08152622465862754}. Best is trial 24 with value: -0.07778823080724441.
[32m[I 2024-01-25 13:54:35,991][39m Trial 41 finished with value: -0.07832014405411966 and parameters: {'n_estimators': 463, 'max_depth': 26, 'min_child_weight': 2.6834125678274736, 'gamma': 0.038816207479799525, 'subsample': 0.5415769133377648, 'colsample_bytree': 0.6411973157189894, 'learning_rate': 0.06639540859120806}. Best is trial 24 with value: -0.07778823080724441.
[32m[I 2024-01-25 13:54:36,648][39m Trial 42 finished with value: -0.08613444086861718 and parameters: {'n_estimators': 584, 'max_depth': 36, 'min_child_weight': 1.3587372195126313, 'gamma': 0.4366549929530627, 'subsample': 0.5855094901512218, 'colsample_bytree': 0.647886885103197, 'learning_rate': 0.07413980557768324}. Best is trial 24 with value: -0.07778823080724441.
[32m[I 2024-01-25 13:54:37,596][39m Trial 43 finished with value: -0.07809197132850043 and parameters: {'n_estimators': 479, 'max_depth': 21, 'min_child_weight': 4.053225886514951, 'gamma': 0.0032928110348288547, 'subsample': 0.5279719952798184, 'colsample_bytree': 0.5021789746912001, 'learning_rate': 0.03986590731133821}. Best is trial 24 with value: -0.07778823080724441.
[32m[I 2024-01-25 13:54:38,437][39m Trial 44 finished with value: -0.10814764382180557 and parameters: {'n_estimators': 488, 'max_depth': 20, 'min_child_weight': 3.9869542042283013, 'gamma': 1.1670555729601848, 'subsample': 0.5284681491770288, 'colsample_bytree': 0.5017059961383907, 'learning_rate': 0.03818326268493147}. Best is trial 24 with value: -0.07778823080724441.
[32m[I 2024-01-25 13:54:39,261][39m Trial 45 finished with value: -0.09335736308300484 and parameters: {'n_estimators': 713, 'max_depth': 22, 'min_child_weight': 5.636633046523081, 'gamma': 0.5726258578934267, 'subsample': 0.5209209224047585, 'colsample_bytree': 0.5293695678649822, 'learning_rate': 0.02711682870508985}. Best is trial 24 with value: -0.07778823080724441.
[32m[I 2024-01-25 13:54:40,020][39m Trial 46 finished with value: -0.16723376558708342 and parameters: {'n_estimators': 559, 'max_depth': 25, 'min_child_weight': 3.6518031009159166, 'gamma': 1.9338258645037334, 'subsample': 0.5019991611832275, 'colsample_bytree': 0.5838193332590375, 'learning_rate': 0.010555126027999795}. Best is trial 24 with value: -0.07778823080724441.
[32m[I 2024-01-25 13:54:40,646][39m Trial 47 finished with value: -0.11242529955020353 and parameters: {'n_estimators': 603, 'max_depth': 15, 'min_child_weight': 7.595882852693464, 'gamma': 1.3752738922594412, 'subsample': 0.635536150155477, 'colsample_bytree': 0.5376282177933097, 'learning_rate': 0.05253084780513126}. Best is trial 24 with value: -0.07778823080724441.
[32m[I 2024-01-25 13:54:41,108][39m Trial 48 finished with value: -0.08970023255581935 and parameters: {'n_estimators': 349, 'max_depth': 17, 'min_child_weight': 4.394705450828095, 'gamma': 0.44249564043616263, 'subsample': 0.5486618290532247, 'colsample_bytree': 0.6223705740372538, 'learning_rate': 0.04278819687034668}. Best is trial 24 with value: -0.07778823080724441.
[32m[I 2024-01-25 13:54:41,728][39m Trial 49 finished with value: -0.12163771208015313 and parameters: {'n_estimators': 665, 'max_depth': 25, 'min_child_weight': 9.792754503593466, 'gamma': 0.9845537890144789, 'subsample': 0.5773946890205359, 'colsample_bytree': 0.5009902842567721, 'learning_rate': 0.09803247993725903}. Best is trial 24 with value: -0.07778823080724441.
[32m[I 2024-01-25 13:54:42,282][39m Trial 50 finished with value: -0.15107813776904755 and parameters: {'n_estimators': 311, 'max_depth': 42, 'min_child_weight': 3.1777403316313246, 'gamma': 2.9319992338705543, 'subsample': 0.6108430945144577, 'colsample_bytree': 0.5452656623698328, 'learning_rate': 0.024720831066590187}. Best is trial 24 with value: -0.07778823080724441.
[32m[I 2024-01-25 13:54:42,873][39m Trial 51 finished with value: -0.07940340642403616 and parameters: {'n_estimators': 398, 'max_depth': 27, 'min_child_weight': 2.7105334701078148, 'gamma': 0.038429877609373775, 'subsample': 0.598089373991837, 'colsample_bytree': 0.6062656837547088, 'learning_rate': 0.06633246287752857}. Best is trial 24 with value: -0.07778823080724441.
[32m[I 2024-01-25 13:54:43,421][39m Trial 52 finished with value: -0.08448482340453911 and parameters: {'n_estimators': 392, 'max_depth': 31, 'min_child_weight': 2.3373380371779504, 'gamma': 0.2931639615162472, 'subsample': 0.5497608901450832, 'colsample_bytree': 0.6070754554938979, 'learning_rate': 0.0573586322774862}. Best is trial 24 with value: -0.07778823080724441.
[32m[I 2024-01-25 13:54:44,276][39m Trial 53 finished with value: -0.11122402431017211 and parameters: {'n_estimators': 526, 'max_depth': 22, 'min_child_weight': 2.956563821773972, 'gamma': 1.6044999186809044, 'subsample': 0.5897348446474218, 'colsample_bytree': 0.5748236208414816, 'learning_rate': 0.03821537983461094}. Best is trial 24 with value: -0.07778823080724441.
[32m[I 2024-01-25 13:54:44,875][39m Trial 54 finished with value: -0.0808812959876326 and parameters: {'n_estimators': 456, 'max_depth': 34, 'min_child_weight': 1.0006878861577366, 'gamma': 0.17783225758389118, 'subsample': 0.6157530194086887, 'colsample_bytree': 0.6336690773914546, 'learning_rate': 0.06560868263675168}. Best is trial 24 with value: -0.07778823080724441.
[32m[I 2024-01-25 13:54:45,343][39m Trial 55 finished with value: -0.10045832173758132 and parameters: {'n_estimators': 413, 'max_depth': 26, 'min_child_weight': 1.9483009787278767, 'gamma': 0.8579781480383397, 'subsample': 0.8399805415958536, 'colsample_bytree': 0.5232951279707344, 'learning_rate': 0.051612008085607036}. Best is trial 24 with value: -0.07778823080724441.
[32m[I 2024-01-25 13:54:46,339][39m Trial 56 finished with value: -0.07818998267351436 and parameters: {'n_estimators': 474, 'max_depth': 9, 'min_child_weight': 2.5918464839223216, 'gamma': 0.02115529824787433, 'subsample': 0.5279966927091806, 'colsample_bytree': 0.5924816694768335, 'learning_rate': 0.04669519549212493}. Best is trial 24 with value: -0.07778823080724441.
[32m[I 2024-01-25 13:54:46,965][39m Trial 57 finished with value: -0.10636391277490069 and parameters: {'n_estimators': 465, 'max_depth': 1, 'min_child_weight': 2.513524457242913, 'gamma': 0.7431128708599276, 'subsample': 0.5004998086043115, 'colsample_bytree': 0.6578206758893113, 'learning_rate': 0.07765030536673291}. Best is trial 24 with value: -0.07778823080724441.
[32m[I 2024-01-25 13:54:47,474][39m Trial 58 finished with value: -0.12973614407045891 and parameters: {'n_estimators': 377, 'max_depth': 10, 'min_child_weight': 1.5516857411114091, 'gamma': 2.278796384822363, 'subsample': 0.5298241357773039, 'colsample_bytree': 0.586179760354234, 'learning_rate': 0.06120387664380957}. Best is trial 24 with value: -0.07778823080724441.
[32m[I 2024-01-25 13:54:48,082][39m Trial 59 finished with value: -0.1508366654422863 and parameters: {'n_estimators': 482, 'max_depth': 7, 'min_child_weight': 7.043686117260942, 'gamma': 1.3347689874279802, 'subsample': 0.5584100108568137, 'colsample_bytree': 0.6927462780046248, 'learning_rate': 0.09026837964825626}. Best is trial 24 with value: -0.07778823080724441.
[32m[I 2024-01-25 13:54:49,042][39m Trial 60 finished with value: -0.07917287961259492 and parameters: {'n_estimators': 421, 'max_depth': 27, 'min_child_weight': 2.741820119058128, 'gamma': 0.013223792126324846, 'subsample': 0.5154536932143504, 'colsample_bytree': 0.6280320945142308, 'learning_rate': 0.03188854460272024}. Best is trial 24 with value: -0.07778823080724441.
[32m[I 2024-01-25 13:54:49,917][39m Trial 61 finished with value: -0.08640736230530473 and parameters: {'n_estimators': 424, 'max_depth': 27, 'min_child_weight': 2.852510724352905, 'gamma': 0.2540692024230039, 'subsample': 0.5173274046648807, 'colsample_bytree': 0.6317373727671604, 'learning_rate': 0.03212309770171523}. Best is trial 24 with value: -0.07778823080724441.
[32m[I 2024-01-25 13:54:50,780][39m Trial 62 finished with value: -0.10355651284692016 and parameters: {'n_estimators': 508, 'max_depth': 21, 'min_child_weight': 2.0777515277536565, 'gamma': 0.3902608829596048, 'subsample': 0.5762449644779271, 'colsample_bytree': 0.6061761017031916, 'learning_rate': 0.016004663839454602}. Best is trial 24 with value: -0.07778823080724441.
