{"StandardScaler": "type", "WANDB_AUTH_KEY": "NoneType", "XGBRegressor": "type", "X_test": "DataFrame", "X_test_scaled": "ndarray", "X_train": "DataFrame", "X_train_scaled": "ndarray", "ax": "Axes3DSubplot", "cross_val_score": "function", "data": "DataFrame", "determine_extrapolation_strength": "function", "extrapolation_1_df": "DataFrame", "extrapolation_2_df": "DataFrame", "fig": "Figure", "get_ipython": "function", "identify_extrapolating_variables": "function", "load_dotenv": "function", "mean_absolute_error": "function", "mean_squared_error": "function", "np": "module", "optuna": "module", "os": "module", "pd": "module", "plt": "module", "r2_score": "function", "scaler_X": "StandardScaler", "scaler_y": "StandardScaler", "test_df": "DataFrame", "train_df": "DataFrame", "train_range": "dict", "unique_extrapolating_vars_1": "Series", "unique_extrapolating_vars_2": "Series", "wandb": "module", "y_test": "Series", "y_test_scaled": "ndarray", "y_train": "Series", "y_train_scaled": "ndarray"}
{"StandardScaler": "type", "WANDB_AUTH_KEY": "NoneType", "XGBRegressor": "type", "X_test": "DataFrame", "X_test_scaled": "ndarray", "X_train": "DataFrame", "X_train_scaled": "ndarray", "ax": "Axes3DSubplot", "cross_val_score": "function", "data": "DataFrame", "determine_extrapolation_strength": "function", "extrapolation_1_df": "DataFrame", "extrapolation_2_df": "DataFrame", "fig": "Figure", "get_ipython": "function", "identify_extrapolating_variables": "function", "load_dotenv": "function", "mean_absolute_error": "function", "mean_squared_error": "function", "np": "module", "optuna": "module", "os": "module", "pd": "module", "plt": "module", "r2_score": "function", "scaler_X": "StandardScaler", "scaler_y": "StandardScaler", "test_df": "DataFrame", "train_df": "DataFrame", "train_range": "dict", "unique_extrapolating_vars_1": "Series", "unique_extrapolating_vars_2": "Series", "wandb": "module", "y_test": "Series", "y_test_scaled": "ndarray", "y_train": "Series", "y_train_scaled": "ndarray"}
{"StandardScaler": "type", "WANDB_AUTH_KEY": "NoneType", "XGBRegressor": "type", "X_test": "DataFrame", "X_test_scaled": "ndarray", "X_train": "DataFrame", "X_train_scaled": "ndarray", "ax": "Axes3DSubplot", "cross_val_score": "function", "data": "DataFrame", "determine_extrapolation_strength": "function", "extrapolation_1_df": "DataFrame", "extrapolation_2_df": "DataFrame", "fig": "Figure", "get_ipython": "function", "identify_extrapolating_variables": "function", "load_dotenv": "function", "mean_absolute_error": "function", "mean_squared_error": "function", "np": "module", "objective": "function", "optuna": "module", "os": "module", "pd": "module", "plt": "module", "r2_score": "function", "scaler_X": "StandardScaler", "scaler_y": "StandardScaler", "test_df": "DataFrame", "train_df": "DataFrame", "train_range": "dict", "unique_extrapolating_vars_1": "Series", "unique_extrapolating_vars_2": "Series", "wandb": "module", "y_test": "Series", "y_test_scaled": "ndarray", "y_train": "Series", "y_train_scaled": "ndarray"}
{"StandardScaler": "type", "WANDB_AUTH_KEY": "NoneType", "XGBRegressor": "type", "X_test": "DataFrame", "X_test_scaled": "ndarray", "X_train": "DataFrame", "X_train_scaled": "ndarray", "ax": "Axes3DSubplot", "cross_val_score": "function", "data": "DataFrame", "determine_extrapolation_strength": "function", "extrapolation_1_df": "DataFrame", "extrapolation_2_df": "DataFrame", "fig": "Figure", "get_ipython": "function", "identify_extrapolating_variables": "function", "load_dotenv": "function", "mean_absolute_error": "function", "mean_squared_error": "function", "np": "module", "objective": "function", "optuna": "module", "os": "module", "pd": "module", "plt": "module", "r2_score": "function", "scaler_X": "StandardScaler", "scaler_y": "StandardScaler", "test_df": "DataFrame", "train_df": "DataFrame", "train_range": "dict", "unique_extrapolating_vars_1": "Series", "unique_extrapolating_vars_2": "Series", "wandb": "module", "y_test": "Series", "y_test_scaled": "ndarray", "y_train": "Series", "y_train_scaled": "ndarray"}
{"StandardScaler": "type", "WANDB_AUTH_KEY": "NoneType", "XGBRegressor": "type", "X_test": "DataFrame", "X_test_scaled": "ndarray", "X_train": "DataFrame", "X_train_scaled": "ndarray", "ax": "Axes3DSubplot", "cross_val_score": "function", "data": "DataFrame", "determine_extrapolation_strength": "function", "extrapolation_1_df": "DataFrame", "extrapolation_2_df": "DataFrame", "fig": "Figure", "get_ipython": "function", "identify_extrapolating_variables": "function", "load_dotenv": "function", "mean_absolute_error": "function", "mean_squared_error": "function", "np": "module", "objective": "function", "optuna": "module", "os": "module", "pd": "module", "plt": "module", "r2_score": "function", "scaler_X": "StandardScaler", "scaler_y": "StandardScaler", "test_df": "DataFrame", "train_df": "DataFrame", "train_range": "dict", "unique_extrapolating_vars_1": "Series", "unique_extrapolating_vars_2": "Series", "wandb": "module", "y_test": "Series", "y_test_scaled": "ndarray", "y_train": "Series", "y_train_scaled": "ndarray"}
{"StandardScaler": "type", "WANDB_AUTH_KEY": "NoneType", "XGBRegressor": "type", "X_test": "DataFrame", "X_test_scaled": "ndarray", "X_train": "DataFrame", "X_train_scaled": "ndarray", "ax": "Axes3DSubplot", "cross_val_score": "function", "data": "DataFrame", "determine_extrapolation_strength": "function", "extrapolation_1_df": "DataFrame", "extrapolation_2_df": "DataFrame", "fig": "Figure", "get_ipython": "function", "identify_extrapolating_variables": "function", "load_dotenv": "function", "mean_absolute_error": "function", "mean_squared_error": "function", "np": "module", "objective": "function", "optuna": "module", "os": "module", "pd": "module", "plt": "module", "r2_score": "function", "scaler_X": "StandardScaler", "scaler_y": "StandardScaler", "test_df": "DataFrame", "train_df": "DataFrame", "train_range": "dict", "unique_extrapolating_vars_1": "Series", "unique_extrapolating_vars_2": "Series", "wandb": "module", "y_test": "Series", "y_test_scaled": "ndarray", "y_train": "Series", "y_train_scaled": "ndarray"}
{"StandardScaler": "type", "WANDB_AUTH_KEY": "NoneType", "XGBRegressor": "type", "X_test": "DataFrame", "X_test_scaled": "ndarray", "X_train": "DataFrame", "X_train_scaled": "ndarray", "ax": "Axes3DSubplot", "cross_val_score": "function", "data": "DataFrame", "determine_extrapolation_strength": "function", "extrapolation_1_df": "DataFrame", "extrapolation_2_df": "DataFrame", "fig": "Figure", "get_ipython": "function", "identify_extrapolating_variables": "function", "load_dotenv": "function", "mean_absolute_error": "function", "mean_squared_error": "function", "np": "module", "objective": "function", "optuna": "module", "os": "module", "pd": "module", "plt": "module", "r2_score": "function", "scaler_X": "StandardScaler", "scaler_y": "StandardScaler", "test_df": "DataFrame", "train_df": "DataFrame", "train_range": "dict", "unique_extrapolating_vars_1": "Series", "unique_extrapolating_vars_2": "Series", "wandb": "module", "y_test": "Series", "y_test_scaled": "ndarray", "y_train": "Series", "y_train_scaled": "ndarray"}
{"StandardScaler": "type", "WANDB_AUTH_KEY": "NoneType", "XGBRegressor": "type", "X_test": "DataFrame", "X_test_scaled": "ndarray", "X_train": "DataFrame", "X_train_scaled": "ndarray", "ax": "Axes3DSubplot", "cross_val_score": "function", "data": "DataFrame", "determine_extrapolation_strength": "function", "extrapolation_1_df": "DataFrame", "extrapolation_2_df": "DataFrame", "fig": "Figure", "get_ipython": "function", "identify_extrapolating_variables": "function", "load_dotenv": "function", "mean_absolute_error": "function", "mean_squared_error": "function", "np": "module", "objective": "function", "optuna": "module", "os": "module", "pd": "module", "plt": "module", "r2_score": "function", "scaler_X": "StandardScaler", "scaler_y": "StandardScaler", "test_df": "DataFrame", "train_df": "DataFrame", "train_range": "dict", "unique_extrapolating_vars_1": "Series", "unique_extrapolating_vars_2": "Series", "wandb": "module", "y_test": "Series", "y_test_scaled": "ndarray", "y_train": "Series", "y_train_scaled": "ndarray"}
[I 2024-01-25 13:33:43,025] A new study created in memory with name: no-name-4998511f-4f99-47c5-9ca7-6ce3f2466ff1
[I 2024-01-25 13:33:43,631] Trial 0 finished with value: -0.15030405897454927 and parameters: {'n_estimators': 232, 'max_depth': 50, 'min_child_weight': 7.151312655121679, 'gamma': 1.5057510371568317, 'subsample': 0.7313425479548225, 'colsample_bytree': 0.9363167064554352, 'learning_rate': 0.0664713875534407}. Best is trial 0 with value: -0.15030405897454927.
[I 2024-01-25 13:33:43,986] Trial 1 finished with value: -0.25586299599883383 and parameters: {'n_estimators': 284, 'max_depth': 19, 'min_child_weight': 3.3669139014249425, 'gamma': 9.606596547348403, 'subsample': 0.7431228124564249, 'colsample_bytree': 0.6083460540704073, 'learning_rate': 0.03916168818782823}. Best is trial 0 with value: -0.15030405897454927.
[I 2024-01-25 13:33:45,172] Trial 2 finished with value: -0.17904809912325598 and parameters: {'n_estimators': 939, 'max_depth': 12, 'min_child_weight': 8.71864405680023, 'gamma': 2.6841820405975647, 'subsample': 0.6448189510878972, 'colsample_bytree': 0.7022871639110129, 'learning_rate': 0.0104167906199241}. Best is trial 0 with value: -0.15030405897454927.
[I 2024-01-25 13:33:46,082] Trial 3 finished with value: -0.2566958005110371 and parameters: {'n_estimators': 780, 'max_depth': 41, 'min_child_weight': 7.658404428499085, 'gamma': 8.885591371202182, 'subsample': 0.9261800306184361, 'colsample_bytree': 0.7682810741913054, 'learning_rate': 0.056038018753534875}. Best is trial 0 with value: -0.15030405897454927.
[I 2024-01-25 13:33:47,633] Trial 4 finished with value: -0.2691244734070445 and parameters: {'n_estimators': 964, 'max_depth': 39, 'min_child_weight': 3.756875181005471, 'gamma': 8.142015268410947, 'subsample': 0.8508546982029863, 'colsample_bytree': 0.9894673141337917, 'learning_rate': 0.003638688796836575}. Best is trial 0 with value: -0.15030405897454927.
[I 2024-01-25 13:33:48,213] Trial 5 finished with value: -0.14780094934633392 and parameters: {'n_estimators': 637, 'max_depth': 12, 'min_child_weight': 2.003358276116061, 'gamma': 2.189648358747224, 'subsample': 0.7289340249519111, 'colsample_bytree': 0.8886165604670346, 'learning_rate': 0.029852787115412106}. Best is trial 5 with value: -0.14780094934633392.
[I 2024-01-25 13:33:49,472] Trial 6 finished with value: -0.23722182935819952 and parameters: {'n_estimators': 714, 'max_depth': 45, 'min_child_weight': 1.5567312259363395, 'gamma': 8.602059893661117, 'subsample': 0.7366492832458503, 'colsample_bytree': 0.6151498401388587, 'learning_rate': 0.049201554862376755}. Best is trial 5 with value: -0.14780094934633392.
[I 2024-01-25 13:33:50,314] Trial 7 finished with value: -0.13642401759464698 and parameters: {'n_estimators': 972, 'max_depth': 25, 'min_child_weight': 7.723910411531678, 'gamma': 2.4626254853293785, 'subsample': 0.6786822934877867, 'colsample_bytree': 0.6163137807325995, 'learning_rate': 0.036088732725943075}. Best is trial 7 with value: -0.13642401759464698.
[I 2024-01-25 13:33:51,058] Trial 8 finished with value: -0.24177088114344647 and parameters: {'n_estimators': 658, 'max_depth': 48, 'min_child_weight': 2.036268212072693, 'gamma': 7.093706089651843, 'subsample': 0.8662338017710367, 'colsample_bytree': 0.6888107563305137, 'learning_rate': 0.00973604390247321}. Best is trial 7 with value: -0.13642401759464698.
[I 2024-01-25 13:33:51,757] Trial 9 finished with value: -0.1178432174293333 and parameters: {'n_estimators': 210, 'max_depth': 7, 'min_child_weight': 1.518710131808437, 'gamma': 0.8047084678902383, 'subsample': 0.9620279435072251, 'colsample_bytree': 0.8332644287490918, 'learning_rate': 0.09626029446025218}. Best is trial 9 with value: -0.1178432174293333.
[I 2024-01-25 13:33:51,925] Trial 10 finished with value: -0.7679653318987023 and parameters: {'n_estimators': 22, 'max_depth': 1, 'min_child_weight': 5.168933152193753, 'gamma': 4.663032620860231, 'subsample': 0.5010683866043197, 'colsample_bytree': 0.8284737491105999, 'learning_rate': 0.09935261664942656}. Best is trial 9 with value: -0.1178432174293333.
[I 2024-01-25 13:33:53,607] Trial 11 finished with value: -0.10774528701928061 and parameters: {'n_estimators': 370, 'max_depth': 30, 'min_child_weight': 9.557268251614266, 'gamma': 0.2212549555113199, 'subsample': 0.6166577817567231, 'colsample_bytree': 0.5249429087809772, 'learning_rate': 0.08584006863388009}. Best is trial 11 with value: -0.10774528701928061.
[I 2024-01-25 13:33:55,420] Trial 12 finished with value: -0.10203677831825382 and parameters: {'n_estimators': 403, 'max_depth': 34, 'min_child_weight': 5.437485718599446, 'gamma': 0.05515641972525298, 'subsample': 0.5682338937974324, 'colsample_bytree': 0.8168768588518683, 'learning_rate': 0.09931738382180441}. Best is trial 12 with value: -0.10203677831825382.
[I 2024-01-25 13:33:58,085] Trial 13 finished with value: -0.11232701231425579 and parameters: {'n_estimators': 431, 'max_depth': 33, 'min_child_weight': 9.825976932640277, 'gamma': 0.07076022337499935, 'subsample': 0.5757408750760944, 'colsample_bytree': 0.5172994862183955, 'learning_rate': 0.07975260190155205}. Best is trial 12 with value: -0.10203677831825382.
[I 2024-01-25 13:33:59,854] Trial 14 finished with value: -0.16372594570408933 and parameters: {'n_estimators': 420, 'max_depth': 28, 'min_child_weight': 5.89237604109185, 'gamma': 4.601548854327794, 'subsample': 0.5762390197156726, 'colsample_bytree': 0.5099451120997057, 'learning_rate': 0.07873870333958362}. Best is trial 12 with value: -0.10203677831825382.
[I 2024-01-25 13:34:02,008] Trial 15 finished with value: -0.14938026031798426 and parameters: {'n_estimators': 525, 'max_depth': 32, 'min_child_weight': 5.803175598876141, 'gamma': 3.353272150719928, 'subsample': 0.5158494558364124, 'colsample_bytree': 0.7710308617849342, 'learning_rate': 0.08245904618275236}. Best is trial 12 with value: -0.10203677831825382.
[I 2024-01-25 13:34:02,648] Trial 16 finished with value: -0.22855572326078416 and parameters: {'n_estimators': 82, 'max_depth': 23, 'min_child_weight': 4.500659089130718, 'gamma': 6.149769377030763, 'subsample': 0.6118335653304939, 'colsample_bytree': 0.8392317828233611, 'learning_rate': 0.08713994362230486}. Best is trial 12 with value: -0.10203677831825382.
[I 2024-01-25 13:34:04,848] Trial 17 finished with value: -0.10621590120826921 and parameters: {'n_estimators': 353, 'max_depth': 36, 'min_child_weight': 6.489081482774578, 'gamma': 0.11634957914642306, 'subsample': 0.5582239627692573, 'colsample_bytree': 0.6802648663064945, 'learning_rate': 0.0679137369642537}. Best is trial 12 with value: -0.10203677831825382.
[I 2024-01-25 13:34:07,223] Trial 18 finished with value: -0.14282212375623468 and parameters: {'n_estimators': 501, 'max_depth': 36, 'min_child_weight': 6.618172283980385, 'gamma': 1.0767053030223115, 'subsample': 0.5549952319412784, 'colsample_bytree': 0.7021854503783522, 'learning_rate': 0.06700556891445668}. Best is trial 12 with value: -0.10203677831825382.
[I 2024-01-25 13:34:08,120] Trial 19 finished with value: -0.14930480109865135 and parameters: {'n_estimators': 124, 'max_depth': 41, 'min_child_weight': 4.69459047969793, 'gamma': 3.502888709638351, 'subsample': 0.8143818669748758, 'colsample_bytree': 0.6596175501865256, 'learning_rate': 0.06391296765016292}. Best is trial 12 with value: -0.10203677831825382.
[I 2024-01-25 13:34:10,293] Trial 20 finished with value: -0.1991603384259663 and parameters: {'n_estimators': 549, 'max_depth': 19, 'min_child_weight': 6.430627889535151, 'gamma': 5.7601492707928745, 'subsample': 0.6772445199988213, 'colsample_bytree': 0.7441796103342051, 'learning_rate': 0.07251129476454798}. Best is trial 12 with value: -0.10203677831825382.
[I 2024-01-25 13:34:12,821] Trial 21 finished with value: -0.09958457165886506 and parameters: {'n_estimators': 333, 'max_depth': 31, 'min_child_weight': 9.750379676034026, 'gamma': 0.03437934624418932, 'subsample': 0.6269265783909463, 'colsample_bytree': 0.555766122788821, 'learning_rate': 0.09164129224403318}. Best is trial 21 with value: -0.09958457165886506.
[I 2024-01-25 13:34:14,391] Trial 22 finished with value: -0.1406896046413529 and parameters: {'n_estimators': 347, 'max_depth': 36, 'min_child_weight': 8.984499747890833, 'gamma': 1.6253045356943385, 'subsample': 0.5428584745105082, 'colsample_bytree': 0.5772947289269628, 'learning_rate': 0.09147747801414309}. Best is trial 21 with value: -0.09958457165886506.
[I 2024-01-25 13:34:16,263] Trial 23 finished with value: -0.08815884873939961 and parameters: {'n_estimators': 293, 'max_depth': 35, 'min_child_weight': 8.246985079551138, 'gamma': 0.11526845279041725, 'subsample': 0.6230387540668759, 'colsample_bytree': 0.5618525813501339, 'learning_rate': 0.09360335930231584}. Best is trial 23 with value: -0.08815884873939961.
[I 2024-01-25 13:34:17,362] Trial 24 finished with value: -0.11260615234890961 and parameters: {'n_estimators': 185, 'max_depth': 27, 'min_child_weight': 8.24894416231973, 'gamma': 0.9947999610589526, 'subsample': 0.6644902176569496, 'colsample_bytree': 0.5661406199174556, 'learning_rate': 0.09966876801446051}. Best is trial 23 with value: -0.08815884873939961.
[I 2024-01-25 13:34:18,725] Trial 25 finished with value: -0.18804080215689173 and parameters: {'n_estimators': 286, 'max_depth': 23, 'min_child_weight': 9.132158201925805, 'gamma': 3.212832158308861, 'subsample': 0.6137700088404244, 'colsample_bytree': 0.549896281794588, 'learning_rate': 0.09059856178732945}. Best is trial 23 with value: -0.08815884873939961.
[I 2024-01-25 13:34:20,697] Trial 26 finished with value: -0.13231348586773178 and parameters: {'n_estimators': 468, 'max_depth': 44, 'min_child_weight': 9.93135161400734, 'gamma': 1.8426150398128307, 'subsample': 0.7847980602651167, 'colsample_bytree': 0.6452829333468979, 'learning_rate': 0.0765615067746023}. Best is trial 23 with value: -0.08815884873939961.
